Log file open, 11/24/20 17:32:36
LogInit: Display: Running engine for game: Twinstickshooter
LogPlatformFile: Not using cached read wrapper
LogTaskGraph: Started task graph with 5 named threads and 35 total threads with 3 sets of task threads.
LogStats: Stats thread started at 0.279840
LogD3D11RHI: Loaded GFSDK_Aftermath_Lib.x64.dll
LogICUInternationalization: ICU TimeZone Detection - Raw Offset: -5:00, Platform Override: ''
LogPluginManager: Mounting plugin Paper2D
LogPluginManager: Mounting plugin AISupport
LogPluginManager: Mounting plugin LightPropagationVolume
LogPluginManager: Mounting plugin CameraShakePreviewer
LogPluginManager: Mounting plugin ActorLayerUtilities
LogPluginManager: Mounting plugin AnimationSharing
LogPluginManager: Mounting plugin CLionSourceCodeAccess
LogPluginManager: Mounting plugin CodeLiteSourceCodeAccess
LogPluginManager: Mounting plugin GitSourceControl
LogPluginManager: Mounting plugin KDevelopSourceCodeAccess
LogPluginManager: Mounting plugin NullSourceCodeAccess
LogPluginManager: Mounting plugin PerforceSourceControl
LogPluginManager: Mounting plugin PlasticSourceControl
LogPluginManager: Mounting plugin RiderSourceCodeAccess
LogPluginManager: Mounting plugin SubversionSourceControl
LogPluginManager: Mounting plugin UObjectPlugin
LogPluginManager: Mounting plugin VisualStudioCodeSourceCodeAccess
LogPluginManager: Mounting plugin VisualStudioSourceCodeAccess
LogPluginManager: Mounting plugin XCodeSourceCodeAccess
LogPluginManager: Mounting plugin AssetManagerEditor
LogPluginManager: Mounting plugin CryptoKeys
LogPluginManager: Mounting plugin CurveEditorTools
LogPluginManager: Mounting plugin DataValidation
LogPluginManager: Mounting plugin EditorScriptingUtilities
LogPluginManager: Mounting plugin FacialAnimation
LogPluginManager: Mounting plugin GameplayTagsEditor
LogPluginManager: Mounting plugin GeometryMode
LogPluginManager: Mounting plugin MacGraphicsSwitching
LogPluginManager: Mounting plugin MaterialAnalyzer
LogPluginManager: Mounting plugin MobileLauncherProfileWizard
LogPluginManager: Mounting plugin PluginBrowser
LogPluginManager: Mounting plugin SpeedTreeImporter
LogPluginManager: Mounting plugin DatasmithContent
LogPluginManager: Mounting plugin VariantManagerContent
LogPluginManager: Mounting plugin AlembicImporter
LogPluginManager: Mounting plugin AutomationUtils
LogPluginManager: Mounting plugin BackChannel
LogPluginManager: Mounting plugin ChaosCloth
LogPluginManager: Mounting plugin ChaosClothEditor
LogPluginManager: Mounting plugin ChaosEditor
LogPluginManager: Mounting plugin ChaosNiagara
LogPluginManager: Mounting plugin ChaosSolverPlugin
LogPluginManager: Mounting plugin CharacterAI
LogPluginManager: Mounting plugin GeometryCache
LogPluginManager: Mounting plugin GeometryCollectionPlugin
LogPluginManager: Mounting plugin GeometryProcessing
LogPluginManager: Mounting plugin PlanarCut
LogPluginManager: Mounting plugin PlatformCrypto
LogPluginManager: Mounting plugin ProxyLODPlugin
LogPluginManager: Mounting plugin SkeletalReduction
LogPluginManager: Mounting plugin Niagara
LogPluginManager: Mounting plugin MagicLeap
LogPluginManager: Mounting plugin MagicLeapLightEstimation
LogPluginManager: Mounting plugin MagicLeapMedia
LogPluginManager: Mounting plugin MagicLeapPassableWorld
LogPluginManager: Mounting plugin MLSDK
LogPluginManager: Mounting plugin AndroidMedia
LogPluginManager: Mounting plugin AvfMedia
LogPluginManager: Mounting plugin ImgMedia
LogPluginManager: Mounting plugin MediaCompositing
LogPluginManager: Mounting plugin MediaPlayerEditor
LogPluginManager: Mounting plugin WebMMedia
LogPluginManager: Mounting plugin WmfMedia
LogPluginManager: Mounting plugin MeshPainting
LogPluginManager: Mounting plugin TcpMessaging
LogPluginManager: Mounting plugin UdpMessaging
LogPluginManager: Mounting plugin ActorSequence
LogPluginManager: Mounting plugin LevelSequenceEditor
LogPluginManager: Mounting plugin MatineeToLevelSequence
LogPluginManager: Mounting plugin MovieRenderPipeline
LogPluginManager: Mounting plugin TemplateSequence
LogPluginManager: Mounting plugin NetcodeUnitTest
LogPluginManager: Mounting plugin NUTUnrealEngine4
LogPluginManager: Mounting plugin OnlineSubsystemGooglePlay
LogPluginManager: Mounting plugin OnlineSubsystemIOS
LogPluginManager: Mounting plugin OnlineSubsystem
LogPluginManager: Mounting plugin OnlineSubsystemNull
LogPluginManager: Mounting plugin OnlineSubsystemUtils
LogPluginManager: Mounting plugin LauncherChunkInstaller
LogPluginManager: Mounting plugin AndroidDeviceProfileSelector
LogPluginManager: Mounting plugin AndroidMoviePlayer
LogPluginManager: Mounting plugin AndroidPermission
LogPluginManager: Mounting plugin AppleImageUtils
LogPluginManager: Mounting plugin AppleMoviePlayer
LogPluginManager: Mounting plugin ArchVisCharacter
LogPluginManager: Mounting plugin AssetTags
LogPluginManager: Mounting plugin AudioCapture
LogPluginManager: Mounting plugin CableComponent
LogPluginManager: Mounting plugin CustomMeshComponent
LogPluginManager: Mounting plugin EditableMesh
LogPluginManager: Mounting plugin ExampleDeviceProfileSelector
LogPluginManager: Mounting plugin GoogleCloudMessaging
LogPluginManager: Mounting plugin GooglePAD
LogPluginManager: Mounting plugin IOSDeviceProfileSelector
LogPluginManager: Mounting plugin LinuxDeviceProfileSelector
LogPluginManager: Mounting plugin LocationServicesBPLibrary
LogPluginManager: Mounting plugin MobilePatchingUtils
LogPluginManager: Mounting plugin OculusVR
LogPluginManager: Mounting plugin PhysXVehicles
LogPluginManager: Mounting plugin PostSplashScreen
LogPluginManager: Mounting plugin ProceduralMeshComponent
LogPluginManager: Mounting plugin RuntimePhysXCooking
LogPluginManager: Mounting plugin SignificanceManager
LogPluginManager: Mounting plugin SoundFields
LogPluginManager: Mounting plugin SteamVR
LogPluginManager: Mounting plugin Synthesis
LogPluginManager: Mounting plugin WebMMoviePlayer
LogPluginManager: Mounting plugin WindowsMoviePlayer
LogPluginManager: Mounting plugin ScreenshotTools
LogInit: Using libcurl 7.55.1-DEV
LogInit:  - built for x86_64-pc-win32
LogInit:  - supports SSL with OpenSSL/1.1.1
LogInit:  - supports HTTP deflate (compression) using libz 1.2.8
LogInit:  - other features:
LogInit:      CURL_VERSION_SSL
LogInit:      CURL_VERSION_LIBZ
LogInit:      CURL_VERSION_IPV6
LogInit:      CURL_VERSION_ASYNCHDNS
LogInit:      CURL_VERSION_LARGEFILE
LogInit:      CURL_VERSION_IDN
LogInit:  CurlRequestOptions (configurable via config and command line):
LogInit:  - bVerifyPeer = true  - Libcurl will verify peer certificate
LogInit:  - bUseHttpProxy = false  - Libcurl will NOT use HTTP proxy
LogInit:  - bDontReuseConnections = false  - Libcurl will reuse connections
LogInit:  - MaxHostConnections = 16  - Libcurl will limit the number of connections to a host
LogInit:  - LocalHostAddr = Default
LogInit:  - BufferSize = 65536
LogOnline: OSS: Creating online subsystem instance for: NULL
LogInit: WinSock: version 1.1 (2.2), MaxSocks=32767, MaxUdp=65467
LogOnline: OSS: TryLoadSubsystemAndSetDefault: Loaded subsystem for module [NULL]
LogInit: Build: ++UE4+Release-4.25-CL-13942748
LogInit: Engine Version: 4.25.3-13942748+++UE4+Release-4.25
LogInit: Compatible Engine Version: 4.25.0-13144385+++UE4+Release-4.25
LogInit: Net CL: 13144385
LogInit: OS: Windows 10 (Release 1909) (), CPU: Intel(R) Core(TM) i7-8700K CPU @ 3.70GHz, GPU: NVIDIA GeForce GTX 1070
LogInit: Compiled (64-bit): Jul 25 2020 02:07:48
LogInit: Compiled with Visual C++: 19.24.28315.00
LogInit: Build Configuration: Development
LogInit: Branch Name: ++UE4+Release-4.25
LogInit: Command Line: 
LogInit: Base Directory: D:/UE_4.25/Engine/Binaries/Win64/
LogInit: Allocator: TBB
LogInit: Installed Engine Build: 1
LogDevObjectVersion: Number of dev versions registered: 26
LogDevObjectVersion:   Dev-Blueprints (B0D832E4-1F89-4F0D-ACCF-7EB736FD4AA2): 10
LogDevObjectVersion:   Dev-Build (E1C64328-A22C-4D53-A36C-8E866417BD8C): 0
LogDevObjectVersion:   Dev-Core (375EC13C-06E4-48FB-B500-84F0262A717E): 4
LogDevObjectVersion:   Dev-Editor (E4B068ED-F494-42E9-A231-DA0B2E46BB41): 38
LogDevObjectVersion:   Dev-Framework (CFFC743F-43B0-4480-9391-14DF171D2073): 37
LogDevObjectVersion:   Dev-Mobile (B02B49B5-BB20-44E9-A304-32B752E40360): 2
LogDevObjectVersion:   Dev-Networking (A4E4105C-59A1-49B5-A7C5-40C4547EDFEE): 0
LogDevObjectVersion:   Dev-Online (39C831C9-5AE6-47DC-9A44-9C173E1C8E7C): 0
LogDevObjectVersion:   Dev-Physics (78F01B33-EBEA-4F98-B9B4-84EACCB95AA2): 4
LogDevObjectVersion:   Dev-Platform (6631380F-2D4D-43E0-8009-CF276956A95A): 0
LogDevObjectVersion:   Dev-Rendering (12F88B9F-8875-4AFC-A67C-D90C383ABD29): 43
LogDevObjectVersion:   Dev-Sequencer (7B5AE74C-D270-4C10-A958-57980B212A5A): 12
LogDevObjectVersion:   Dev-VR (D7296918-1DD6-4BDD-9DE2-64A83CC13884): 3
LogDevObjectVersion:   Dev-LoadTimes (C2A15278-BFE7-4AFE-6C17-90FF531DF755): 1
LogDevObjectVersion:   Private-Geometry (6EACA3D4-40EC-4CC1-B786-8BED09428FC5): 3
LogDevObjectVersion:   Dev-AnimPhys (29E575DD-E0A3-4627-9D10-D276232CDCEA): 17
LogDevObjectVersion:   Dev-Anim (AF43A65D-7FD3-4947-9873-3E8ED9C1BB05): 7
LogDevObjectVersion:   Dev-ReflectionCapture (6B266CEC-1EC7-4B8F-A30B-E4D90942FC07): 1
LogDevObjectVersion:   Dev-Automation (0DF73D61-A23F-47EA-B727-89E90C41499A): 1
LogDevObjectVersion:   FortniteMain (601D1886-AC64-4F84-AA16-D3DE0DEAC7D6): 31
LogDevObjectVersion:   Dev-Enterprise (9DFFBCD6-494F-0158-E221-12823C92A888): 10
LogDevObjectVersion:   Dev-Niagara (F2AED0AC-9AFE-416F-8664-AA7FFA26D6FC): 1
LogDevObjectVersion:   Dev-Destruction (174F1F0B-B4C6-45A5-B13F-2EE8D0FB917D): 10
LogDevObjectVersion:   Dev-Physics-Ext (35F94A83-E258-406C-A318-09F59610247C): 37
LogDevObjectVersion:   Dev-PhysicsMaterial-Chaos (B68FC16E-8B1B-42E2-B453-215C058844FE): 1
LogDevObjectVersion:   Dev-CineCamera (B2E18506-4273-CFC2-A54E-F4BB758BBA07): 1
LogInit: Presizing for max 25165824 objects, including 0 objects not considered by GC, pre-allocating 0 bytes for permanent pool.
LogConfig: Applying CVar settings from Section [/Script/Engine.StreamingSettings] File [D:/TwinStickGroupRepoZack/Twinstickshooter/Saved/Config/Windows/Engine.ini]
LogConfig: Setting CVar [[s.MinBulkDataSizeForAsyncLoading:131072]]
LogConfig: Setting CVar [[s.AsyncLoadingThreadEnabled:0]]
LogConfig: Setting CVar [[s.EventDrivenLoaderEnabled:1]]
LogConfig: Setting CVar [[s.WarnIfTimeLimitExceeded:0]]
LogConfig: Setting CVar [[s.TimeLimitExceededMultiplier:1.5]]
LogConfig: Setting CVar [[s.TimeLimitExceededMinTime:0.005]]
LogConfig: Setting CVar [[s.UseBackgroundLevelStreaming:1]]
LogConfig: Setting CVar [[s.PriorityAsyncLoadingExtraTime:15.0]]
LogConfig: Setting CVar [[s.LevelStreamingActorsUpdateTimeLimit:5.0]]
LogConfig: Setting CVar [[s.PriorityLevelStreamingActorsUpdateExtraTime:5.0]]
LogConfig: Setting CVar [[s.LevelStreamingComponentsRegistrationGranularity:10]]
LogConfig: Setting CVar [[s.UnregisterComponentsTimeLimit:1.0]]
LogConfig: Setting CVar [[s.LevelStreamingComponentsUnregistrationGranularity:5]]
LogConfig: Setting CVar [[s.FlushStreamingOnExit:1]]
LogInit: Object subsystem initialized
LogConfig: Setting CVar [[con.DebugEarlyDefault:1]]
LogConfig: Setting CVar [[r.setres:1280x720]]
[2020.11.24-22.32.36:704][  0]LogConfig: Setting CVar [[r.VSync:0]]
[2020.11.24-22.32.36:704][  0]LogConfig: Setting CVar [[r.RHICmdBypass:0]]
[2020.11.24-22.32.36:704][  0]LogConfig: Applying CVar settings from Section [/Script/Engine.RendererSettings] File [D:/TwinStickGroupRepoZack/Twinstickshooter/Saved/Config/Windows/Engine.ini]
[2020.11.24-22.32.36:704][  0]LogConfig: Setting CVar [[r.GPUCrashDebugging:0]]
[2020.11.24-22.32.36:704][  0]LogConfig: Applying CVar settings from Section [/Script/Engine.RendererOverrideSettings] File [D:/TwinStickGroupRepoZack/Twinstickshooter/Saved/Config/Windows/Engine.ini]
[2020.11.24-22.32.36:704][  0]LogConfig: Applying CVar settings from Section [/Script/Engine.StreamingSettings] File [D:/TwinStickGroupRepoZack/Twinstickshooter/Saved/Config/Windows/Engine.ini]
[2020.11.24-22.32.36:704][  0]LogConfig: Setting CVar [[s.MinBulkDataSizeForAsyncLoading:131072]]
[2020.11.24-22.32.36:704][  0]LogConfig: Setting CVar [[s.AsyncLoadingThreadEnabled:0]]
[2020.11.24-22.32.36:704][  0]LogConfig: Setting CVar [[s.EventDrivenLoaderEnabled:1]]
[2020.11.24-22.32.36:704][  0]LogConfig: Setting CVar [[s.WarnIfTimeLimitExceeded:0]]
[2020.11.24-22.32.36:704][  0]LogConfig: Setting CVar [[s.TimeLimitExceededMultiplier:1.5]]
[2020.11.24-22.32.36:704][  0]LogConfig: Setting CVar [[s.TimeLimitExceededMinTime:0.005]]
[2020.11.24-22.32.36:704][  0]LogConfig: Setting CVar [[s.UseBackgroundLevelStreaming:1]]
[2020.11.24-22.32.36:704][  0]LogConfig: Setting CVar [[s.PriorityAsyncLoadingExtraTime:15.0]]
[2020.11.24-22.32.36:704][  0]LogConfig: Setting CVar [[s.LevelStreamingActorsUpdateTimeLimit:5.0]]
[2020.11.24-22.32.36:704][  0]LogConfig: Setting CVar [[s.PriorityLevelStreamingActorsUpdateExtraTime:5.0]]
[2020.11.24-22.32.36:704][  0]LogConfig: Setting CVar [[s.LevelStreamingComponentsRegistrationGranularity:10]]
[2020.11.24-22.32.36:704][  0]LogConfig: Setting CVar [[s.UnregisterComponentsTimeLimit:1.0]]
[2020.11.24-22.32.36:704][  0]LogConfig: Setting CVar [[s.LevelStreamingComponentsUnregistrationGranularity:5]]
[2020.11.24-22.32.36:704][  0]LogConfig: Setting CVar [[s.FlushStreamingOnExit:1]]
[2020.11.24-22.32.36:704][  0]LogConfig: Applying CVar settings from Section [/Script/Engine.GarbageCollectionSettings] File [D:/TwinStickGroupRepoZack/Twinstickshooter/Saved/Config/Windows/Engine.ini]
[2020.11.24-22.32.36:704][  0]LogConfig: Setting CVar [[gc.MaxObjectsNotConsideredByGC:1]]
[2020.11.24-22.32.36:704][  0]LogConfig: Setting CVar [[gc.SizeOfPermanentObjectPool:0]]
[2020.11.24-22.32.36:704][  0]LogConfig: Setting CVar [[gc.FlushStreamingOnGC:0]]
[2020.11.24-22.32.36:704][  0]LogConfig: Setting CVar [[gc.NumRetriesBeforeForcingGC:10]]
[2020.11.24-22.32.36:704][  0]LogConfig: Setting CVar [[gc.AllowParallelGC:1]]
[2020.11.24-22.32.36:704][  0]LogConfig: Setting CVar [[gc.TimeBetweenPurgingPendingKillObjects:61.1]]
[2020.11.24-22.32.36:704][  0]LogConfig: Setting CVar [[gc.MaxObjectsInEditor:25165824]]
[2020.11.24-22.32.36:704][  0]LogConfig: Setting CVar [[gc.IncrementalBeginDestroyEnabled:1]]
[2020.11.24-22.32.36:704][  0]LogConfig: Setting CVar [[gc.CreateGCClusters:1]]
[2020.11.24-22.32.36:704][  0]LogConfig: Setting CVar [[gc.MinGCClusterSize:5]]
[2020.11.24-22.32.36:704][  0]LogConfig: Setting CVar [[gc.ActorClusteringEnabled:0]]
[2020.11.24-22.32.36:704][  0]LogConfig: Setting CVar [[gc.BlueprintClusteringEnabled:0]]
[2020.11.24-22.32.36:704][  0]LogConfig: Setting CVar [[gc.UseDisregardForGCOnDedicatedServers:0]]
[2020.11.24-22.32.36:704][  0]LogConfig: Applying CVar settings from Section [/Script/Engine.NetworkSettings] File [D:/TwinStickGroupRepoZack/Twinstickshooter/Saved/Config/Windows/Engine.ini]
[2020.11.24-22.32.36:704][  0]LogConfig: Applying CVar settings from Section [/Script/UnrealEd.CookerSettings] File [D:/TwinStickGroupRepoZack/Twinstickshooter/Saved/Config/Windows/Engine.ini]
[2020.11.24-22.32.36:708][  0]LogConfig: Applying CVar settings from Section [ViewDistanceQuality@3] File [D:/TwinStickGroupRepoZack/Twinstickshooter/Saved/Config/Windows/Scalability.ini]
[2020.11.24-22.32.36:708][  0]LogConfig: Setting CVar [[r.SkeletalMeshLODBias:0]]
[2020.11.24-22.32.36:708][  0]LogConfig: Setting CVar [[r.ViewDistanceScale:1.0]]
[2020.11.24-22.32.36:708][  0]LogConfig: Applying CVar settings from Section [AntiAliasingQuality@3] File [D:/TwinStickGroupRepoZack/Twinstickshooter/Saved/Config/Windows/Scalability.ini]
[2020.11.24-22.32.36:708][  0]LogConfig: Setting CVar [[r.PostProcessAAQuality:4]]
[2020.11.24-22.32.36:708][  0]LogConfig: Applying CVar settings from Section [ShadowQuality@3] File [D:/TwinStickGroupRepoZack/Twinstickshooter/Saved/Config/Windows/Scalability.ini]
[2020.11.24-22.32.36:708][  0]LogConfig: Setting CVar [[r.LightFunctionQuality:1]]
[2020.11.24-22.32.36:708][  0]LogConfig: Setting CVar [[r.ShadowQuality:5]]
[2020.11.24-22.32.36:708][  0]LogConfig: Setting CVar [[r.Shadow.CSM.MaxCascades:10]]
[2020.11.24-22.32.36:708][  0]LogConfig: Setting CVar [[r.Shadow.MaxResolution:2048]]
[2020.11.24-22.32.36:708][  0]LogConfig: Setting CVar [[r.Shadow.MaxCSMResolution:2048]]
[2020.11.24-22.32.36:708][  0]LogConfig: Setting CVar [[r.Shadow.RadiusThreshold:0.01]]
[2020.11.24-22.32.36:708][  0]LogConfig: Setting CVar [[r.Shadow.DistanceScale:1.0]]
[2020.11.24-22.32.36:708][  0]LogConfig: Setting CVar [[r.Shadow.CSM.TransitionScale:1.0]]
[2020.11.24-22.32.36:708][  0]LogConfig: Setting CVar [[r.Shadow.PreShadowResolutionFactor:1.0]]
[2020.11.24-22.32.36:708][  0]LogConfig: Setting CVar [[r.DistanceFieldShadowing:1]]
[2020.11.24-22.32.36:709][  0]LogConfig: Setting CVar [[r.DistanceFieldAO:1]]
[2020.11.24-22.32.36:709][  0]LogConfig: Setting CVar [[r.AOQuality:2]]
[2020.11.24-22.32.36:709][  0]LogConfig: Setting CVar [[r.VolumetricFog:1]]
[2020.11.24-22.32.36:709][  0]LogConfig: Setting CVar [[r.VolumetricFog.GridPixelSize:8]]
[2020.11.24-22.32.36:709][  0]LogConfig: Setting CVar [[r.VolumetricFog.GridSizeZ:128]]
[2020.11.24-22.32.36:709][  0]LogConfig: Setting CVar [[r.VolumetricFog.HistoryMissSupersampleCount:4]]
[2020.11.24-22.32.36:709][  0]LogConfig: Setting CVar [[r.LightMaxDrawDistanceScale:1]]
[2020.11.24-22.32.36:709][  0]LogConfig: Setting CVar [[r.CapsuleShadows:1]]
[2020.11.24-22.32.36:709][  0]LogConfig: Applying CVar settings from Section [PostProcessQuality@3] File [D:/TwinStickGroupRepoZack/Twinstickshooter/Saved/Config/Windows/Scalability.ini]
[2020.11.24-22.32.36:709][  0]LogConfig: Setting CVar [[r.MotionBlurQuality:4]]
[2020.11.24-22.32.36:709][  0]LogConfig: Setting CVar [[r.AmbientOcclusionMipLevelFactor:0.4]]
[2020.11.24-22.32.36:709][  0]LogConfig: Setting CVar [[r.AmbientOcclusionMaxQuality:100]]
[2020.11.24-22.32.36:709][  0]LogConfig: Setting CVar [[r.AmbientOcclusionLevels:-1]]
[2020.11.24-22.32.36:709][  0]LogConfig: Setting CVar [[r.AmbientOcclusionRadiusScale:1.0]]
[2020.11.24-22.32.36:709][  0]LogConfig: Setting CVar [[r.DepthOfFieldQuality:2]]
[2020.11.24-22.32.36:709][  0]LogConfig: Setting CVar [[r.RenderTargetPoolMin:400]]
[2020.11.24-22.32.36:709][  0]LogConfig: Setting CVar [[r.LensFlareQuality:2]]
[2020.11.24-22.32.36:709][  0]LogConfig: Setting CVar [[r.SceneColorFringeQuality:1]]
[2020.11.24-22.32.36:709][  0]LogConfig: Setting CVar [[r.EyeAdaptationQuality:2]]
[2020.11.24-22.32.36:709][  0]LogConfig: Setting CVar [[r.BloomQuality:5]]
[2020.11.24-22.32.36:709][  0]LogConfig: Setting CVar [[r.FastBlurThreshold:100]]
[2020.11.24-22.32.36:709][  0]LogConfig: Setting CVar [[r.Upscale.Quality:3]]
[2020.11.24-22.32.36:709][  0]LogConfig: Setting CVar [[r.Tonemapper.GrainQuantization:1]]
[2020.11.24-22.32.36:709][  0]LogConfig: Setting CVar [[r.LightShaftQuality:1]]
[2020.11.24-22.32.36:709][  0]LogConfig: Setting CVar [[r.Filter.SizeScale:1]]
[2020.11.24-22.32.36:709][  0]LogConfig: Setting CVar [[r.Tonemapper.Quality:5]]
[2020.11.24-22.32.36:709][  0]LogConfig: Setting CVar [[r.DOF.Gather.AccumulatorQuality:1        ; higher gathering accumulator quality]]
[2020.11.24-22.32.36:709][  0]LogConfig: Setting CVar [[r.DOF.Gather.PostfilterMethod:1          ; Median3x3 postfilering method]]
[2020.11.24-22.32.36:709][  0]LogConfig: Setting CVar [[r.DOF.Gather.EnableBokehSettings:0       ; no bokeh simulation when gathering]]
[2020.11.24-22.32.36:709][  0]LogConfig: Setting CVar [[r.DOF.Gather.RingCount:4                 ; medium number of samples when gathering]]
[2020.11.24-22.32.36:709][  0]LogConfig: Setting CVar [[r.DOF.Scatter.ForegroundCompositing:1    ; additive foreground scattering]]
[2020.11.24-22.32.36:709][  0]LogConfig: Setting CVar [[r.DOF.Scatter.BackgroundCompositing:2    ; additive background scattering]]
[2020.11.24-22.32.36:709][  0]LogConfig: Setting CVar [[r.DOF.Scatter.EnableBokehSettings:1      ; bokeh simulation when scattering]]
[2020.11.24-22.32.36:709][  0]LogConfig: Setting CVar [[r.DOF.Scatter.MaxSpriteRatio:0.1         ; only a maximum of 10% of scattered bokeh]]
[2020.11.24-22.32.36:709][  0]LogConfig: Setting CVar [[r.DOF.Recombine.Quality:1                ; cheap slight out of focus]]
[2020.11.24-22.32.36:709][  0]LogConfig: Setting CVar [[r.DOF.Recombine.EnableBokehSettings:0    ; no bokeh simulation on slight out of focus]]
[2020.11.24-22.32.36:709][  0]LogConfig: Setting CVar [[r.DOF.TemporalAAQuality:1                ; more stable temporal accumulation]]
[2020.11.24-22.32.36:709][  0]LogConfig: Setting CVar [[r.DOF.Kernel.MaxForegroundRadius:0.025]]
[2020.11.24-22.32.36:709][  0]LogConfig: Setting CVar [[r.DOF.Kernel.MaxBackgroundRadius:0.025]]
[2020.11.24-22.32.36:709][  0]LogConfig: Applying CVar settings from Section [TextureQuality@3] File [D:/TwinStickGroupRepoZack/Twinstickshooter/Saved/Config/Windows/Scalability.ini]
[2020.11.24-22.32.36:709][  0]LogConfig: Setting CVar [[r.Streaming.MipBias:0]]
[2020.11.24-22.32.36:709][  0]LogConfig: Setting CVar [[r.Streaming.AmortizeCPUToGPUCopy:0]]
[2020.11.24-22.32.36:709][  0]LogConfig: Setting CVar [[r.Streaming.MaxNumTexturesToStreamPerFrame:0]]
[2020.11.24-22.32.36:709][  0]LogConfig: Setting CVar [[r.Streaming.Boost:1]]
[2020.11.24-22.32.36:709][  0]LogConfig: Setting CVar [[r.MaxAnisotropy:8]]
[2020.11.24-22.32.36:709][  0]LogConfig: Setting CVar [[r.VT.MaxAnisotropy:8]]
[2020.11.24-22.32.36:709][  0]LogConfig: Setting CVar [[r.Streaming.LimitPoolSizeToVRAM:0]]
[2020.11.24-22.32.36:709][  0]LogConfig: Setting CVar [[r.Streaming.PoolSize:1000]]
[2020.11.24-22.32.36:709][  0]LogConfig: Setting CVar [[r.Streaming.MaxEffectiveScreenSize:0]]
[2020.11.24-22.32.36:709][  0]LogConfig: Applying CVar settings from Section [EffectsQuality@3] File [D:/TwinStickGroupRepoZack/Twinstickshooter/Saved/Config/Windows/Scalability.ini]
[2020.11.24-22.32.36:709][  0]LogConfig: Setting CVar [[r.TranslucencyLightingVolumeDim:64]]
[2020.11.24-22.32.36:709][  0]LogConfig: Setting CVar [[r.RefractionQuality:2]]
[2020.11.24-22.32.36:709][  0]LogConfig: Setting CVar [[r.SSR.Quality:3]]
[2020.11.24-22.32.36:709][  0]LogConfig: Setting CVar [[r.SSR.HalfResSceneColor:0]]
[2020.11.24-22.32.36:709][  0]LogConfig: Setting CVar [[r.SceneColorFormat:4]]
[2020.11.24-22.32.36:709][  0]LogConfig: Setting CVar [[r.DetailMode:2]]
[2020.11.24-22.32.36:709][  0]LogConfig: Setting CVar [[r.TranslucencyVolumeBlur:1]]
[2020.11.24-22.32.36:709][  0]LogConfig: Setting CVar [[r.MaterialQualityLevel:1 ; High quality]]
[2020.11.24-22.32.36:709][  0]LogConfig: Setting CVar [[r.SSS.Scale:1]]
[2020.11.24-22.32.36:709][  0]LogConfig: Setting CVar [[r.SSS.SampleSet:2]]
[2020.11.24-22.32.36:709][  0]LogConfig: Setting CVar [[r.SSS.Quality:1]]
[2020.11.24-22.32.36:709][  0]LogConfig: Setting CVar [[r.SSS.HalfRes:0]]
[2020.11.24-22.32.36:709][  0]LogConfig: Setting CVar [[r.SSGI.Quality:3]]
[2020.11.24-22.32.36:709][  0]LogConfig: Setting CVar [[r.EmitterSpawnRateScale:1.0]]
[2020.11.24-22.32.36:709][  0]LogConfig: Setting CVar [[r.ParticleLightQuality:2]]
[2020.11.24-22.32.36:709][  0]LogConfig: Setting CVar [[r.SkyAtmosphere.AerialPerspectiveLUT.FastApplyOnOpaque:1 ; Always have FastSkyLUT 1 in this case to avoid wrong sky]]
[2020.11.24-22.32.36:709][  0]LogConfig: Setting CVar [[r.SkyAtmosphere.AerialPerspectiveLUT.SampleCountPerSlice:1]]
[2020.11.24-22.32.36:709][  0]LogConfig: Setting CVar [[r.SkyAtmosphere.AerialPerspectiveLUT.DepthResolution:16.0]]
[2020.11.24-22.32.36:709][  0]LogConfig: Setting CVar [[r.SkyAtmosphere.FastSkyLUT:1]]
[2020.11.24-22.32.36:709][  0]LogConfig: Setting CVar [[r.SkyAtmosphere.FastSkyLUT.SampleCountMin:4.0]]
[2020.11.24-22.32.36:709][  0]LogConfig: Setting CVar [[r.SkyAtmosphere.FastSkyLUT.SampleCountMax:32.0]]
[2020.11.24-22.32.36:709][  0]LogConfig: Setting CVar [[r.SkyAtmosphere.SampleCountMin:4.0]]
[2020.11.24-22.32.36:709][  0]LogConfig: Setting CVar [[r.SkyAtmosphere.SampleCountMax:32.0]]
[2020.11.24-22.32.36:709][  0]LogConfig: Setting CVar [[r.SkyAtmosphere.TransmittanceLUT.UseSmallFormat:0]]
[2020.11.24-22.32.36:709][  0]LogConfig: Setting CVar [[r.SkyAtmosphere.TransmittanceLUT.SampleCount:10.0]]
[2020.11.24-22.32.36:709][  0]LogConfig: Setting CVar [[r.SkyAtmosphere.MultiScatteringLUT.SampleCount:15.0]]
[2020.11.24-22.32.36:709][  0]LogConfig: Applying CVar settings from Section [FoliageQuality@3] File [D:/TwinStickGroupRepoZack/Twinstickshooter/Saved/Config/Windows/Scalability.ini]
[2020.11.24-22.32.36:709][  0]LogConfig: Setting CVar [[foliage.DensityScale:1.0]]
[2020.11.24-22.32.36:709][  0]LogConfig: Setting CVar [[grass.DensityScale:1.0]]
[2020.11.24-22.32.36:709][  0]LogConfig: Applying CVar settings from Section [ShadingQuality@3] File [D:/TwinStickGroupRepoZack/Twinstickshooter/Saved/Config/Windows/Scalability.ini]
[2020.11.24-22.32.36:709][  0]LogConfig: Setting CVar [[r.HairStrands.SkyLighting.SampleCount:16]]
[2020.11.24-22.32.36:709][  0]LogConfig: Setting CVar [[r.HairStrands.SkyLighting.JitterIntegration:0]]
[2020.11.24-22.32.36:709][  0]LogConfig: Setting CVar [[r.HairStrands.SkyAO.SampleCount:16]]
[2020.11.24-22.32.36:709][  0]LogConfig: Setting CVar [[r.HairStrands.DeepShadow.SuperSampling:0]]
[2020.11.24-22.32.36:709][  0]LogConfig: Setting CVar [[r.HairStrands.VisibilityPPLL:0]]
[2020.11.24-22.32.36:709][  0]LogConfig: Setting CVar [[r.HairStrands.RasterizationScale:0.5]]
[2020.11.24-22.32.36:709][  0]LogConfig: Setting CVar [[r.HairStrands.VelocityRasterizationScale:1]]
[2020.11.24-22.32.36:709][  0]LogInit: Selected Device Profile: [Windows]
[2020.11.24-22.32.36:709][  0]LogInit: Applying CVar settings loaded from the selected device profile: [Windows]
[2020.11.24-22.32.36:709][  0]LogHAL: Display: Platform has ~ 16 GB [17110999040 / 17179869184 / 16], which maps to Larger [LargestMinGB=32, LargerMinGB=12, DefaultMinGB=8, SmallerMinGB=6, SmallestMinGB=0)
[2020.11.24-22.32.36:709][  0]LogInit: Going up to parent DeviceProfile []
[2020.11.24-22.32.36:709][  0]LogConfig: Applying CVar settings from Section [ViewDistanceQuality@3] File [D:/TwinStickGroupRepoZack/Twinstickshooter/Saved/Config/Windows/Scalability.ini]
[2020.11.24-22.32.36:709][  0]LogConfig: Setting CVar [[r.SkeletalMeshLODBias:0]]
[2020.11.24-22.32.36:709][  0]LogConfig: Setting CVar [[r.ViewDistanceScale:1.0]]
[2020.11.24-22.32.36:709][  0]LogConfig: Applying CVar settings from Section [AntiAliasingQuality@3] File [D:/TwinStickGroupRepoZack/Twinstickshooter/Saved/Config/Windows/Scalability.ini]
[2020.11.24-22.32.36:710][  0]LogConfig: Setting CVar [[r.PostProcessAAQuality:4]]
[2020.11.24-22.32.36:710][  0]LogConfig: Applying CVar settings from Section [ShadowQuality@3] File [D:/TwinStickGroupRepoZack/Twinstickshooter/Saved/Config/Windows/Scalability.ini]
[2020.11.24-22.32.36:710][  0]LogConfig: Setting CVar [[r.LightFunctionQuality:1]]
[2020.11.24-22.32.36:710][  0]LogConfig: Setting CVar [[r.ShadowQuality:5]]
[2020.11.24-22.32.36:710][  0]LogConfig: Setting CVar [[r.Shadow.CSM.MaxCascades:10]]
[2020.11.24-22.32.36:710][  0]LogConfig: Setting CVar [[r.Shadow.MaxResolution:2048]]
[2020.11.24-22.32.36:710][  0]LogConfig: Setting CVar [[r.Shadow.MaxCSMResolution:2048]]
[2020.11.24-22.32.36:710][  0]LogConfig: Setting CVar [[r.Shadow.RadiusThreshold:0.01]]
[2020.11.24-22.32.36:710][  0]LogConfig: Setting CVar [[r.Shadow.DistanceScale:1.0]]
[2020.11.24-22.32.36:710][  0]LogConfig: Setting CVar [[r.Shadow.CSM.TransitionScale:1.0]]
[2020.11.24-22.32.36:710][  0]LogConfig: Setting CVar [[r.Shadow.PreShadowResolutionFactor:1.0]]
[2020.11.24-22.32.36:710][  0]LogConfig: Setting CVar [[r.DistanceFieldShadowing:1]]
[2020.11.24-22.32.36:710][  0]LogConfig: Setting CVar [[r.DistanceFieldAO:1]]
[2020.11.24-22.32.36:710][  0]LogConfig: Setting CVar [[r.AOQuality:2]]
[2020.11.24-22.32.36:710][  0]LogConfig: Setting CVar [[r.VolumetricFog:1]]
[2020.11.24-22.32.36:710][  0]LogConfig: Setting CVar [[r.VolumetricFog.GridPixelSize:8]]
[2020.11.24-22.32.36:710][  0]LogConfig: Setting CVar [[r.VolumetricFog.GridSizeZ:128]]
[2020.11.24-22.32.36:710][  0]LogConfig: Setting CVar [[r.VolumetricFog.HistoryMissSupersampleCount:4]]
[2020.11.24-22.32.36:710][  0]LogConfig: Setting CVar [[r.LightMaxDrawDistanceScale:1]]
[2020.11.24-22.32.36:710][  0]LogConfig: Setting CVar [[r.CapsuleShadows:1]]
[2020.11.24-22.32.36:710][  0]LogConfig: Applying CVar settings from Section [PostProcessQuality@3] File [D:/TwinStickGroupRepoZack/Twinstickshooter/Saved/Config/Windows/Scalability.ini]
[2020.11.24-22.32.36:710][  0]LogConfig: Setting CVar [[r.MotionBlurQuality:4]]
[2020.11.24-22.32.36:710][  0]LogConfig: Setting CVar [[r.AmbientOcclusionMipLevelFactor:0.4]]
[2020.11.24-22.32.36:710][  0]LogConfig: Setting CVar [[r.AmbientOcclusionMaxQuality:100]]
[2020.11.24-22.32.36:710][  0]LogConfig: Setting CVar [[r.AmbientOcclusionLevels:-1]]
[2020.11.24-22.32.36:710][  0]LogConfig: Setting CVar [[r.AmbientOcclusionRadiusScale:1.0]]
[2020.11.24-22.32.36:710][  0]LogConfig: Setting CVar [[r.DepthOfFieldQuality:2]]
[2020.11.24-22.32.36:710][  0]LogConfig: Setting CVar [[r.RenderTargetPoolMin:400]]
[2020.11.24-22.32.36:710][  0]LogConfig: Setting CVar [[r.LensFlareQuality:2]]
[2020.11.24-22.32.36:710][  0]LogConfig: Setting CVar [[r.SceneColorFringeQuality:1]]
[2020.11.24-22.32.36:710][  0]LogConfig: Setting CVar [[r.EyeAdaptationQuality:2]]
[2020.11.24-22.32.36:710][  0]LogConfig: Setting CVar [[r.BloomQuality:5]]
[2020.11.24-22.32.36:710][  0]LogConfig: Setting CVar [[r.FastBlurThreshold:100]]
[2020.11.24-22.32.36:710][  0]LogConfig: Setting CVar [[r.Upscale.Quality:3]]
[2020.11.24-22.32.36:710][  0]LogConfig: Setting CVar [[r.Tonemapper.GrainQuantization:1]]
[2020.11.24-22.32.36:710][  0]LogConfig: Setting CVar [[r.LightShaftQuality:1]]
[2020.11.24-22.32.36:710][  0]LogConfig: Setting CVar [[r.Filter.SizeScale:1]]
[2020.11.24-22.32.36:710][  0]LogConfig: Setting CVar [[r.Tonemapper.Quality:5]]
[2020.11.24-22.32.36:710][  0]LogConfig: Setting CVar [[r.DOF.Gather.AccumulatorQuality:1        ; higher gathering accumulator quality]]
[2020.11.24-22.32.36:710][  0]LogConfig: Setting CVar [[r.DOF.Gather.PostfilterMethod:1          ; Median3x3 postfilering method]]
[2020.11.24-22.32.36:710][  0]LogConfig: Setting CVar [[r.DOF.Gather.EnableBokehSettings:0       ; no bokeh simulation when gathering]]
[2020.11.24-22.32.36:710][  0]LogConfig: Setting CVar [[r.DOF.Gather.RingCount:4                 ; medium number of samples when gathering]]
[2020.11.24-22.32.36:710][  0]LogConfig: Setting CVar [[r.DOF.Scatter.ForegroundCompositing:1    ; additive foreground scattering]]
[2020.11.24-22.32.36:710][  0]LogConfig: Setting CVar [[r.DOF.Scatter.BackgroundCompositing:2    ; additive background scattering]]
[2020.11.24-22.32.36:710][  0]LogConfig: Setting CVar [[r.DOF.Scatter.EnableBokehSettings:1      ; bokeh simulation when scattering]]
[2020.11.24-22.32.36:710][  0]LogConfig: Setting CVar [[r.DOF.Scatter.MaxSpriteRatio:0.1         ; only a maximum of 10% of scattered bokeh]]
[2020.11.24-22.32.36:710][  0]LogConfig: Setting CVar [[r.DOF.Recombine.Quality:1                ; cheap slight out of focus]]
[2020.11.24-22.32.36:710][  0]LogConfig: Setting CVar [[r.DOF.Recombine.EnableBokehSettings:0    ; no bokeh simulation on slight out of focus]]
[2020.11.24-22.32.36:710][  0]LogConfig: Setting CVar [[r.DOF.TemporalAAQuality:1                ; more stable temporal accumulation]]
[2020.11.24-22.32.36:710][  0]LogConfig: Setting CVar [[r.DOF.Kernel.MaxForegroundRadius:0.025]]
[2020.11.24-22.32.36:710][  0]LogConfig: Setting CVar [[r.DOF.Kernel.MaxBackgroundRadius:0.025]]
[2020.11.24-22.32.36:710][  0]LogConfig: Applying CVar settings from Section [TextureQuality@3] File [D:/TwinStickGroupRepoZack/Twinstickshooter/Saved/Config/Windows/Scalability.ini]
[2020.11.24-22.32.36:710][  0]LogConfig: Setting CVar [[r.Streaming.MipBias:0]]
[2020.11.24-22.32.36:710][  0]LogConfig: Setting CVar [[r.Streaming.AmortizeCPUToGPUCopy:0]]
[2020.11.24-22.32.36:710][  0]LogConfig: Setting CVar [[r.Streaming.MaxNumTexturesToStreamPerFrame:0]]
[2020.11.24-22.32.36:710][  0]LogConfig: Setting CVar [[r.Streaming.Boost:1]]
[2020.11.24-22.32.36:710][  0]LogConfig: Setting CVar [[r.MaxAnisotropy:8]]
[2020.11.24-22.32.36:710][  0]LogConfig: Setting CVar [[r.VT.MaxAnisotropy:8]]
[2020.11.24-22.32.36:710][  0]LogConfig: Setting CVar [[r.Streaming.LimitPoolSizeToVRAM:0]]
[2020.11.24-22.32.36:710][  0]LogConfig: Setting CVar [[r.Streaming.PoolSize:1000]]
[2020.11.24-22.32.36:710][  0]LogConfig: Setting CVar [[r.Streaming.MaxEffectiveScreenSize:0]]
[2020.11.24-22.32.36:710][  0]LogConfig: Applying CVar settings from Section [EffectsQuality@3] File [D:/TwinStickGroupRepoZack/Twinstickshooter/Saved/Config/Windows/Scalability.ini]
[2020.11.24-22.32.36:710][  0]LogConfig: Setting CVar [[r.TranslucencyLightingVolumeDim:64]]
[2020.11.24-22.32.36:710][  0]LogConfig: Setting CVar [[r.RefractionQuality:2]]
[2020.11.24-22.32.36:710][  0]LogConfig: Setting CVar [[r.SSR.Quality:3]]
[2020.11.24-22.32.36:710][  0]LogConfig: Setting CVar [[r.SSR.HalfResSceneColor:0]]
[2020.11.24-22.32.36:710][  0]LogConfig: Setting CVar [[r.SceneColorFormat:4]]
[2020.11.24-22.32.36:710][  0]LogConfig: Setting CVar [[r.DetailMode:2]]
[2020.11.24-22.32.36:710][  0]LogConfig: Setting CVar [[r.TranslucencyVolumeBlur:1]]
[2020.11.24-22.32.36:710][  0]LogConfig: Setting CVar [[r.MaterialQualityLevel:1 ; High quality]]
[2020.11.24-22.32.36:710][  0]LogConfig: Setting CVar [[r.SSS.Scale:1]]
[2020.11.24-22.32.36:710][  0]LogConfig: Setting CVar [[r.SSS.SampleSet:2]]
[2020.11.24-22.32.36:710][  0]LogConfig: Setting CVar [[r.SSS.Quality:1]]
[2020.11.24-22.32.36:710][  0]LogConfig: Setting CVar [[r.SSS.HalfRes:0]]
[2020.11.24-22.32.36:710][  0]LogConfig: Setting CVar [[r.SSGI.Quality:3]]
[2020.11.24-22.32.36:710][  0]LogConfig: Setting CVar [[r.EmitterSpawnRateScale:1.0]]
[2020.11.24-22.32.36:710][  0]LogConfig: Setting CVar [[r.ParticleLightQuality:2]]
[2020.11.24-22.32.36:710][  0]LogConfig: Setting CVar [[r.SkyAtmosphere.AerialPerspectiveLUT.FastApplyOnOpaque:1 ; Always have FastSkyLUT 1 in this case to avoid wrong sky]]
[2020.11.24-22.32.36:710][  0]LogConfig: Setting CVar [[r.SkyAtmosphere.AerialPerspectiveLUT.SampleCountPerSlice:1]]
[2020.11.24-22.32.36:710][  0]LogConfig: Setting CVar [[r.SkyAtmosphere.AerialPerspectiveLUT.DepthResolution:16.0]]
[2020.11.24-22.32.36:710][  0]LogConfig: Setting CVar [[r.SkyAtmosphere.FastSkyLUT:1]]
[2020.11.24-22.32.36:710][  0]LogConfig: Setting CVar [[r.SkyAtmosphere.FastSkyLUT.SampleCountMin:4.0]]
[2020.11.24-22.32.36:710][  0]LogConfig: Setting CVar [[r.SkyAtmosphere.FastSkyLUT.SampleCountMax:32.0]]
[2020.11.24-22.32.36:710][  0]LogConfig: Setting CVar [[r.SkyAtmosphere.SampleCountMin:4.0]]
[2020.11.24-22.32.36:710][  0]LogConfig: Setting CVar [[r.SkyAtmosphere.SampleCountMax:32.0]]
[2020.11.24-22.32.36:710][  0]LogConfig: Setting CVar [[r.SkyAtmosphere.TransmittanceLUT.UseSmallFormat:0]]
[2020.11.24-22.32.36:710][  0]LogConfig: Setting CVar [[r.SkyAtmosphere.TransmittanceLUT.SampleCount:10.0]]
[2020.11.24-22.32.36:710][  0]LogConfig: Setting CVar [[r.SkyAtmosphere.MultiScatteringLUT.SampleCount:15.0]]
[2020.11.24-22.32.36:710][  0]LogConfig: Applying CVar settings from Section [FoliageQuality@3] File [D:/TwinStickGroupRepoZack/Twinstickshooter/Saved/Config/Windows/Scalability.ini]
[2020.11.24-22.32.36:710][  0]LogConfig: Setting CVar [[foliage.DensityScale:1.0]]
[2020.11.24-22.32.36:710][  0]LogConfig: Setting CVar [[grass.DensityScale:1.0]]
[2020.11.24-22.32.36:710][  0]LogConfig: Applying CVar settings from Section [ShadingQuality@3] File [D:/TwinStickGroupRepoZack/Twinstickshooter/Saved/Config/Windows/Scalability.ini]
[2020.11.24-22.32.36:710][  0]LogConfig: Setting CVar [[r.HairStrands.SkyLighting.SampleCount:16]]
[2020.11.24-22.32.36:710][  0]LogConfig: Setting CVar [[r.HairStrands.SkyLighting.JitterIntegration:0]]
[2020.11.24-22.32.36:710][  0]LogConfig: Setting CVar [[r.HairStrands.SkyAO.SampleCount:16]]
[2020.11.24-22.32.36:710][  0]LogConfig: Setting CVar [[r.HairStrands.DeepShadow.SuperSampling:0]]
[2020.11.24-22.32.36:711][  0]LogConfig: Setting CVar [[r.HairStrands.VisibilityPPLL:0]]
[2020.11.24-22.32.36:711][  0]LogConfig: Setting CVar [[r.HairStrands.RasterizationScale:0.5]]
[2020.11.24-22.32.36:711][  0]LogConfig: Setting CVar [[r.HairStrands.VelocityRasterizationScale:1]]
[2020.11.24-22.32.36:711][  0]LogConfig: Applying CVar settings from Section [Startup] File [../../../Engine/Config/ConsoleVariables.ini]
[2020.11.24-22.32.36:711][  0]LogConfig: Setting CVar [[net.UseAdaptiveNetUpdateFrequency:0]]
[2020.11.24-22.32.36:711][  0]LogConfig: Setting CVar [[p.chaos.AllowCreatePhysxBodies:1]]
[2020.11.24-22.32.36:711][  0]LogConfig: Setting CVar [[fx.SkipVectorVMBackendOptimizations:1]]
[2020.11.24-22.32.36:711][  0]LogConfig: Applying CVar settings from Section [ConsoleVariables] File [D:/TwinStickGroupRepoZack/Twinstickshooter/Saved/Config/Windows/Engine.ini]
[2020.11.24-22.32.36:711][  0]LogInit: Computer: DESKTOP-TP4SNM1
[2020.11.24-22.32.36:711][  0]LogInit: User: todd
[2020.11.24-22.32.36:711][  0]LogInit: CPU Page size=4096, Cores=6
[2020.11.24-22.32.36:711][  0]LogInit: High frequency timer resolution =10.000000 MHz
[2020.11.24-22.32.36:711][  0]LogMemory: Memory total: Physical=15.9GB (16GB approx)
[2020.11.24-22.32.36:711][  0]LogMemory: Platform Memory Stats for Windows
[2020.11.24-22.32.36:711][  0]LogMemory: Process Physical Memory: 115.73 MB used, 115.74 MB peak
[2020.11.24-22.32.36:711][  0]LogMemory: Process Virtual Memory: 113.47 MB used, 113.47 MB peak
[2020.11.24-22.32.36:711][  0]LogMemory: Physical Memory: 6652.54 MB used,  9665.78 MB free, 16318.32 MB total
[2020.11.24-22.32.36:711][  0]LogMemory: Virtual Memory: 5181.14 MB used,  134212544.00 MB free, 134217728.00 MB total
[2020.11.24-22.32.36:714][  0]LogWindows: WindowsPlatformFeatures enabled
[2020.11.24-22.32.36:744][  0]LogInit: Physics initialised using underlying interface: PhysX
[2020.11.24-22.32.36:745][  0]LogInit: Using OS detected language (en-US).
[2020.11.24-22.32.36:745][  0]LogInit: Using OS detected locale (en-US).
[2020.11.24-22.32.36:746][  0]LogTextLocalizationManager: No specific localization for 'en-US' exists, so the 'en' localization will be used.
[2020.11.24-22.32.37:340][  0]LogInit: Setting process to per monitor DPI aware
[2020.11.24-22.32.38:063][  0]LogSlate: New Slate User Created.  User Index 0, Is Virtual User: 0
[2020.11.24-22.32.38:063][  0]LogSlate: Slate User Registered.  User Index 0, Is Virtual User: 0
[2020.11.24-22.32.39:287][  0]LogHMD: Failed to initialize OpenVR with code 110
[2020.11.24-22.32.39:287][  0]LogD3D11RHI: D3D11 min allowed feature level: 11_0
[2020.11.24-22.32.39:287][  0]LogD3D11RHI: D3D11 max allowed feature level: 11_0
[2020.11.24-22.32.39:287][  0]LogD3D11RHI: D3D11 adapters:
[2020.11.24-22.32.39:365][  0]LogD3D11RHI:    0. 'NVIDIA GeForce GTX 1070' (Feature Level 11_0)
[2020.11.24-22.32.39:365][  0]LogD3D11RHI:       8088/0/8159 MB DedicatedVideo/DedicatedSystem/SharedSystem, Outputs:2, VendorId:0x10de
[2020.11.24-22.32.39:367][  0]LogD3D11RHI:    1. 'Microsoft Basic Render Driver' (Feature Level 11_0)
[2020.11.24-22.32.39:367][  0]LogD3D11RHI:       0/0/8159 MB DedicatedVideo/DedicatedSystem/SharedSystem, Outputs:0, VendorId:0x1414
[2020.11.24-22.32.39:367][  0]LogD3D11RHI: Chosen D3D11 Adapter: 0
[2020.11.24-22.32.39:400][  0]LogD3D11RHI: Creating new Direct3DDevice
[2020.11.24-22.32.39:400][  0]LogD3D11RHI:     GPU DeviceId: 0x1b81 (for the marketing name, search the web for "GPU Device Id")
[2020.11.24-22.32.39:400][  0]LogWindows: EnumDisplayDevices:
[2020.11.24-22.32.39:400][  0]LogWindows:    0. 'NVIDIA GeForce GTX 1070' (P:1 D:1)
[2020.11.24-22.32.39:400][  0]LogWindows:    1. 'NVIDIA GeForce GTX 1070' (P:0 D:1)
[2020.11.24-22.32.39:400][  0]LogWindows:    2. 'NVIDIA GeForce GTX 1070' (P:0 D:0)
[2020.11.24-22.32.39:400][  0]LogWindows:    3. 'NVIDIA GeForce GTX 1070' (P:0 D:0)
[2020.11.24-22.32.39:401][  0]LogWindows: DebugString: FoundDriverCount:4 
[2020.11.24-22.32.39:401][  0]LogD3D11RHI:     Adapter Name: NVIDIA GeForce GTX 1070
[2020.11.24-22.32.39:401][  0]LogD3D11RHI:   Driver Version: 456.71 (internal:27.21.14.5671, unified:456.71)
[2020.11.24-22.32.39:401][  0]LogD3D11RHI:      Driver Date: 9-30-2020
[2020.11.24-22.32.39:401][  0]LogRHI: Texture pool is 5661 MB (70% of 8088 MB)
[2020.11.24-22.32.39:508][  0]LogD3D11RHI: RHI has support for 64 bit atomics
[2020.11.24-22.32.39:512][  0]LogD3D11RHI: [Aftermath] Enabled and primed
[2020.11.24-22.32.39:516][  0]LogD3D11RHI: Async texture creation enabled
[2020.11.24-22.32.39:516][  0]LogD3D11RHI: Array index from any shader is supported
[2020.11.24-22.32.40:953][  0]LogD3D11RHI: GPU Timing Frequency: 1000.000000 (Debug: 2 1)
[2020.11.24-22.32.42:372][  0]LogTargetPlatformManager: Display: Loaded TargetPlatform 'AllDesktop'
[2020.11.24-22.32.42:523][  0]LogTargetPlatformManager: Display: Loaded TargetPlatform 'Android'
[2020.11.24-22.32.42:523][  0]LogTargetPlatformManager: Display: Loaded TargetPlatform 'Android_ASTC'
[2020.11.24-22.32.42:523][  0]LogTargetPlatformManager: Display: Loaded TargetPlatform 'Android_DXT'
[2020.11.24-22.32.42:523][  0]LogTargetPlatformManager: Display: Loaded TargetPlatform 'Android_ETC2'
[2020.11.24-22.32.42:523][  0]LogTargetPlatformManager: Display: Loaded TargetPlatform 'AndroidClient'
[2020.11.24-22.32.42:523][  0]LogTargetPlatformManager: Display: Loaded TargetPlatform 'Android_ASTCClient'
[2020.11.24-22.32.42:523][  0]LogTargetPlatformManager: Display: Loaded TargetPlatform 'Android_DXTClient'
[2020.11.24-22.32.42:523][  0]LogTargetPlatformManager: Display: Loaded TargetPlatform 'Android_ETC2Client'
[2020.11.24-22.32.42:523][  0]LogTargetPlatformManager: Display: Loaded TargetPlatform 'Android_Multi'
[2020.11.24-22.32.42:523][  0]LogTargetPlatformManager: Display: Loaded TargetPlatform 'Android_MultiClient'
[2020.11.24-22.32.43:137][  0]LogTargetPlatformManager: Display: Loaded TargetPlatform 'IOSClient'
[2020.11.24-22.32.43:137][  0]LogTargetPlatformManager: Display: Loaded TargetPlatform 'IOS'
[2020.11.24-22.32.43:194][  0]LogTargetPlatformManager: Display: Loaded TargetPlatform 'Linux'
[2020.11.24-22.32.43:231][  0]LogTargetPlatformManager: Display: Loaded TargetPlatform 'LinuxNoEditor'
[2020.11.24-22.32.43:242][  0]LogTargetPlatformManager: Display: Loaded TargetPlatform 'LinuxClient'
[2020.11.24-22.32.43:253][  0]LogTargetPlatformManager: Display: Loaded TargetPlatform 'LinuxServer'
[2020.11.24-22.32.43:271][  0]LogTargetPlatformManager: Display: Loaded TargetPlatform 'LinuxAArch64NoEditor'
[2020.11.24-22.32.43:283][  0]LogTargetPlatformManager: Display: Loaded TargetPlatform 'LinuxAArch64Client'
[2020.11.24-22.32.43:303][  0]LogTargetPlatformManager: Display: Loaded TargetPlatform 'LinuxAArch64Server'
[2020.11.24-22.32.43:342][  0]LogTargetPlatformManager: Display: Loaded TargetPlatform 'Lumin'
[2020.11.24-22.32.43:343][  0]LogTargetPlatformManager: Display: Loaded TargetPlatform 'LuminClient'
[2020.11.24-22.32.43:383][  0]LogTargetPlatformManager: Display: Loaded TargetPlatform 'TVOSClient'
[2020.11.24-22.32.43:383][  0]LogTargetPlatformManager: Display: Loaded TargetPlatform 'TVOS'
[2020.11.24-22.32.43:403][  0]LogTargetPlatformManager: Display: Loaded TargetPlatform 'WindowsNoEditor'
[2020.11.24-22.32.43:435][  0]LogTargetPlatformManager: Display: Loaded TargetPlatform 'Windows'
[2020.11.24-22.32.43:460][  0]LogTargetPlatformManager: Display: Loaded TargetPlatform 'WindowsClient'
[2020.11.24-22.32.43:490][  0]LogTargetPlatformManager: Display: Loaded TargetPlatform 'WindowsServer'
[2020.11.24-22.32.43:490][  0]LogTargetPlatformManager: Display: Building Assets For Windows
[2020.11.24-22.32.43:735][  0]LogAudioDebug: Display: Lib vorbis DLL was dynamically loaded.
[2020.11.24-22.32.46:945][  0]LogShaderCompilers: Guid format shader working directory is -6 characters bigger than the processId version (../../../../TwinStickGroupRepoZack/Twinstickshooter/Intermediate/Shaders/WorkingDirectory/9012/).
[2020.11.24-22.32.46:945][  0]LogShaderCompilers: Cleaned the shader compiler working directory 'C:/Users/todd/AppData/Local/Temp/UnrealShaderWorkingDir/2690A4A54343CC3210CCF6A978BB068E/'.
[2020.11.24-22.32.47:090][  0]LogXGEController: Cannot use XGE Controller as Incredibuild is not installed on this machine.
[2020.11.24-22.32.47:091][  0]LogShaderCompilers: Cannot use XGE Shader Compiler as Incredibuild is not installed on this machine.
[2020.11.24-22.32.47:091][  0]LogShaderCompilers: Display: Using Local Shader Compiler.
[2020.11.24-22.32.52:424][  0]LogDerivedDataCache: Display: Max Cache Size: 512 MB
[2020.11.24-22.32.52:649][  0]LogDerivedDataCache: Loaded boot cache 0.22s 75MB C:/Users/todd/AppData/Local/UnrealEngine/4.25/DerivedDataCache/Boot.ddc.
[2020.11.24-22.32.52:649][  0]LogDerivedDataCache: Display: Loaded Boot cache: C:/Users/todd/AppData/Local/UnrealEngine/4.25/DerivedDataCache/Boot.ddc
[2020.11.24-22.32.52:649][  0]LogDerivedDataCache: FDerivedDataBackendGraph:  Pak pak cache file ../../../../TwinStickGroupRepoZack/Twinstickshooter/DerivedDataCache/DDC.ddp not found, will not use a pak cache.
[2020.11.24-22.32.52:649][  0]LogDerivedDataCache: Unable to find inner node Pak for hierarchical cache Hierarchy.
[2020.11.24-22.32.52:649][  0]LogDerivedDataCache: FDerivedDataBackendGraph:  CompressedPak pak cache file ../../../../TwinStickGroupRepoZack/Twinstickshooter/DerivedDataCache/Compressed.ddp not found, will not use a pak cache.
[2020.11.24-22.32.52:649][  0]LogDerivedDataCache: Unable to find inner node CompressedPak for hierarchical cache Hierarchy.
[2020.11.24-22.32.52:708][  0]LogDerivedDataCache: Display: Pak cache opened for reading ../../../Engine/DerivedDataCache/Compressed.ddp.
[2020.11.24-22.32.52:708][  0]LogDerivedDataCache: FDerivedDataBackendGraph:  EnterprisePak pak cache file ../../../Enterprise/DerivedDataCache/Compressed.ddp not found, will not use a pak cache.
[2020.11.24-22.32.52:708][  0]LogDerivedDataCache: Unable to find inner node EnterprisePak for hierarchical cache Hierarchy.
[2020.11.24-22.32.52:710][  0]LogDerivedDataCache: Using Local data cache path C:/Users/todd/AppData/Local/UnrealEngine/Common/DerivedDataCache: Writable
[2020.11.24-22.32.52:711][  0]LogDerivedDataCache: Shared data cache path not found in *engine.ini, will not use an Shared cache.
[2020.11.24-22.32.52:711][  0]LogDerivedDataCache: Unable to find inner node Shared for hierarchical cache Hierarchy.
[2020.11.24-22.32.52:908][  0]LogSlate: Using FreeType 2.10.0
[2020.11.24-22.32.53:065][  0]LogSlate: SlateFontServices - WITH_FREETYPE: 1, WITH_HARFBUZZ: 1
[2020.11.24-22.32.53:604][  0]LogAssetRegistry: FAssetRegistry took 0.0033 seconds to start up
[2020.11.24-22.32.57:792][  0]LogInit: Selected Device Profile: [Windows]
[2020.11.24-22.33.00:006][  0]LogMeshReduction: Using QuadricMeshReduction for automatic static mesh reduction
[2020.11.24-22.33.00:006][  0]LogMeshReduction: Using SimplygonMeshReduction for automatic skeletal mesh reduction
[2020.11.24-22.33.00:006][  0]LogMeshReduction: Using ProxyLODMeshReduction for automatic mesh merging
[2020.11.24-22.33.00:006][  0]LogMeshReduction: No distributed automatic mesh merging module available
[2020.11.24-22.33.00:014][  0]LogMeshMerging: No distributed automatic mesh merging module available
[2020.11.24-22.33.00:497][  0]LogNetVersion: Twinstickshooter 1.0.0, NetCL: 13144385, EngineNetVer: 14, GameNetVer: 0 (Checksum: 395143884)
[2020.11.24-22.33.09:014][  0]LogAISub: UAISubsystem::UAISubsystem AISubsystem (000001EF853BDF80), frame # 0
[2020.11.24-22.33.09:014][  0]LogAISub: UAISubsystem::UAISubsystem AIPerceptionSystem (000001EF86274540), frame # 0
[2020.11.24-22.33.09:017][  0]LogAISub: UAISubsystem::UAISubsystem EnvQueryManager (000001EF86299C00), frame # 0
[2020.11.24-22.33.09:487][  0]LogPackageLocalizationCache: Processed 19 localized package path(s) for 1 prioritized culture(s) in 0.102649 seconds
[2020.11.24-22.33.09:519][  0]LogUObjectArray: 15917 objects as part of root set at end of initial load.
[2020.11.24-22.33.09:519][  0]LogUObjectAllocator: 3965568 out of 0 bytes used by permanent object pool.
[2020.11.24-22.33.09:519][  0]LogUObjectArray: CloseDisregardForGC: 0/0 objects in disregard for GC pool
[2020.11.24-22.33.14:644][  0]LogTcpMessaging: Initializing TcpMessaging bridge
[2020.11.24-22.33.14:760][  0]LogUdpMessaging: Initializing bridge on interface 0.0.0.0:0 to multicast group 230.0.0.1:6666.
[2020.11.24-22.33.15:513][  0]SourceControl: Source control is disabled
[2020.11.24-22.33.15:531][  0]SourceControl: Source control is disabled
[2020.11.24-22.33.15:594][  0]SourceControl: Source control is disabled
[2020.11.24-22.33.15:658][  0]SourceControl: Source control is disabled
[2020.11.24-22.33.15:660][  0]SourceControl: Source control is disabled
[2020.11.24-22.33.15:697][  0]LogVSAccessor: Display: Unable to create Visual Studio setup instance: 80040154
[2020.11.24-22.33.15:698][  0]LogVSAccessor: Display: Unable to create Visual Studio setup instance: 80040154
[2020.11.24-22.33.17:922][  0]LogAndroidPermission: UAndroidPermissionCallbackProxy::GetInstance
[2020.11.24-22.33.18:112][  0]LogAudioCaptureCore: Display: No Audio Capture implementations found. Audio input will be silent.
[2020.11.24-22.33.18:112][  0]LogAudioCaptureCore: Display: No Audio Capture implementations found. Audio input will be silent.
[2020.11.24-22.33.18:509][  0]LogOcInput: OculusInput pre-init called
[2020.11.24-22.33.18:561][  0]LogWindows: Failed to load 'OVRPlugin.dll' (GetLastError=126)
[2020.11.24-22.33.18:561][  0]LogWindows: File 'OVRPlugin.dll' does not exist
[2020.11.24-22.33.20:023][  0]LogEngine: Initializing Engine...
[2020.11.24-22.33.20:053][  0]LogHMD: Failed to initialize OpenVR with code 110
[2020.11.24-22.33.20:053][  0]LogMagicLeap: Warning: VR disabled because ZI is not enabled.  To enable, in the editor, Edit -> Project Settings -> Plugins -> Magic Leap Plugin -> Enable Zero Iteration
[2020.11.24-22.33.20:110][  0]LogStats: UGameplayTagsManager::InitializeManager -  0.028 s
[2020.11.24-22.33.20:771][  0]LogInit: Initializing FReadOnlyCVARCache
[2020.11.24-22.33.21:286][  0]LogAIModule: Creating AISystem for world Untitled
[2020.11.24-22.33.21:287][  0]LogAISub: UAISubsystem::UAISubsystem EnvQueryManager (000001EF87C87C00), frame # 0
[2020.11.24-22.33.21:287][  0]LogAISub: UAISubsystem::UAISubsystem AIPerceptionSystem (000001EF87CF9940), frame # 0
[2020.11.24-22.33.21:419][  0]LogAudioMixer: Display: Audio Mixer Platform Settings:
[2020.11.24-22.33.21:419][  0]LogAudioMixer: Display: 	Sample Rate:						  48000
[2020.11.24-22.33.21:419][  0]LogAudioMixer: Display: 	Callback Buffer Frame Size Requested: 1024
[2020.11.24-22.33.21:419][  0]LogAudioMixer: Display: 	Callback Buffer Frame Size To Use:	  1024
[2020.11.24-22.33.21:419][  0]LogAudioMixer: Display: 	Number of buffers to queue:			  2
[2020.11.24-22.33.21:419][  0]LogAudioMixer: Display: 	Max Channels (voices):				  32
[2020.11.24-22.33.21:419][  0]LogAudioMixer: Display: 	Number of Async Source Workers:		  0
[2020.11.24-22.33.21:434][  0]LogAudio: Display: AudioDevice MaxSources: 32
[2020.11.24-22.33.21:469][  0]LogAudio: Display: Using built-in audio occlusion.
[2020.11.24-22.33.21:469][  0]LogAudioMixer: Display: Initializing audio mixer.
[2020.11.24-22.33.21:602][  0]LogAudioMixer: Display: 0: FrontLeft
[2020.11.24-22.33.21:602][  0]LogAudioMixer: Display: 1: FrontRight
[2020.11.24-22.33.21:670][  0]LogAudioMixer: Display: Using Audio Device Headset Earphone (HyperX Virtual Surround Sound)
[2020.11.24-22.33.21:709][  0]LogAudioMixer: Display: Initializing Sound Submixes...
[2020.11.24-22.33.21:745][  0]LogAudioMixer: Display: Creating Master Submix 'MasterSubmixDefault'
[2020.11.24-22.33.21:745][  0]LogAudioMixer: Display: Creating Master Submix 'MasterReverbSubmixDefault'
[2020.11.24-22.33.21:746][  0]LogAudioMixer: Display: Creating Master Submix 'MasterEQSubmixDefault'
[2020.11.24-22.33.21:747][  0]LogInit: FAudioDevice initialized.
[2020.11.24-22.33.21:748][  0]LogNetVersion: Set ProjectVersion to 1.0.0.0. Version Checksum will be recalculated on next use.
[2020.11.24-22.33.21:754][  0]LogDerivedDataCache: Error: Could not save memory cache C:/Users/todd/AppData/Local/UnrealEngine/4.25/DerivedDataCache/Boot.ddc.
[2020.11.24-22.33.21:754][  0]LogInit: Texture streaming: Enabled
[2020.11.24-22.33.21:933][  0]LogEngineSessionManager: EngineSessionManager initialized
[2020.11.24-22.33.21:933][  0]LogEditorSessionSummary: Verbose: Initializing EditorSessionSummaryWriter for editor session tracking
[2020.11.24-22.33.21:955][  0]LogEditorSessionSummary: EditorSessionSummaryWriter initialized
[2020.11.24-22.33.22:482][  0]LogInit: Transaction tracking system initialized
[2020.11.24-22.33.22:871][  0]BlueprintLog: New page: Editor Load
[2020.11.24-22.33.24:046][  0]LocalizationService: Localization service is disabled
[2020.11.24-22.33.25:018][  0]LogVSAccessor: Display: Unable to create Visual Studio setup instance: 80040154
[2020.11.24-22.33.25:018][  0]LogVSAccessor: Display: Unable to create Visual Studio setup instance: 80040154
[2020.11.24-22.33.26:533][  0]LogCook: Display: Max memory allowance for cook 16384mb min free memory 0mb
[2020.11.24-22.33.26:533][  0]LogCook: Display: Mobile HDR setting 1
[2020.11.24-22.33.26:984][  0]LogFileCache: Scanning file cache for directory 'D:/TwinStickGroupRepoZack/Twinstickshooter/Content/' took 0.02s
[2020.11.24-22.33.30:813][  0]SourceControl: Source control is disabled
[2020.11.24-22.33.30:826][  0]LogUnrealEdMisc: Loading editor; pre map load, took 55.948
[2020.11.24-22.33.30:919][  0]Cmd: MAP LOAD FILE="../../../../TwinStickGroupRepoZack/Twinstickshooter/Content/Levels/ArenaMap.umap" TEMPLATE=0 SHOWPROGRESS=1 FEATURELEVEL=3
[2020.11.24-22.33.30:928][  0]LightingResults: New page: Lighting Build
[2020.11.24-22.33.31:065][  0]LogWorld: UWorld::CleanupWorld for Untitled, bSessionEnded=true, bCleanupResources=true
[2020.11.24-22.33.31:102][  0]LogSlate: InvalidateAllWidgets triggered.  All widgets were invalidated
[2020.11.24-22.33.31:118][  0]MapCheck: New page: Map Check
[2020.11.24-22.33.31:118][  0]LightingResults: New page: Lighting Build
[2020.11.24-22.33.31:410][  0]LogAISub: UAISubsystem::~UAISubsystem EnvQueryManager (000001EF87C87C00), frame # 0
[2020.11.24-22.33.31:410][  0]LogAISub: UAISubsystem::~UAISubsystem AIPerceptionSystem (000001EF87CF9940), frame # 0
[2020.11.24-22.33.31:410][  0]LogUObjectHash: Compacting FUObjectHashTables data took   0.58ms
[2020.11.24-22.33.38:597][  0]LogAIModule: Creating AISystem for world ArenaMap
[2020.11.24-22.33.38:598][  0]LogAISub: UAISubsystem::UAISubsystem EnvQueryManager (000001EF978F7400), frame # 0
[2020.11.24-22.33.38:598][  0]LogAISub: UAISubsystem::UAISubsystem AIPerceptionSystem (000001EF803B5300), frame # 0
[2020.11.24-22.33.39:161][  0]LogEditorServer: Finished looking for orphan Actors (0.000 secs)
[2020.11.24-22.33.39:391][  0]LogUObjectHash: Compacting FUObjectHashTables data took   0.89ms
[2020.11.24-22.33.39:392][  0]Cmd: MAP CHECKDEP NOCLEARLOG
[2020.11.24-22.33.39:392][  0]MapCheck: Map check complete: 0 Error(s), 0 Warning(s), took 0.077ms to complete.
[2020.11.24-22.33.39:392][  0]LogFileHelpers: Loading map 'ArenaMap' took 8.529
[2020.11.24-22.33.39:409][  0]LogUnrealEdMisc: Total Editor Startup Time, took 64.529
[2020.11.24-22.33.41:044][  0]LogSlate: Updating window title bar state: overlay mode, drag disabled, window buttons hidden, title bar hidden
[2020.11.24-22.33.41:259][  0]LogSlate: Updating window title bar state: overlay mode, drag disabled, window buttons hidden, title bar hidden
[2020.11.24-22.33.41:264][  0]LogSlate: Updating window title bar state: overlay mode, drag disabled, window buttons hidden, title bar hidden
[2020.11.24-22.33.41:270][  0]LogSlate: Updating window title bar state: overlay mode, drag disabled, window buttons hidden, title bar hidden
[2020.11.24-22.33.41:454][  0]LogCollectionManager: Loaded 0 collections in 0.000762 seconds
[2020.11.24-22.33.41:790][  0]LogFileCache: Scanning file cache for directory 'D:/TwinStickGroupRepoZack/Twinstickshooter/Saved/Collections/' took 0.00s
[2020.11.24-22.33.41:790][  0]LogFileCache: Scanning file cache for directory 'D:/TwinStickGroupRepoZack/Twinstickshooter/Content/Developers/todd/Collections/' took 0.00s
[2020.11.24-22.33.41:791][  0]LogFileCache: Scanning file cache for directory 'D:/TwinStickGroupRepoZack/Twinstickshooter/Content/Collections/' took 0.00s
[2020.11.24-22.33.41:791][  0]LogContentBrowser: Native class hierarchy populated in 0.0095 seconds. Added 3427 classes and 821 folders.
[2020.11.24-22.33.41:886][  0]LogContentBrowser: Native class hierarchy updated for 'WidgetCarousel' in 0.0002 seconds. Added 0 classes and 0 folders.
[2020.11.24-22.33.42:662][  0]LogContentBrowser: Native class hierarchy updated for 'AddContentDialog' in 0.0002 seconds. Added 0 classes and 0 folders.
[2020.11.24-22.33.43:549][  0]LogSlate: Took 0.000119 seconds to synchronously load lazily loaded font '../../../Engine/Content/Slate/Fonts/Roboto-Regular.ttf' (155K)
[2020.11.24-22.33.43:560][  0]LogSlate: Took 0.000120 seconds to synchronously load lazily loaded font '../../../Engine/Content/Slate/Fonts/Roboto-Bold.ttf' (160K)
[2020.11.24-22.33.43:591][  0]LogSlate: Took 0.017362 seconds to synchronously load lazily loaded font '../../../Engine/Content/Editor/Slate/Fonts/FontAwesome.ttf' (139K)
[2020.11.24-22.33.44:025][  0]LogRenderer: Reallocating scene render targets to support 1184x548 Format 10 NumSamples 1 (Frame:1).
[2020.11.24-22.33.44:381][  0]LogContentBrowser: Native class hierarchy updated for 'HierarchicalLODOutliner' in 0.0002 seconds. Added 0 classes and 0 folders.
[2020.11.24-22.33.44:382][  0]LogLoad: (Engine Initialization) Total time: 69.50 seconds
[2020.11.24-22.33.44:382][  0]LogLoad: (Engine Initialization) Total Blueprint compile time: 0.00 seconds
[2020.11.24-22.33.44:646][  0]LogEditorViewport: Clicking on Actor (double click): Brush (Box Brush3)
[2020.11.24-22.33.44:696][  0]LogAssetRegistry: Asset discovery search completed in 51.0928 seconds
[2020.11.24-22.33.44:699][  0]LogCollectionManager: Fixed up redirectors for 0 collections in 0.000002 seconds (updated 0 objects)
[2020.11.24-22.33.44:745][  0]LogContentStreaming: Texture pool size now 1000 MB
[2020.11.24-22.33.44:936][  0]LogRenderer: Reallocating scene render targets to support 1184x564 Format 10 NumSamples 1 (Frame:5).
[2020.11.24-22.33.44:936][  0]LogSlate: Took 0.031184 seconds to synchronously load lazily loaded font '../../../Engine/Content/Slate/Fonts/Roboto-Light.ttf' (167K)
[2020.11.24-22.33.45:418][  7]LogSlate: Took 0.000131 seconds to synchronously load lazily loaded font '../../../Engine/Content/Slate/Fonts/Roboto-Light.ttf' (167K)
[2020.11.24-22.33.51:086][583]LogAssetEditorSubsystem: Opening Asset editor for SoundCue /Game/Audio/Death_Sounds/MaleDeath1.MaleDeath1
[2020.11.24-22.33.51:452][583]LogSlate: Took 0.000254 seconds to synchronously load lazily loaded font '../../../Engine/Content/Slate/Fonts/Roboto-BoldCondensed.ttf' (158K)
[2020.11.24-22.33.58:368][372]LogAssetEditorSubsystem: Opening Asset editor for SoundCue /Game/Audio/Death_Sounds/MaleDeath2.MaleDeath2
[2020.11.24-22.34.21:066][547]LogSlate: Window 'MaleDeath2' being destroyed
[2020.11.24-22.34.21:070][547]LogSlate: Window 'MaleDeath2' being destroyed
[2020.11.24-22.34.22:594][714]LogProperty: Warning: Serialized Class /Script/Engine.SoundCue for a property of Class /Script/Engine.SoundWave. Reference will be nullptred.
    Property = SoftObjectProperty /Script/Engine.SoundNodeWavePlayer:SoundWaveAssetPtr
    Item = SoundCue /Game/Audio/Death_Sounds/MonsterDeath3Sound.MonsterDeath3Sound
[2020.11.24-22.34.22:613][714]LogAssetEditorSubsystem: Opening Asset editor for SoundCue /Game/Audio/Death_Sounds/MonsterDeath3Sound.MonsterDeath3Sound
[2020.11.24-22.34.34:013][ 60]LogSlate: Window 'MonsterDeath3Sound' being destroyed
[2020.11.24-22.34.34:021][ 60]LogSlate: Window 'MonsterDeath3Sound' being destroyed
[2020.11.24-22.34.37:575][482]LogAssetEditorSubsystem: Opening Asset editor for SoundCue /Game/Audio/Death_Sounds/MonsterDeathSound.MonsterDeathSound
[2020.11.24-22.34.45:777][443]LogAssetEditorSubsystem: Opening Asset editor for SoundCue /Game/Audio/Death_Sounds/MonsterDeath2Sound.MonsterDeath2Sound
[2020.11.24-22.34.55:970][628]LogAssetEditorSubsystem: Opening Asset editor for SoundCue /Game/Audio/Death_Sounds/MonsterDeath3Sound.MonsterDeath3Sound
[2020.11.24-22.35.24:896][706]Cmd: OBJ SAVEPACKAGE PACKAGE="/Game/Audio/Death_Sounds/MonsterDeath3Sound" FILE="../../../../TwinStickGroupRepoZack/Twinstickshooter/Content/Audio/Death_Sounds/MonsterDeath3Sound.uasset" SILENT=true
[2020.11.24-22.35.24:978][706]LogSavePackage: Moving '../../../../TwinStickGroupRepoZack/Twinstickshooter/Saved/MonsterDeath3Sound550375044AE029F156204E8EB57840F8.tmp' to '../../../../TwinStickGroupRepoZack/Twinstickshooter/Content/Audio/Death_Sounds/MonsterDeath3Sound.uasset'
[2020.11.24-22.35.25:007][706]AssetCheck: New page: Asset Save: MonsterDeath3Sound
[2020.11.24-22.35.25:007][706]LogContentValidation: Display: Validating SoundCue /Game/Audio/Death_Sounds/MonsterDeath3Sound.MonsterDeath3Sound
[2020.11.24-22.35.28:737][144]LogTemp: Repeating last play command: New Editor Window (PIE)
[2020.11.24-22.35.28:752][144]LogPlayLevel: PlayLevel: No blueprints needed recompiling
[2020.11.24-22.35.28:788][144]PIE: New page: PIE session: ArenaMap (Nov 24, 2020, 12:35:28 PM)
[2020.11.24-22.35.28:856][144]LogOnline: OSS: Creating online subsystem instance for: NULL
[2020.11.24-22.35.28:871][144]LogOnline: OSS: TryLoadSubsystemAndSetDefault: Loaded subsystem for module [NULL]
[2020.11.24-22.35.28:871][144]LogPlayLevel: Creating play world package: /Game/Levels/UEDPIE_0_ArenaMap
[2020.11.24-22.35.28:948][144]LogPlayLevel: PIE: StaticDuplicateObject took: (0.076845s)
[2020.11.24-22.35.28:949][144]LogAIModule: Creating AISystem for world ArenaMap
[2020.11.24-22.35.28:949][144]LogAISub: UAISubsystem::UAISubsystem EnvQueryManager (000001EF9473A600), frame # 11144
[2020.11.24-22.35.28:949][144]LogAISub: UAISubsystem::UAISubsystem AIPerceptionSystem (000001EF9BC36980), frame # 11144
[2020.11.24-22.35.28:949][144]LogPlayLevel: PIE: World Init took: (0.001055s)
[2020.11.24-22.35.28:949][144]LogPlayLevel: PIE: Created PIE world by copying editor world from /Game/Levels/ArenaMap.ArenaMap to /Game/Levels/UEDPIE_0_ArenaMap.ArenaMap (0.078000s)
[2020.11.24-22.35.28:958][144]LogUObjectHash: Compacting FUObjectHashTables data took   0.51ms
[2020.11.24-22.35.28:959][144]LogAudioMixer: Display: Audio Mixer Platform Settings:
[2020.11.24-22.35.28:959][144]LogAudioMixer: Display: 	Sample Rate:						  48000
[2020.11.24-22.35.28:959][144]LogAudioMixer: Display: 	Callback Buffer Frame Size Requested: 1024
[2020.11.24-22.35.28:959][144]LogAudioMixer: Display: 	Callback Buffer Frame Size To Use:	  1024
[2020.11.24-22.35.28:959][144]LogAudioMixer: Display: 	Number of buffers to queue:			  2
[2020.11.24-22.35.28:959][144]LogAudioMixer: Display: 	Max Channels (voices):				  32
[2020.11.24-22.35.28:959][144]LogAudioMixer: Display: 	Number of Async Source Workers:		  0
[2020.11.24-22.35.28:959][144]LogAudio: Display: AudioDevice MaxSources: 32
[2020.11.24-22.35.28:960][144]LogAudio: Display: Using built-in audio occlusion.
[2020.11.24-22.35.28:960][144]LogAudioMixer: Display: Initializing audio mixer.
[2020.11.24-22.35.28:964][144]LogAudioMixer: Display: 0: FrontLeft
[2020.11.24-22.35.28:964][144]LogAudioMixer: Display: 1: FrontRight
[2020.11.24-22.35.28:985][144]LogAudioMixer: Display: Using Audio Device Headset Earphone (HyperX Virtual Surround Sound)
[2020.11.24-22.35.28:985][144]LogAudioMixer: Display: Initializing Sound Submixes...
[2020.11.24-22.35.28:985][144]LogAudioMixer: Display: Creating Master Submix 'MasterSubmixDefault'
[2020.11.24-22.35.28:985][144]LogAudioMixer: Display: Creating Master Submix 'MasterReverbSubmixDefault'
[2020.11.24-22.35.28:985][144]LogAudioMixer: Display: Creating Master Submix 'MasterEQSubmixDefault'
[2020.11.24-22.35.28:996][144]LogInit: FAudioDevice initialized.
[2020.11.24-22.35.29:015][144]LogSlate: Updating window title bar state: overlay mode, drag disabled, window buttons hidden, title bar hidden
[2020.11.24-22.35.29:015][144]LogLoad: Game class is 'TwinStickMode_C'
[2020.11.24-22.35.29:039][144]LogWorld: Bringing World /Game/Levels/UEDPIE_0_ArenaMap.ArenaMap up for play (max tick rate 0) at 2020.11.24-17.35.29
[2020.11.24-22.35.29:039][144]LogWorld: Bringing up level for play took: 0.002943
[2020.11.24-22.35.29:039][144]LogOnline: OSS: Creating online subsystem instance for: :Context_1
[2020.11.24-22.35.29:144][144]LogContentBrowser: Native class hierarchy updated for 'MovieSceneCapture' in 0.0003 seconds. Added 20 classes and 0 folders.
[2020.11.24-22.35.29:441][144]PIE: Server logged in
[2020.11.24-22.35.29:442][144]PIE: Play in editor total start time 0.693 seconds.
[2020.11.24-22.35.29:543][145]LogRenderer: Reallocating scene render targets to support 1280x720 Format 10 NumSamples 1 (Frame:1).
[2020.11.24-22.35.41:469][548]LogSlate: Updating window title bar state: overlay mode, drag disabled, window buttons hidden, title bar hidden
[2020.11.24-22.35.41:469][548]LogWorld: BeginTearingDown for /Game/Levels/UEDPIE_0_ArenaMap
[2020.11.24-22.35.41:470][548]LogSlate: Window 'Twinstickshooter Preview [NetMode: Standalone] (64-bit/Windows) ' being destroyed
[2020.11.24-22.35.41:510][548]LogWorld: UWorld::CleanupWorld for ArenaMap, bSessionEnded=true, bCleanupResources=true
[2020.11.24-22.35.41:511][548]LogSlate: InvalidateAllWidgets triggered.  All widgets were invalidated
[2020.11.24-22.35.41:675][548]LogPlayLevel: Display: Shutting down PIE online subsystems
[2020.11.24-22.35.41:676][548]LogSlate: InvalidateAllWidgets triggered.  All widgets were invalidated
[2020.11.24-22.35.41:778][548]LogAISub: UAISubsystem::~UAISubsystem AIPerceptionSystem (000001EF9BC36980), frame # 12548
[2020.11.24-22.35.41:778][548]LogAISub: UAISubsystem::~UAISubsystem EnvQueryManager (000001EF9473A600), frame # 12548
[2020.11.24-22.35.41:796][548]LogUObjectHash: Compacting FUObjectHashTables data took   0.65ms
[2020.11.24-22.35.41:817][549]LogPlayLevel: Display: Destroying online subsystem :Context_1
[2020.11.24-22.36.00:307][723]LogAssetEditorSubsystem: Opening Asset editor for SoundWave /Game/Audio/BowSound.BowSound
[2020.11.24-22.36.02:979][ 28]LogSlate: Window 'BowSound' being destroyed
[2020.11.24-22.36.02:984][ 28]LogSlate: Window 'BowSound' being destroyed
[2020.11.24-22.36.09:803][837]LogAssetEditorSubsystem: Opening Asset editor for SoundWave /Game/Audio/ButtonSound.ButtonSound
[2020.11.24-22.36.11:554][ 36]LogSlate: Window 'ButtonSound' being destroyed
[2020.11.24-22.36.11:560][ 36]LogSlate: Window 'ButtonSound' being destroyed
[2020.11.24-22.36.25:157][441]Cmd: OBJ SAVEPACKAGE PACKAGE="/Game/Levels/ArenaMap" FILE="../../../../TwinStickGroupRepoZack/Twinstickshooter/Content/Levels/ArenaMap.umap" SILENT=true AUTOSAVING=false KEEPDIRTY=false
[2020.11.24-22.36.25:168][441]LogUObjectHash: Compacting FUObjectHashTables data took   0.47ms
[2020.11.24-22.36.25:400][441]LogSavePackage: Moving '../../../../TwinStickGroupRepoZack/Twinstickshooter/Saved/ArenaMapF76B558541DBDCC47D1F82892B685769.tmp' to '../../../../TwinStickGroupRepoZack/Twinstickshooter/Content/Levels/ArenaMap.umap'
[2020.11.24-22.36.25:425][441]Cmd: OBJ SAVEPACKAGE PACKAGE="/Game/Levels/ArenaMap_BuiltData" FILE="../../../../TwinStickGroupRepoZack/Twinstickshooter/Content/Levels/ArenaMap_BuiltData.uasset" SILENT=true
[2020.11.24-22.36.25:863][441]LogSavePackage: Moving '../../../../TwinStickGroupRepoZack/Twinstickshooter/Saved/ArenaMap_BuiltData998205014D415BB9155D77A38DA8ED69.tmp' to '../../../../TwinStickGroupRepoZack/Twinstickshooter/Content/Levels/ArenaMap_BuiltData.uasset'
[2020.11.24-22.36.25:876][441]AssetCheck: New page: Asset Save: multiple assets
[2020.11.24-22.36.25:876][441]LogContentValidation: Display: Validating World /Game/Levels/ArenaMap.ArenaMap
[2020.11.24-22.36.25:876][441]LogContentValidation: Display: Validating MapBuildDataRegistry /Game/Levels/ArenaMap_BuiltData.ArenaMap_BuiltData
[2020.11.24-22.36.26:282][490]LogTemp: Repeating last play command: New Editor Window (PIE)
[2020.11.24-22.36.26:297][490]LogPlayLevel: PlayLevel: No blueprints needed recompiling
[2020.11.24-22.36.26:297][490]PIE: New page: PIE session: ArenaMap (Nov 24, 2020, 12:36:26 PM)
[2020.11.24-22.36.26:298][490]LogPlayLevel: Creating play world package: /Game/Levels/UEDPIE_0_ArenaMap
[2020.11.24-22.36.26:329][490]LogPlayLevel: PIE: StaticDuplicateObject took: (0.030967s)
[2020.11.24-22.36.26:329][490]LogAIModule: Creating AISystem for world ArenaMap
[2020.11.24-22.36.26:329][490]LogAISub: UAISubsystem::UAISubsystem EnvQueryManager (000001EF93BD0C00), frame # 16490
[2020.11.24-22.36.26:329][490]LogAISub: UAISubsystem::UAISubsystem AIPerceptionSystem (000001EF94706340), frame # 16490
[2020.11.24-22.36.26:330][490]LogPlayLevel: PIE: World Init took: (0.000846s)
[2020.11.24-22.36.26:330][490]LogPlayLevel: PIE: Created PIE world by copying editor world from /Game/Levels/ArenaMap.ArenaMap to /Game/Levels/UEDPIE_0_ArenaMap.ArenaMap (0.031924s)
[2020.11.24-22.36.26:338][490]LogUObjectHash: Compacting FUObjectHashTables data took   0.45ms
[2020.11.24-22.36.26:340][490]LogAudioMixer: Display: Audio Mixer Platform Settings:
[2020.11.24-22.36.26:340][490]LogAudioMixer: Display: 	Sample Rate:						  48000
[2020.11.24-22.36.26:340][490]LogAudioMixer: Display: 	Callback Buffer Frame Size Requested: 1024
[2020.11.24-22.36.26:340][490]LogAudioMixer: Display: 	Callback Buffer Frame Size To Use:	  1024
[2020.11.24-22.36.26:340][490]LogAudioMixer: Display: 	Number of buffers to queue:			  2
[2020.11.24-22.36.26:340][490]LogAudioMixer: Display: 	Max Channels (voices):				  32
[2020.11.24-22.36.26:340][490]LogAudioMixer: Display: 	Number of Async Source Workers:		  0
[2020.11.24-22.36.26:340][490]LogAudio: Display: AudioDevice MaxSources: 32
[2020.11.24-22.36.26:340][490]LogAudio: Display: Using built-in audio occlusion.
[2020.11.24-22.36.26:340][490]LogAudioMixer: Display: Initializing audio mixer.
[2020.11.24-22.36.26:344][490]LogAudioMixer: Display: 0: FrontLeft
[2020.11.24-22.36.26:344][490]LogAudioMixer: Display: 1: FrontRight
[2020.11.24-22.36.26:357][490]LogAudioMixer: Display: Using Audio Device Headset Earphone (HyperX Virtual Surround Sound)
[2020.11.24-22.36.26:357][490]LogAudioMixer: Display: Initializing Sound Submixes...
[2020.11.24-22.36.26:357][490]LogAudioMixer: Display: Creating Master Submix 'MasterSubmixDefault'
[2020.11.24-22.36.26:357][490]LogAudioMixer: Display: Creating Master Submix 'MasterReverbSubmixDefault'
[2020.11.24-22.36.26:357][490]LogAudioMixer: Display: Creating Master Submix 'MasterEQSubmixDefault'
[2020.11.24-22.36.26:368][490]LogInit: FAudioDevice initialized.
[2020.11.24-22.36.26:382][490]LogSlate: Updating window title bar state: overlay mode, drag disabled, window buttons hidden, title bar hidden
[2020.11.24-22.36.26:383][490]LogLoad: Game class is 'TwinStickMode_C'
[2020.11.24-22.36.26:387][490]LogWorld: Bringing World /Game/Levels/UEDPIE_0_ArenaMap.ArenaMap up for play (max tick rate 0) at 2020.11.24-17.36.26
[2020.11.24-22.36.26:387][490]LogWorld: Bringing up level for play took: 0.003963
[2020.11.24-22.36.26:388][490]LogOnline: OSS: Creating online subsystem instance for: :Context_5
[2020.11.24-22.36.26:394][490]PIE: Server logged in
[2020.11.24-22.36.26:395][490]PIE: Play in editor total start time 0.101 seconds.
[2020.11.24-22.36.36:409][681]LogSlate: Updating window title bar state: overlay mode, drag disabled, window buttons hidden, title bar hidden
[2020.11.24-22.36.36:410][681]LogWorld: BeginTearingDown for /Game/Levels/UEDPIE_0_ArenaMap
[2020.11.24-22.36.36:411][681]LogSlate: Window 'Twinstickshooter Preview [NetMode: Standalone] (64-bit/Windows) ' being destroyed
[2020.11.24-22.36.36:428][681]LogWorld: UWorld::CleanupWorld for ArenaMap, bSessionEnded=true, bCleanupResources=true
[2020.11.24-22.36.36:430][681]LogSlate: InvalidateAllWidgets triggered.  All widgets were invalidated
[2020.11.24-22.36.36:439][681]LogPlayLevel: Display: Shutting down PIE online subsystems
[2020.11.24-22.36.36:441][681]LogSlate: InvalidateAllWidgets triggered.  All widgets were invalidated
[2020.11.24-22.36.36:469][681]LogAISub: UAISubsystem::~UAISubsystem AIPerceptionSystem (000001EF94706340), frame # 17681
[2020.11.24-22.36.36:469][681]LogAISub: UAISubsystem::~UAISubsystem EnvQueryManager (000001EF93BD0C00), frame # 17681
[2020.11.24-22.36.36:470][681]LogUObjectHash: Compacting FUObjectHashTables data took   0.49ms
[2020.11.24-22.36.36:491][682]LogPlayLevel: Display: Destroying online subsystem :Context_5
[2020.11.24-22.36.41:935][330]Cmd: OBJ SAVEPACKAGE PACKAGE="/Game/Levels/ArenaMap" FILE="../../../../TwinStickGroupRepoZack/Twinstickshooter/Content/Levels/ArenaMap.umap" SILENT=true AUTOSAVING=false KEEPDIRTY=false
[2020.11.24-22.36.41:945][330]LogUObjectHash: Compacting FUObjectHashTables data took   0.45ms
[2020.11.24-22.36.42:154][330]LogSavePackage: Moving '../../../../TwinStickGroupRepoZack/Twinstickshooter/Saved/ArenaMap4D84F9134146DDA30B05D986188BC898.tmp' to '../../../../TwinStickGroupRepoZack/Twinstickshooter/Content/Levels/ArenaMap.umap'
[2020.11.24-22.36.42:179][330]Cmd: OBJ SAVEPACKAGE PACKAGE="/Game/Levels/ArenaMap_BuiltData" FILE="../../../../TwinStickGroupRepoZack/Twinstickshooter/Content/Levels/ArenaMap_BuiltData.uasset" SILENT=true
[2020.11.24-22.36.42:483][330]LogSavePackage: Moving '../../../../TwinStickGroupRepoZack/Twinstickshooter/Saved/ArenaMap_BuiltData948B67634596AF32EFC9E7A1D8C86912.tmp' to '../../../../TwinStickGroupRepoZack/Twinstickshooter/Content/Levels/ArenaMap_BuiltData.uasset'
[2020.11.24-22.36.42:497][330]AssetCheck: New page: Asset Save: multiple assets
[2020.11.24-22.36.42:497][330]LogContentValidation: Display: Validating World /Game/Levels/ArenaMap.ArenaMap
[2020.11.24-22.36.42:497][330]LogContentValidation: Display: Validating MapBuildDataRegistry /Game/Levels/ArenaMap_BuiltData.ArenaMap_BuiltData
