Log file open, 11/09/20 21:37:13
LogInit: Display: Running engine for game: Twinstickshooter
LogPlatformFile: Not using cached read wrapper
LogTaskGraph: Started task graph with 5 named threads and 23 total threads with 3 sets of task threads.
LogStats: Stats thread started at 0.450303
LogD3D11RHI: Loaded GFSDK_Aftermath_Lib.x64.dll
LogICUInternationalization: ICU TimeZone Detection - Raw Offset: -5:00, Platform Override: ''
LogPluginManager: Mounting plugin Paper2D
LogPluginManager: Mounting plugin AISupport
LogPluginManager: Mounting plugin LightPropagationVolume
LogPluginManager: Mounting plugin CameraShakePreviewer
LogPluginManager: Mounting plugin ActorLayerUtilities
LogPluginManager: Mounting plugin AnimationSharing
LogPluginManager: Mounting plugin CLionSourceCodeAccess
LogPluginManager: Mounting plugin CodeLiteSourceCodeAccess
LogPluginManager: Mounting plugin GitSourceControl
LogPluginManager: Mounting plugin KDevelopSourceCodeAccess
LogPluginManager: Mounting plugin NullSourceCodeAccess
LogPluginManager: Mounting plugin PerforceSourceControl
LogPluginManager: Mounting plugin PlasticSourceControl
LogPluginManager: Mounting plugin RiderSourceCodeAccess
LogPluginManager: Mounting plugin SubversionSourceControl
LogPluginManager: Mounting plugin UObjectPlugin
LogPluginManager: Mounting plugin VisualStudioCodeSourceCodeAccess
LogPluginManager: Mounting plugin VisualStudioSourceCodeAccess
LogPluginManager: Mounting plugin XCodeSourceCodeAccess
LogPluginManager: Mounting plugin AssetManagerEditor
LogPluginManager: Mounting plugin CryptoKeys
LogPluginManager: Mounting plugin CurveEditorTools
LogPluginManager: Mounting plugin DataValidation
LogPluginManager: Mounting plugin EditorScriptingUtilities
LogPluginManager: Mounting plugin FacialAnimation
LogPluginManager: Mounting plugin GameplayTagsEditor
LogPluginManager: Mounting plugin GeometryMode
LogPluginManager: Mounting plugin MacGraphicsSwitching
LogPluginManager: Mounting plugin MaterialAnalyzer
LogPluginManager: Mounting plugin MobileLauncherProfileWizard
LogPluginManager: Mounting plugin PluginBrowser
LogPluginManager: Mounting plugin SpeedTreeImporter
LogPluginManager: Mounting plugin DatasmithContent
LogPluginManager: Mounting plugin VariantManagerContent
LogPluginManager: Mounting plugin AlembicImporter
LogPluginManager: Mounting plugin AutomationUtils
LogPluginManager: Mounting plugin BackChannel
LogPluginManager: Mounting plugin ChaosCloth
LogPluginManager: Mounting plugin ChaosClothEditor
LogPluginManager: Mounting plugin ChaosEditor
LogPluginManager: Mounting plugin ChaosNiagara
LogPluginManager: Mounting plugin ChaosSolverPlugin
LogPluginManager: Mounting plugin CharacterAI
LogPluginManager: Mounting plugin GeometryCache
LogPluginManager: Mounting plugin GeometryCollectionPlugin
LogPluginManager: Mounting plugin GeometryProcessing
LogPluginManager: Mounting plugin PlanarCut
LogPluginManager: Mounting plugin PlatformCrypto
LogPluginManager: Mounting plugin ProxyLODPlugin
LogPluginManager: Mounting plugin SkeletalReduction
LogPluginManager: Mounting plugin Niagara
LogPluginManager: Mounting plugin MagicLeap
LogPluginManager: Mounting plugin MagicLeapLightEstimation
LogPluginManager: Mounting plugin MagicLeapMedia
LogPluginManager: Mounting plugin MagicLeapPassableWorld
LogPluginManager: Mounting plugin MLSDK
LogPluginManager: Mounting plugin AndroidMedia
LogPluginManager: Mounting plugin AvfMedia
LogPluginManager: Mounting plugin ImgMedia
LogPluginManager: Mounting plugin MediaCompositing
LogPluginManager: Mounting plugin MediaPlayerEditor
LogPluginManager: Mounting plugin WebMMedia
LogPluginManager: Mounting plugin WmfMedia
LogPluginManager: Mounting plugin MeshPainting
LogPluginManager: Mounting plugin TcpMessaging
LogPluginManager: Mounting plugin UdpMessaging
LogPluginManager: Mounting plugin ActorSequence
LogPluginManager: Mounting plugin LevelSequenceEditor
LogPluginManager: Mounting plugin MatineeToLevelSequence
LogPluginManager: Mounting plugin MovieRenderPipeline
LogPluginManager: Mounting plugin TemplateSequence
LogPluginManager: Mounting plugin NetcodeUnitTest
LogPluginManager: Mounting plugin NUTUnrealEngine4
LogPluginManager: Mounting plugin OnlineSubsystemGooglePlay
LogPluginManager: Mounting plugin OnlineSubsystemIOS
LogPluginManager: Mounting plugin OnlineSubsystem
LogPluginManager: Mounting plugin OnlineSubsystemNull
LogPluginManager: Mounting plugin OnlineSubsystemUtils
LogPluginManager: Mounting plugin LauncherChunkInstaller
LogPluginManager: Mounting plugin AndroidDeviceProfileSelector
LogPluginManager: Mounting plugin AndroidMoviePlayer
LogPluginManager: Mounting plugin AndroidPermission
LogPluginManager: Mounting plugin AppleImageUtils
LogPluginManager: Mounting plugin AppleMoviePlayer
LogPluginManager: Mounting plugin ArchVisCharacter
LogPluginManager: Mounting plugin AssetTags
LogPluginManager: Mounting plugin AudioCapture
LogPluginManager: Mounting plugin CableComponent
LogPluginManager: Mounting plugin CustomMeshComponent
LogPluginManager: Mounting plugin EditableMesh
LogPluginManager: Mounting plugin ExampleDeviceProfileSelector
LogPluginManager: Mounting plugin GoogleCloudMessaging
LogPluginManager: Mounting plugin GooglePAD
LogPluginManager: Mounting plugin IOSDeviceProfileSelector
LogPluginManager: Mounting plugin LinuxDeviceProfileSelector
LogPluginManager: Mounting plugin LocationServicesBPLibrary
LogPluginManager: Mounting plugin MobilePatchingUtils
LogPluginManager: Mounting plugin OculusVR
LogPluginManager: Mounting plugin PhysXVehicles
LogPluginManager: Mounting plugin PostSplashScreen
LogPluginManager: Mounting plugin ProceduralMeshComponent
LogPluginManager: Mounting plugin RuntimePhysXCooking
LogPluginManager: Mounting plugin SignificanceManager
LogPluginManager: Mounting plugin SoundFields
LogPluginManager: Mounting plugin SteamVR
LogPluginManager: Mounting plugin Synthesis
LogPluginManager: Mounting plugin WebMMoviePlayer
LogPluginManager: Mounting plugin WindowsMoviePlayer
LogPluginManager: Mounting plugin ScreenshotTools
LogInit: Using libcurl 7.55.1-DEV
LogInit:  - built for x86_64-pc-win32
LogInit:  - supports SSL with OpenSSL/1.1.1
LogInit:  - supports HTTP deflate (compression) using libz 1.2.8
LogInit:  - other features:
LogInit:      CURL_VERSION_SSL
LogInit:      CURL_VERSION_LIBZ
LogInit:      CURL_VERSION_IPV6
LogInit:      CURL_VERSION_ASYNCHDNS
LogInit:      CURL_VERSION_LARGEFILE
LogInit:      CURL_VERSION_IDN
LogInit:  CurlRequestOptions (configurable via config and command line):
LogInit:  - bVerifyPeer = true  - Libcurl will verify peer certificate
LogInit:  - bUseHttpProxy = false  - Libcurl will NOT use HTTP proxy
LogInit:  - bDontReuseConnections = false  - Libcurl will reuse connections
LogInit:  - MaxHostConnections = 16  - Libcurl will limit the number of connections to a host
LogInit:  - LocalHostAddr = Default
LogInit:  - BufferSize = 65536
LogOnline: OSS: Creating online subsystem instance for: NULL
LogInit: WinSock: version 1.1 (2.2), MaxSocks=32767, MaxUdp=65467
LogOnline: OSS: TryLoadSubsystemAndSetDefault: Loaded subsystem for module [NULL]
LogInit: Build: ++UE4+Release-4.25-CL-13942748
LogInit: Engine Version: 4.25.3-13942748+++UE4+Release-4.25
LogInit: Compatible Engine Version: 4.25.0-13144385+++UE4+Release-4.25
LogInit: Net CL: 13144385
LogInit: OS: Windows 10 (Release 1909) (), CPU: Intel(R) Core(TM) i7-7700HQ CPU @ 2.80GHz, GPU: NVIDIA GeForce GTX 1060
LogInit: Compiled (64-bit): Jul 25 2020 02:07:48
LogInit: Compiled with Visual C++: 19.24.28315.00
LogInit: Build Configuration: Development
LogInit: Branch Name: ++UE4+Release-4.25
LogInit: Command Line: 
LogInit: Base Directory: C:/Program Files/Epic Games/UE_4.25/Engine/Binaries/Win64/
LogInit: Allocator: TBB
LogInit: Installed Engine Build: 1
LogDevObjectVersion: Number of dev versions registered: 26
LogDevObjectVersion:   Dev-Blueprints (B0D832E4-1F89-4F0D-ACCF-7EB736FD4AA2): 10
LogDevObjectVersion:   Dev-Build (E1C64328-A22C-4D53-A36C-8E866417BD8C): 0
LogDevObjectVersion:   Dev-Core (375EC13C-06E4-48FB-B500-84F0262A717E): 4
LogDevObjectVersion:   Dev-Editor (E4B068ED-F494-42E9-A231-DA0B2E46BB41): 38
LogDevObjectVersion:   Dev-Framework (CFFC743F-43B0-4480-9391-14DF171D2073): 37
LogDevObjectVersion:   Dev-Mobile (B02B49B5-BB20-44E9-A304-32B752E40360): 2
LogDevObjectVersion:   Dev-Networking (A4E4105C-59A1-49B5-A7C5-40C4547EDFEE): 0
LogDevObjectVersion:   Dev-Online (39C831C9-5AE6-47DC-9A44-9C173E1C8E7C): 0
LogDevObjectVersion:   Dev-Physics (78F01B33-EBEA-4F98-B9B4-84EACCB95AA2): 4
LogDevObjectVersion:   Dev-Platform (6631380F-2D4D-43E0-8009-CF276956A95A): 0
LogDevObjectVersion:   Dev-Rendering (12F88B9F-8875-4AFC-A67C-D90C383ABD29): 43
LogDevObjectVersion:   Dev-Sequencer (7B5AE74C-D270-4C10-A958-57980B212A5A): 12
LogDevObjectVersion:   Dev-VR (D7296918-1DD6-4BDD-9DE2-64A83CC13884): 3
LogDevObjectVersion:   Dev-LoadTimes (C2A15278-BFE7-4AFE-6C17-90FF531DF755): 1
LogDevObjectVersion:   Private-Geometry (6EACA3D4-40EC-4CC1-B786-8BED09428FC5): 3
LogDevObjectVersion:   Dev-AnimPhys (29E575DD-E0A3-4627-9D10-D276232CDCEA): 17
LogDevObjectVersion:   Dev-Anim (AF43A65D-7FD3-4947-9873-3E8ED9C1BB05): 7
LogDevObjectVersion:   Dev-ReflectionCapture (6B266CEC-1EC7-4B8F-A30B-E4D90942FC07): 1
LogDevObjectVersion:   Dev-Automation (0DF73D61-A23F-47EA-B727-89E90C41499A): 1
LogDevObjectVersion:   FortniteMain (601D1886-AC64-4F84-AA16-D3DE0DEAC7D6): 31
LogDevObjectVersion:   Dev-Enterprise (9DFFBCD6-494F-0158-E221-12823C92A888): 10
LogDevObjectVersion:   Dev-Niagara (F2AED0AC-9AFE-416F-8664-AA7FFA26D6FC): 1
LogDevObjectVersion:   Dev-Destruction (174F1F0B-B4C6-45A5-B13F-2EE8D0FB917D): 10
LogDevObjectVersion:   Dev-Physics-Ext (35F94A83-E258-406C-A318-09F59610247C): 37
LogDevObjectVersion:   Dev-PhysicsMaterial-Chaos (B68FC16E-8B1B-42E2-B453-215C058844FE): 1
LogDevObjectVersion:   Dev-CineCamera (B2E18506-4273-CFC2-A54E-F4BB758BBA07): 1
LogInit: Presizing for max 25165824 objects, including 0 objects not considered by GC, pre-allocating 0 bytes for permanent pool.
LogConfig: Applying CVar settings from Section [/Script/Engine.StreamingSettings] File [C:/Users/dunph/Documents/Unreal Projects/opendoorproject/TwinStickGroupRepoZack/Twinstickshooter/Saved/Config/Windows/Engine.ini]
LogConfig: Setting CVar [[s.MinBulkDataSizeForAsyncLoading:131072]]
LogConfig: Setting CVar [[s.AsyncLoadingThreadEnabled:0]]
LogConfig: Setting CVar [[s.EventDrivenLoaderEnabled:1]]
LogConfig: Setting CVar [[s.WarnIfTimeLimitExceeded:0]]
LogConfig: Setting CVar [[s.TimeLimitExceededMultiplier:1.5]]
LogConfig: Setting CVar [[s.TimeLimitExceededMinTime:0.005]]
LogConfig: Setting CVar [[s.UseBackgroundLevelStreaming:1]]
LogConfig: Setting CVar [[s.PriorityAsyncLoadingExtraTime:15.0]]
LogConfig: Setting CVar [[s.LevelStreamingActorsUpdateTimeLimit:5.0]]
LogConfig: Setting CVar [[s.PriorityLevelStreamingActorsUpdateExtraTime:5.0]]
LogConfig: Setting CVar [[s.LevelStreamingComponentsRegistrationGranularity:10]]
LogConfig: Setting CVar [[s.UnregisterComponentsTimeLimit:1.0]]
LogConfig: Setting CVar [[s.LevelStreamingComponentsUnregistrationGranularity:5]]
LogConfig: Setting CVar [[s.FlushStreamingOnExit:1]]
LogInit: Object subsystem initialized
LogConfig: Setting CVar [[con.DebugEarlyDefault:1]]
LogConfig: Setting CVar [[r.setres:1280x720]]
[2020.11.10-02.37.14:125][  0]LogConfig: Setting CVar [[r.VSync:0]]
[2020.11.10-02.37.14:125][  0]LogConfig: Setting CVar [[r.RHICmdBypass:0]]
[2020.11.10-02.37.14:125][  0]LogConfig: Applying CVar settings from Section [/Script/Engine.RendererSettings] File [C:/Users/dunph/Documents/Unreal Projects/opendoorproject/TwinStickGroupRepoZack/Twinstickshooter/Saved/Config/Windows/Engine.ini]
[2020.11.10-02.37.14:125][  0]LogConfig: Setting CVar [[r.GPUCrashDebugging:0]]
[2020.11.10-02.37.14:125][  0]LogConfig: Applying CVar settings from Section [/Script/Engine.RendererOverrideSettings] File [C:/Users/dunph/Documents/Unreal Projects/opendoorproject/TwinStickGroupRepoZack/Twinstickshooter/Saved/Config/Windows/Engine.ini]
[2020.11.10-02.37.14:125][  0]LogConfig: Applying CVar settings from Section [/Script/Engine.StreamingSettings] File [C:/Users/dunph/Documents/Unreal Projects/opendoorproject/TwinStickGroupRepoZack/Twinstickshooter/Saved/Config/Windows/Engine.ini]
[2020.11.10-02.37.14:125][  0]LogConfig: Setting CVar [[s.MinBulkDataSizeForAsyncLoading:131072]]
[2020.11.10-02.37.14:125][  0]LogConfig: Setting CVar [[s.AsyncLoadingThreadEnabled:0]]
[2020.11.10-02.37.14:125][  0]LogConfig: Setting CVar [[s.EventDrivenLoaderEnabled:1]]
[2020.11.10-02.37.14:125][  0]LogConfig: Setting CVar [[s.WarnIfTimeLimitExceeded:0]]
[2020.11.10-02.37.14:125][  0]LogConfig: Setting CVar [[s.TimeLimitExceededMultiplier:1.5]]
[2020.11.10-02.37.14:125][  0]LogConfig: Setting CVar [[s.TimeLimitExceededMinTime:0.005]]
[2020.11.10-02.37.14:125][  0]LogConfig: Setting CVar [[s.UseBackgroundLevelStreaming:1]]
[2020.11.10-02.37.14:125][  0]LogConfig: Setting CVar [[s.PriorityAsyncLoadingExtraTime:15.0]]
[2020.11.10-02.37.14:125][  0]LogConfig: Setting CVar [[s.LevelStreamingActorsUpdateTimeLimit:5.0]]
[2020.11.10-02.37.14:125][  0]LogConfig: Setting CVar [[s.PriorityLevelStreamingActorsUpdateExtraTime:5.0]]
[2020.11.10-02.37.14:125][  0]LogConfig: Setting CVar [[s.LevelStreamingComponentsRegistrationGranularity:10]]
[2020.11.10-02.37.14:125][  0]LogConfig: Setting CVar [[s.UnregisterComponentsTimeLimit:1.0]]
[2020.11.10-02.37.14:125][  0]LogConfig: Setting CVar [[s.LevelStreamingComponentsUnregistrationGranularity:5]]
[2020.11.10-02.37.14:125][  0]LogConfig: Setting CVar [[s.FlushStreamingOnExit:1]]
[2020.11.10-02.37.14:125][  0]LogConfig: Applying CVar settings from Section [/Script/Engine.GarbageCollectionSettings] File [C:/Users/dunph/Documents/Unreal Projects/opendoorproject/TwinStickGroupRepoZack/Twinstickshooter/Saved/Config/Windows/Engine.ini]
[2020.11.10-02.37.14:125][  0]LogConfig: Setting CVar [[gc.MaxObjectsNotConsideredByGC:1]]
[2020.11.10-02.37.14:125][  0]LogConfig: Setting CVar [[gc.SizeOfPermanentObjectPool:0]]
[2020.11.10-02.37.14:125][  0]LogConfig: Setting CVar [[gc.FlushStreamingOnGC:0]]
[2020.11.10-02.37.14:125][  0]LogConfig: Setting CVar [[gc.NumRetriesBeforeForcingGC:10]]
[2020.11.10-02.37.14:125][  0]LogConfig: Setting CVar [[gc.AllowParallelGC:1]]
[2020.11.10-02.37.14:125][  0]LogConfig: Setting CVar [[gc.TimeBetweenPurgingPendingKillObjects:61.1]]
[2020.11.10-02.37.14:125][  0]LogConfig: Setting CVar [[gc.MaxObjectsInEditor:25165824]]
[2020.11.10-02.37.14:125][  0]LogConfig: Setting CVar [[gc.IncrementalBeginDestroyEnabled:1]]
[2020.11.10-02.37.14:125][  0]LogConfig: Setting CVar [[gc.CreateGCClusters:1]]
[2020.11.10-02.37.14:125][  0]LogConfig: Setting CVar [[gc.MinGCClusterSize:5]]
[2020.11.10-02.37.14:125][  0]LogConfig: Setting CVar [[gc.ActorClusteringEnabled:0]]
[2020.11.10-02.37.14:125][  0]LogConfig: Setting CVar [[gc.BlueprintClusteringEnabled:0]]
[2020.11.10-02.37.14:125][  0]LogConfig: Setting CVar [[gc.UseDisregardForGCOnDedicatedServers:0]]
[2020.11.10-02.37.14:125][  0]LogConfig: Applying CVar settings from Section [/Script/Engine.NetworkSettings] File [C:/Users/dunph/Documents/Unreal Projects/opendoorproject/TwinStickGroupRepoZack/Twinstickshooter/Saved/Config/Windows/Engine.ini]
[2020.11.10-02.37.14:125][  0]LogConfig: Applying CVar settings from Section [/Script/UnrealEd.CookerSettings] File [C:/Users/dunph/Documents/Unreal Projects/opendoorproject/TwinStickGroupRepoZack/Twinstickshooter/Saved/Config/Windows/Engine.ini]
[2020.11.10-02.37.14:128][  0]LogConfig: Applying CVar settings from Section [ViewDistanceQuality@3] File [C:/Users/dunph/Documents/Unreal Projects/opendoorproject/TwinStickGroupRepoZack/Twinstickshooter/Saved/Config/Windows/Scalability.ini]
[2020.11.10-02.37.14:128][  0]LogConfig: Setting CVar [[r.SkeletalMeshLODBias:0]]
[2020.11.10-02.37.14:128][  0]LogConfig: Setting CVar [[r.ViewDistanceScale:1.0]]
[2020.11.10-02.37.14:128][  0]LogConfig: Applying CVar settings from Section [AntiAliasingQuality@3] File [C:/Users/dunph/Documents/Unreal Projects/opendoorproject/TwinStickGroupRepoZack/Twinstickshooter/Saved/Config/Windows/Scalability.ini]
[2020.11.10-02.37.14:128][  0]LogConfig: Setting CVar [[r.PostProcessAAQuality:4]]
[2020.11.10-02.37.14:128][  0]LogConfig: Applying CVar settings from Section [ShadowQuality@3] File [C:/Users/dunph/Documents/Unreal Projects/opendoorproject/TwinStickGroupRepoZack/Twinstickshooter/Saved/Config/Windows/Scalability.ini]
[2020.11.10-02.37.14:128][  0]LogConfig: Setting CVar [[r.LightFunctionQuality:1]]
[2020.11.10-02.37.14:128][  0]LogConfig: Setting CVar [[r.ShadowQuality:5]]
[2020.11.10-02.37.14:128][  0]LogConfig: Setting CVar [[r.Shadow.CSM.MaxCascades:10]]
[2020.11.10-02.37.14:128][  0]LogConfig: Setting CVar [[r.Shadow.MaxResolution:2048]]
[2020.11.10-02.37.14:128][  0]LogConfig: Setting CVar [[r.Shadow.MaxCSMResolution:2048]]
[2020.11.10-02.37.14:128][  0]LogConfig: Setting CVar [[r.Shadow.RadiusThreshold:0.01]]
[2020.11.10-02.37.14:128][  0]LogConfig: Setting CVar [[r.Shadow.DistanceScale:1.0]]
[2020.11.10-02.37.14:128][  0]LogConfig: Setting CVar [[r.Shadow.CSM.TransitionScale:1.0]]
[2020.11.10-02.37.14:128][  0]LogConfig: Setting CVar [[r.Shadow.PreShadowResolutionFactor:1.0]]
[2020.11.10-02.37.14:128][  0]LogConfig: Setting CVar [[r.DistanceFieldShadowing:1]]
[2020.11.10-02.37.14:128][  0]LogConfig: Setting CVar [[r.DistanceFieldAO:1]]
[2020.11.10-02.37.14:128][  0]LogConfig: Setting CVar [[r.AOQuality:2]]
[2020.11.10-02.37.14:128][  0]LogConfig: Setting CVar [[r.VolumetricFog:1]]
[2020.11.10-02.37.14:128][  0]LogConfig: Setting CVar [[r.VolumetricFog.GridPixelSize:8]]
[2020.11.10-02.37.14:128][  0]LogConfig: Setting CVar [[r.VolumetricFog.GridSizeZ:128]]
[2020.11.10-02.37.14:128][  0]LogConfig: Setting CVar [[r.VolumetricFog.HistoryMissSupersampleCount:4]]
[2020.11.10-02.37.14:128][  0]LogConfig: Setting CVar [[r.LightMaxDrawDistanceScale:1]]
[2020.11.10-02.37.14:128][  0]LogConfig: Setting CVar [[r.CapsuleShadows:1]]
[2020.11.10-02.37.14:128][  0]LogConfig: Applying CVar settings from Section [PostProcessQuality@3] File [C:/Users/dunph/Documents/Unreal Projects/opendoorproject/TwinStickGroupRepoZack/Twinstickshooter/Saved/Config/Windows/Scalability.ini]
[2020.11.10-02.37.14:128][  0]LogConfig: Setting CVar [[r.MotionBlurQuality:4]]
[2020.11.10-02.37.14:128][  0]LogConfig: Setting CVar [[r.AmbientOcclusionMipLevelFactor:0.4]]
[2020.11.10-02.37.14:128][  0]LogConfig: Setting CVar [[r.AmbientOcclusionMaxQuality:100]]
[2020.11.10-02.37.14:128][  0]LogConfig: Setting CVar [[r.AmbientOcclusionLevels:-1]]
[2020.11.10-02.37.14:128][  0]LogConfig: Setting CVar [[r.AmbientOcclusionRadiusScale:1.0]]
[2020.11.10-02.37.14:128][  0]LogConfig: Setting CVar [[r.DepthOfFieldQuality:2]]
[2020.11.10-02.37.14:128][  0]LogConfig: Setting CVar [[r.RenderTargetPoolMin:400]]
[2020.11.10-02.37.14:128][  0]LogConfig: Setting CVar [[r.LensFlareQuality:2]]
[2020.11.10-02.37.14:128][  0]LogConfig: Setting CVar [[r.SceneColorFringeQuality:1]]
[2020.11.10-02.37.14:128][  0]LogConfig: Setting CVar [[r.EyeAdaptationQuality:2]]
[2020.11.10-02.37.14:128][  0]LogConfig: Setting CVar [[r.BloomQuality:5]]
[2020.11.10-02.37.14:128][  0]LogConfig: Setting CVar [[r.FastBlurThreshold:100]]
[2020.11.10-02.37.14:128][  0]LogConfig: Setting CVar [[r.Upscale.Quality:3]]
[2020.11.10-02.37.14:128][  0]LogConfig: Setting CVar [[r.Tonemapper.GrainQuantization:1]]
[2020.11.10-02.37.14:128][  0]LogConfig: Setting CVar [[r.LightShaftQuality:1]]
[2020.11.10-02.37.14:128][  0]LogConfig: Setting CVar [[r.Filter.SizeScale:1]]
[2020.11.10-02.37.14:128][  0]LogConfig: Setting CVar [[r.Tonemapper.Quality:5]]
[2020.11.10-02.37.14:128][  0]LogConfig: Setting CVar [[r.DOF.Gather.AccumulatorQuality:1        ; higher gathering accumulator quality]]
[2020.11.10-02.37.14:128][  0]LogConfig: Setting CVar [[r.DOF.Gather.PostfilterMethod:1          ; Median3x3 postfilering method]]
[2020.11.10-02.37.14:128][  0]LogConfig: Setting CVar [[r.DOF.Gather.EnableBokehSettings:0       ; no bokeh simulation when gathering]]
[2020.11.10-02.37.14:128][  0]LogConfig: Setting CVar [[r.DOF.Gather.RingCount:4                 ; medium number of samples when gathering]]
[2020.11.10-02.37.14:128][  0]LogConfig: Setting CVar [[r.DOF.Scatter.ForegroundCompositing:1    ; additive foreground scattering]]
[2020.11.10-02.37.14:128][  0]LogConfig: Setting CVar [[r.DOF.Scatter.BackgroundCompositing:2    ; additive background scattering]]
[2020.11.10-02.37.14:128][  0]LogConfig: Setting CVar [[r.DOF.Scatter.EnableBokehSettings:1      ; bokeh simulation when scattering]]
[2020.11.10-02.37.14:128][  0]LogConfig: Setting CVar [[r.DOF.Scatter.MaxSpriteRatio:0.1         ; only a maximum of 10% of scattered bokeh]]
[2020.11.10-02.37.14:128][  0]LogConfig: Setting CVar [[r.DOF.Recombine.Quality:1                ; cheap slight out of focus]]
[2020.11.10-02.37.14:128][  0]LogConfig: Setting CVar [[r.DOF.Recombine.EnableBokehSettings:0    ; no bokeh simulation on slight out of focus]]
[2020.11.10-02.37.14:128][  0]LogConfig: Setting CVar [[r.DOF.TemporalAAQuality:1                ; more stable temporal accumulation]]
[2020.11.10-02.37.14:128][  0]LogConfig: Setting CVar [[r.DOF.Kernel.MaxForegroundRadius:0.025]]
[2020.11.10-02.37.14:128][  0]LogConfig: Setting CVar [[r.DOF.Kernel.MaxBackgroundRadius:0.025]]
[2020.11.10-02.37.14:128][  0]LogConfig: Applying CVar settings from Section [TextureQuality@3] File [C:/Users/dunph/Documents/Unreal Projects/opendoorproject/TwinStickGroupRepoZack/Twinstickshooter/Saved/Config/Windows/Scalability.ini]
[2020.11.10-02.37.14:128][  0]LogConfig: Setting CVar [[r.Streaming.MipBias:0]]
[2020.11.10-02.37.14:128][  0]LogConfig: Setting CVar [[r.Streaming.AmortizeCPUToGPUCopy:0]]
[2020.11.10-02.37.14:128][  0]LogConfig: Setting CVar [[r.Streaming.MaxNumTexturesToStreamPerFrame:0]]
[2020.11.10-02.37.14:129][  0]LogConfig: Setting CVar [[r.Streaming.Boost:1]]
[2020.11.10-02.37.14:129][  0]LogConfig: Setting CVar [[r.MaxAnisotropy:8]]
[2020.11.10-02.37.14:129][  0]LogConfig: Setting CVar [[r.VT.MaxAnisotropy:8]]
[2020.11.10-02.37.14:129][  0]LogConfig: Setting CVar [[r.Streaming.LimitPoolSizeToVRAM:0]]
[2020.11.10-02.37.14:129][  0]LogConfig: Setting CVar [[r.Streaming.PoolSize:1000]]
[2020.11.10-02.37.14:129][  0]LogConfig: Setting CVar [[r.Streaming.MaxEffectiveScreenSize:0]]
[2020.11.10-02.37.14:129][  0]LogConfig: Applying CVar settings from Section [EffectsQuality@3] File [C:/Users/dunph/Documents/Unreal Projects/opendoorproject/TwinStickGroupRepoZack/Twinstickshooter/Saved/Config/Windows/Scalability.ini]
[2020.11.10-02.37.14:129][  0]LogConfig: Setting CVar [[r.TranslucencyLightingVolumeDim:64]]
[2020.11.10-02.37.14:129][  0]LogConfig: Setting CVar [[r.RefractionQuality:2]]
[2020.11.10-02.37.14:129][  0]LogConfig: Setting CVar [[r.SSR.Quality:3]]
[2020.11.10-02.37.14:129][  0]LogConfig: Setting CVar [[r.SSR.HalfResSceneColor:0]]
[2020.11.10-02.37.14:129][  0]LogConfig: Setting CVar [[r.SceneColorFormat:4]]
[2020.11.10-02.37.14:129][  0]LogConfig: Setting CVar [[r.DetailMode:2]]
[2020.11.10-02.37.14:129][  0]LogConfig: Setting CVar [[r.TranslucencyVolumeBlur:1]]
[2020.11.10-02.37.14:129][  0]LogConfig: Setting CVar [[r.MaterialQualityLevel:1 ; High quality]]
[2020.11.10-02.37.14:129][  0]LogConfig: Setting CVar [[r.SSS.Scale:1]]
[2020.11.10-02.37.14:129][  0]LogConfig: Setting CVar [[r.SSS.SampleSet:2]]
[2020.11.10-02.37.14:129][  0]LogConfig: Setting CVar [[r.SSS.Quality:1]]
[2020.11.10-02.37.14:129][  0]LogConfig: Setting CVar [[r.SSS.HalfRes:0]]
[2020.11.10-02.37.14:129][  0]LogConfig: Setting CVar [[r.SSGI.Quality:3]]
[2020.11.10-02.37.14:129][  0]LogConfig: Setting CVar [[r.EmitterSpawnRateScale:1.0]]
[2020.11.10-02.37.14:129][  0]LogConfig: Setting CVar [[r.ParticleLightQuality:2]]
[2020.11.10-02.37.14:129][  0]LogConfig: Setting CVar [[r.SkyAtmosphere.AerialPerspectiveLUT.FastApplyOnOpaque:1 ; Always have FastSkyLUT 1 in this case to avoid wrong sky]]
[2020.11.10-02.37.14:129][  0]LogConfig: Setting CVar [[r.SkyAtmosphere.AerialPerspectiveLUT.SampleCountPerSlice:1]]
[2020.11.10-02.37.14:129][  0]LogConfig: Setting CVar [[r.SkyAtmosphere.AerialPerspectiveLUT.DepthResolution:16.0]]
[2020.11.10-02.37.14:129][  0]LogConfig: Setting CVar [[r.SkyAtmosphere.FastSkyLUT:1]]
[2020.11.10-02.37.14:129][  0]LogConfig: Setting CVar [[r.SkyAtmosphere.FastSkyLUT.SampleCountMin:4.0]]
[2020.11.10-02.37.14:129][  0]LogConfig: Setting CVar [[r.SkyAtmosphere.FastSkyLUT.SampleCountMax:32.0]]
[2020.11.10-02.37.14:129][  0]LogConfig: Setting CVar [[r.SkyAtmosphere.SampleCountMin:4.0]]
[2020.11.10-02.37.14:129][  0]LogConfig: Setting CVar [[r.SkyAtmosphere.SampleCountMax:32.0]]
[2020.11.10-02.37.14:129][  0]LogConfig: Setting CVar [[r.SkyAtmosphere.TransmittanceLUT.UseSmallFormat:0]]
[2020.11.10-02.37.14:129][  0]LogConfig: Setting CVar [[r.SkyAtmosphere.TransmittanceLUT.SampleCount:10.0]]
[2020.11.10-02.37.14:129][  0]LogConfig: Setting CVar [[r.SkyAtmosphere.MultiScatteringLUT.SampleCount:15.0]]
[2020.11.10-02.37.14:129][  0]LogConfig: Applying CVar settings from Section [FoliageQuality@3] File [C:/Users/dunph/Documents/Unreal Projects/opendoorproject/TwinStickGroupRepoZack/Twinstickshooter/Saved/Config/Windows/Scalability.ini]
[2020.11.10-02.37.14:129][  0]LogConfig: Setting CVar [[foliage.DensityScale:1.0]]
[2020.11.10-02.37.14:129][  0]LogConfig: Setting CVar [[grass.DensityScale:1.0]]
[2020.11.10-02.37.14:129][  0]LogConfig: Applying CVar settings from Section [ShadingQuality@3] File [C:/Users/dunph/Documents/Unreal Projects/opendoorproject/TwinStickGroupRepoZack/Twinstickshooter/Saved/Config/Windows/Scalability.ini]
[2020.11.10-02.37.14:129][  0]LogConfig: Setting CVar [[r.HairStrands.SkyLighting.SampleCount:16]]
[2020.11.10-02.37.14:129][  0]LogConfig: Setting CVar [[r.HairStrands.SkyLighting.JitterIntegration:0]]
[2020.11.10-02.37.14:129][  0]LogConfig: Setting CVar [[r.HairStrands.SkyAO.SampleCount:16]]
[2020.11.10-02.37.14:129][  0]LogConfig: Setting CVar [[r.HairStrands.DeepShadow.SuperSampling:0]]
[2020.11.10-02.37.14:129][  0]LogConfig: Setting CVar [[r.HairStrands.VisibilityPPLL:0]]
[2020.11.10-02.37.14:129][  0]LogConfig: Setting CVar [[r.HairStrands.RasterizationScale:0.5]]
[2020.11.10-02.37.14:129][  0]LogConfig: Setting CVar [[r.HairStrands.VelocityRasterizationScale:1]]
[2020.11.10-02.37.14:129][  0]LogInit: Selected Device Profile: [Windows]
[2020.11.10-02.37.14:129][  0]LogInit: Applying CVar settings loaded from the selected device profile: [Windows]
[2020.11.10-02.37.14:129][  0]LogHAL: Display: Platform has ~ 16 GB [17117089792 / 17179869184 / 16], which maps to Larger [LargestMinGB=32, LargerMinGB=12, DefaultMinGB=8, SmallerMinGB=6, SmallestMinGB=0)
[2020.11.10-02.37.14:129][  0]LogInit: Going up to parent DeviceProfile []
[2020.11.10-02.37.14:129][  0]LogConfig: Applying CVar settings from Section [ViewDistanceQuality@3] File [C:/Users/dunph/Documents/Unreal Projects/opendoorproject/TwinStickGroupRepoZack/Twinstickshooter/Saved/Config/Windows/Scalability.ini]
[2020.11.10-02.37.14:129][  0]LogConfig: Setting CVar [[r.SkeletalMeshLODBias:0]]
[2020.11.10-02.37.14:129][  0]LogConfig: Setting CVar [[r.ViewDistanceScale:1.0]]
[2020.11.10-02.37.14:129][  0]LogConfig: Applying CVar settings from Section [AntiAliasingQuality@3] File [C:/Users/dunph/Documents/Unreal Projects/opendoorproject/TwinStickGroupRepoZack/Twinstickshooter/Saved/Config/Windows/Scalability.ini]
[2020.11.10-02.37.14:129][  0]LogConfig: Setting CVar [[r.PostProcessAAQuality:4]]
[2020.11.10-02.37.14:129][  0]LogConfig: Applying CVar settings from Section [ShadowQuality@3] File [C:/Users/dunph/Documents/Unreal Projects/opendoorproject/TwinStickGroupRepoZack/Twinstickshooter/Saved/Config/Windows/Scalability.ini]
[2020.11.10-02.37.14:129][  0]LogConfig: Setting CVar [[r.LightFunctionQuality:1]]
[2020.11.10-02.37.14:129][  0]LogConfig: Setting CVar [[r.ShadowQuality:5]]
[2020.11.10-02.37.14:129][  0]LogConfig: Setting CVar [[r.Shadow.CSM.MaxCascades:10]]
[2020.11.10-02.37.14:129][  0]LogConfig: Setting CVar [[r.Shadow.MaxResolution:2048]]
[2020.11.10-02.37.14:129][  0]LogConfig: Setting CVar [[r.Shadow.MaxCSMResolution:2048]]
[2020.11.10-02.37.14:129][  0]LogConfig: Setting CVar [[r.Shadow.RadiusThreshold:0.01]]
[2020.11.10-02.37.14:129][  0]LogConfig: Setting CVar [[r.Shadow.DistanceScale:1.0]]
[2020.11.10-02.37.14:129][  0]LogConfig: Setting CVar [[r.Shadow.CSM.TransitionScale:1.0]]
[2020.11.10-02.37.14:129][  0]LogConfig: Setting CVar [[r.Shadow.PreShadowResolutionFactor:1.0]]
[2020.11.10-02.37.14:129][  0]LogConfig: Setting CVar [[r.DistanceFieldShadowing:1]]
[2020.11.10-02.37.14:129][  0]LogConfig: Setting CVar [[r.DistanceFieldAO:1]]
[2020.11.10-02.37.14:129][  0]LogConfig: Setting CVar [[r.AOQuality:2]]
[2020.11.10-02.37.14:129][  0]LogConfig: Setting CVar [[r.VolumetricFog:1]]
[2020.11.10-02.37.14:129][  0]LogConfig: Setting CVar [[r.VolumetricFog.GridPixelSize:8]]
[2020.11.10-02.37.14:129][  0]LogConfig: Setting CVar [[r.VolumetricFog.GridSizeZ:128]]
[2020.11.10-02.37.14:129][  0]LogConfig: Setting CVar [[r.VolumetricFog.HistoryMissSupersampleCount:4]]
[2020.11.10-02.37.14:130][  0]LogConfig: Setting CVar [[r.LightMaxDrawDistanceScale:1]]
[2020.11.10-02.37.14:130][  0]LogConfig: Setting CVar [[r.CapsuleShadows:1]]
[2020.11.10-02.37.14:130][  0]LogConfig: Applying CVar settings from Section [PostProcessQuality@3] File [C:/Users/dunph/Documents/Unreal Projects/opendoorproject/TwinStickGroupRepoZack/Twinstickshooter/Saved/Config/Windows/Scalability.ini]
[2020.11.10-02.37.14:130][  0]LogConfig: Setting CVar [[r.MotionBlurQuality:4]]
[2020.11.10-02.37.14:130][  0]LogConfig: Setting CVar [[r.AmbientOcclusionMipLevelFactor:0.4]]
[2020.11.10-02.37.14:130][  0]LogConfig: Setting CVar [[r.AmbientOcclusionMaxQuality:100]]
[2020.11.10-02.37.14:130][  0]LogConfig: Setting CVar [[r.AmbientOcclusionLevels:-1]]
[2020.11.10-02.37.14:130][  0]LogConfig: Setting CVar [[r.AmbientOcclusionRadiusScale:1.0]]
[2020.11.10-02.37.14:130][  0]LogConfig: Setting CVar [[r.DepthOfFieldQuality:2]]
[2020.11.10-02.37.14:130][  0]LogConfig: Setting CVar [[r.RenderTargetPoolMin:400]]
[2020.11.10-02.37.14:130][  0]LogConfig: Setting CVar [[r.LensFlareQuality:2]]
[2020.11.10-02.37.14:130][  0]LogConfig: Setting CVar [[r.SceneColorFringeQuality:1]]
[2020.11.10-02.37.14:130][  0]LogConfig: Setting CVar [[r.EyeAdaptationQuality:2]]
[2020.11.10-02.37.14:130][  0]LogConfig: Setting CVar [[r.BloomQuality:5]]
[2020.11.10-02.37.14:130][  0]LogConfig: Setting CVar [[r.FastBlurThreshold:100]]
[2020.11.10-02.37.14:130][  0]LogConfig: Setting CVar [[r.Upscale.Quality:3]]
[2020.11.10-02.37.14:130][  0]LogConfig: Setting CVar [[r.Tonemapper.GrainQuantization:1]]
[2020.11.10-02.37.14:130][  0]LogConfig: Setting CVar [[r.LightShaftQuality:1]]
[2020.11.10-02.37.14:130][  0]LogConfig: Setting CVar [[r.Filter.SizeScale:1]]
[2020.11.10-02.37.14:130][  0]LogConfig: Setting CVar [[r.Tonemapper.Quality:5]]
[2020.11.10-02.37.14:130][  0]LogConfig: Setting CVar [[r.DOF.Gather.AccumulatorQuality:1        ; higher gathering accumulator quality]]
[2020.11.10-02.37.14:130][  0]LogConfig: Setting CVar [[r.DOF.Gather.PostfilterMethod:1          ; Median3x3 postfilering method]]
[2020.11.10-02.37.14:130][  0]LogConfig: Setting CVar [[r.DOF.Gather.EnableBokehSettings:0       ; no bokeh simulation when gathering]]
[2020.11.10-02.37.14:130][  0]LogConfig: Setting CVar [[r.DOF.Gather.RingCount:4                 ; medium number of samples when gathering]]
[2020.11.10-02.37.14:130][  0]LogConfig: Setting CVar [[r.DOF.Scatter.ForegroundCompositing:1    ; additive foreground scattering]]
[2020.11.10-02.37.14:130][  0]LogConfig: Setting CVar [[r.DOF.Scatter.BackgroundCompositing:2    ; additive background scattering]]
[2020.11.10-02.37.14:130][  0]LogConfig: Setting CVar [[r.DOF.Scatter.EnableBokehSettings:1      ; bokeh simulation when scattering]]
[2020.11.10-02.37.14:130][  0]LogConfig: Setting CVar [[r.DOF.Scatter.MaxSpriteRatio:0.1         ; only a maximum of 10% of scattered bokeh]]
[2020.11.10-02.37.14:130][  0]LogConfig: Setting CVar [[r.DOF.Recombine.Quality:1                ; cheap slight out of focus]]
[2020.11.10-02.37.14:130][  0]LogConfig: Setting CVar [[r.DOF.Recombine.EnableBokehSettings:0    ; no bokeh simulation on slight out of focus]]
[2020.11.10-02.37.14:130][  0]LogConfig: Setting CVar [[r.DOF.TemporalAAQuality:1                ; more stable temporal accumulation]]
[2020.11.10-02.37.14:130][  0]LogConfig: Setting CVar [[r.DOF.Kernel.MaxForegroundRadius:0.025]]
[2020.11.10-02.37.14:130][  0]LogConfig: Setting CVar [[r.DOF.Kernel.MaxBackgroundRadius:0.025]]
[2020.11.10-02.37.14:130][  0]LogConfig: Applying CVar settings from Section [TextureQuality@3] File [C:/Users/dunph/Documents/Unreal Projects/opendoorproject/TwinStickGroupRepoZack/Twinstickshooter/Saved/Config/Windows/Scalability.ini]
[2020.11.10-02.37.14:130][  0]LogConfig: Setting CVar [[r.Streaming.MipBias:0]]
[2020.11.10-02.37.14:130][  0]LogConfig: Setting CVar [[r.Streaming.AmortizeCPUToGPUCopy:0]]
[2020.11.10-02.37.14:130][  0]LogConfig: Setting CVar [[r.Streaming.MaxNumTexturesToStreamPerFrame:0]]
[2020.11.10-02.37.14:130][  0]LogConfig: Setting CVar [[r.Streaming.Boost:1]]
[2020.11.10-02.37.14:130][  0]LogConfig: Setting CVar [[r.MaxAnisotropy:8]]
[2020.11.10-02.37.14:130][  0]LogConfig: Setting CVar [[r.VT.MaxAnisotropy:8]]
[2020.11.10-02.37.14:130][  0]LogConfig: Setting CVar [[r.Streaming.LimitPoolSizeToVRAM:0]]
[2020.11.10-02.37.14:130][  0]LogConfig: Setting CVar [[r.Streaming.PoolSize:1000]]
[2020.11.10-02.37.14:130][  0]LogConfig: Setting CVar [[r.Streaming.MaxEffectiveScreenSize:0]]
[2020.11.10-02.37.14:130][  0]LogConfig: Applying CVar settings from Section [EffectsQuality@3] File [C:/Users/dunph/Documents/Unreal Projects/opendoorproject/TwinStickGroupRepoZack/Twinstickshooter/Saved/Config/Windows/Scalability.ini]
[2020.11.10-02.37.14:130][  0]LogConfig: Setting CVar [[r.TranslucencyLightingVolumeDim:64]]
[2020.11.10-02.37.14:130][  0]LogConfig: Setting CVar [[r.RefractionQuality:2]]
[2020.11.10-02.37.14:130][  0]LogConfig: Setting CVar [[r.SSR.Quality:3]]
[2020.11.10-02.37.14:130][  0]LogConfig: Setting CVar [[r.SSR.HalfResSceneColor:0]]
[2020.11.10-02.37.14:130][  0]LogConfig: Setting CVar [[r.SceneColorFormat:4]]
[2020.11.10-02.37.14:130][  0]LogConfig: Setting CVar [[r.DetailMode:2]]
[2020.11.10-02.37.14:130][  0]LogConfig: Setting CVar [[r.TranslucencyVolumeBlur:1]]
[2020.11.10-02.37.14:130][  0]LogConfig: Setting CVar [[r.MaterialQualityLevel:1 ; High quality]]
[2020.11.10-02.37.14:130][  0]LogConfig: Setting CVar [[r.SSS.Scale:1]]
[2020.11.10-02.37.14:130][  0]LogConfig: Setting CVar [[r.SSS.SampleSet:2]]
[2020.11.10-02.37.14:130][  0]LogConfig: Setting CVar [[r.SSS.Quality:1]]
[2020.11.10-02.37.14:130][  0]LogConfig: Setting CVar [[r.SSS.HalfRes:0]]
[2020.11.10-02.37.14:130][  0]LogConfig: Setting CVar [[r.SSGI.Quality:3]]
[2020.11.10-02.37.14:130][  0]LogConfig: Setting CVar [[r.EmitterSpawnRateScale:1.0]]
[2020.11.10-02.37.14:130][  0]LogConfig: Setting CVar [[r.ParticleLightQuality:2]]
[2020.11.10-02.37.14:130][  0]LogConfig: Setting CVar [[r.SkyAtmosphere.AerialPerspectiveLUT.FastApplyOnOpaque:1 ; Always have FastSkyLUT 1 in this case to avoid wrong sky]]
[2020.11.10-02.37.14:130][  0]LogConfig: Setting CVar [[r.SkyAtmosphere.AerialPerspectiveLUT.SampleCountPerSlice:1]]
[2020.11.10-02.37.14:130][  0]LogConfig: Setting CVar [[r.SkyAtmosphere.AerialPerspectiveLUT.DepthResolution:16.0]]
[2020.11.10-02.37.14:130][  0]LogConfig: Setting CVar [[r.SkyAtmosphere.FastSkyLUT:1]]
[2020.11.10-02.37.14:130][  0]LogConfig: Setting CVar [[r.SkyAtmosphere.FastSkyLUT.SampleCountMin:4.0]]
[2020.11.10-02.37.14:130][  0]LogConfig: Setting CVar [[r.SkyAtmosphere.FastSkyLUT.SampleCountMax:32.0]]
[2020.11.10-02.37.14:130][  0]LogConfig: Setting CVar [[r.SkyAtmosphere.SampleCountMin:4.0]]
[2020.11.10-02.37.14:130][  0]LogConfig: Setting CVar [[r.SkyAtmosphere.SampleCountMax:32.0]]
[2020.11.10-02.37.14:130][  0]LogConfig: Setting CVar [[r.SkyAtmosphere.TransmittanceLUT.UseSmallFormat:0]]
[2020.11.10-02.37.14:130][  0]LogConfig: Setting CVar [[r.SkyAtmosphere.TransmittanceLUT.SampleCount:10.0]]
[2020.11.10-02.37.14:130][  0]LogConfig: Setting CVar [[r.SkyAtmosphere.MultiScatteringLUT.SampleCount:15.0]]
[2020.11.10-02.37.14:130][  0]LogConfig: Applying CVar settings from Section [FoliageQuality@3] File [C:/Users/dunph/Documents/Unreal Projects/opendoorproject/TwinStickGroupRepoZack/Twinstickshooter/Saved/Config/Windows/Scalability.ini]
[2020.11.10-02.37.14:131][  0]LogConfig: Setting CVar [[foliage.DensityScale:1.0]]
[2020.11.10-02.37.14:131][  0]LogConfig: Setting CVar [[grass.DensityScale:1.0]]
[2020.11.10-02.37.14:131][  0]LogConfig: Applying CVar settings from Section [ShadingQuality@3] File [C:/Users/dunph/Documents/Unreal Projects/opendoorproject/TwinStickGroupRepoZack/Twinstickshooter/Saved/Config/Windows/Scalability.ini]
[2020.11.10-02.37.14:131][  0]LogConfig: Setting CVar [[r.HairStrands.SkyLighting.SampleCount:16]]
[2020.11.10-02.37.14:131][  0]LogConfig: Setting CVar [[r.HairStrands.SkyLighting.JitterIntegration:0]]
[2020.11.10-02.37.14:131][  0]LogConfig: Setting CVar [[r.HairStrands.SkyAO.SampleCount:16]]
[2020.11.10-02.37.14:131][  0]LogConfig: Setting CVar [[r.HairStrands.DeepShadow.SuperSampling:0]]
[2020.11.10-02.37.14:131][  0]LogConfig: Setting CVar [[r.HairStrands.VisibilityPPLL:0]]
[2020.11.10-02.37.14:131][  0]LogConfig: Setting CVar [[r.HairStrands.RasterizationScale:0.5]]
[2020.11.10-02.37.14:131][  0]LogConfig: Setting CVar [[r.HairStrands.VelocityRasterizationScale:1]]
[2020.11.10-02.37.14:131][  0]LogConfig: Applying CVar settings from Section [Startup] File [../../../Engine/Config/ConsoleVariables.ini]
[2020.11.10-02.37.14:131][  0]LogConfig: Setting CVar [[net.UseAdaptiveNetUpdateFrequency:0]]
[2020.11.10-02.37.14:131][  0]LogConfig: Setting CVar [[p.chaos.AllowCreatePhysxBodies:1]]
[2020.11.10-02.37.14:131][  0]LogConfig: Setting CVar [[fx.SkipVectorVMBackendOptimizations:1]]
[2020.11.10-02.37.14:131][  0]LogConfig: Applying CVar settings from Section [ConsoleVariables] File [C:/Users/dunph/Documents/Unreal Projects/opendoorproject/TwinStickGroupRepoZack/Twinstickshooter/Saved/Config/Windows/Engine.ini]
[2020.11.10-02.37.14:131][  0]LogInit: Computer: LAPTOP-F4IR1LML
[2020.11.10-02.37.14:131][  0]LogInit: User: dunph
[2020.11.10-02.37.14:131][  0]LogInit: CPU Page size=4096, Cores=4
[2020.11.10-02.37.14:131][  0]LogInit: High frequency timer resolution =10.000000 MHz
[2020.11.10-02.37.14:131][  0]LogMemory: Memory total: Physical=15.9GB (16GB approx)
[2020.11.10-02.37.14:131][  0]LogMemory: Platform Memory Stats for Windows
[2020.11.10-02.37.14:131][  0]LogMemory: Process Physical Memory: 118.40 MB used, 118.40 MB peak
[2020.11.10-02.37.14:131][  0]LogMemory: Process Virtual Memory: 114.53 MB used, 114.53 MB peak
[2020.11.10-02.37.14:131][  0]LogMemory: Physical Memory: 7963.83 MB used,  8360.30 MB free, 16324.13 MB total
[2020.11.10-02.37.14:131][  0]LogMemory: Virtual Memory: 5135.84 MB used,  134212592.00 MB free, 134217728.00 MB total
[2020.11.10-02.37.14:139][  0]LogWindows: WindowsPlatformFeatures enabled
[2020.11.10-02.37.14:176][  0]LogInit: Physics initialised using underlying interface: PhysX
[2020.11.10-02.37.14:179][  0]LogInit: Using OS detected language (en-US).
[2020.11.10-02.37.14:179][  0]LogInit: Using OS detected locale (en-US).
[2020.11.10-02.37.14:183][  0]LogTextLocalizationManager: No specific localization for 'en-US' exists, so the 'en' localization will be used.
[2020.11.10-02.37.14:364][  0]LogInit: Setting process to per monitor DPI aware
[2020.11.10-02.37.14:415][  0]LogSlate: New Slate User Created.  User Index 0, Is Virtual User: 0
[2020.11.10-02.37.14:415][  0]LogSlate: Slate User Registered.  User Index 0, Is Virtual User: 0
[2020.11.10-02.37.14:586][  0]LogHMD: Failed to initialize OpenVR with code 110
[2020.11.10-02.37.14:586][  0]LogD3D11RHI: D3D11 min allowed feature level: 11_0
[2020.11.10-02.37.14:586][  0]LogD3D11RHI: D3D11 max allowed feature level: 11_0
[2020.11.10-02.37.14:586][  0]LogD3D11RHI: D3D11 adapters:
[2020.11.10-02.37.14:666][  0]LogD3D11RHI:    0. 'NVIDIA GeForce GTX 1060' (Feature Level 11_0)
[2020.11.10-02.37.14:666][  0]LogD3D11RHI:       6052/0/8162 MB DedicatedVideo/DedicatedSystem/SharedSystem, Outputs:1, VendorId:0x10de
[2020.11.10-02.37.14:669][  0]LogD3D11RHI:    1. 'Microsoft Basic Render Driver' (Feature Level 11_0)
[2020.11.10-02.37.14:669][  0]LogD3D11RHI:       0/0/8162 MB DedicatedVideo/DedicatedSystem/SharedSystem, Outputs:0, VendorId:0x1414
[2020.11.10-02.37.14:669][  0]LogD3D11RHI: Chosen D3D11 Adapter: 0
[2020.11.10-02.37.14:678][  0]LogD3D11RHI: Creating new Direct3DDevice
[2020.11.10-02.37.14:679][  0]LogD3D11RHI:     GPU DeviceId: 0x1c60 (for the marketing name, search the web for "GPU Device Id")
[2020.11.10-02.37.14:679][  0]LogWindows: EnumDisplayDevices:
[2020.11.10-02.37.14:679][  0]LogWindows:    0. 'NVIDIA GeForce GTX 1060' (P:1 D:1)
[2020.11.10-02.37.14:679][  0]LogWindows:    1. 'NVIDIA GeForce GTX 1060' (P:0 D:0)
[2020.11.10-02.37.14:679][  0]LogWindows:    2. 'NVIDIA GeForce GTX 1060' (P:0 D:0)
[2020.11.10-02.37.14:680][  0]LogWindows:    3. 'NVIDIA GeForce GTX 1060' (P:0 D:0)
[2020.11.10-02.37.14:680][  0]LogWindows: DebugString: FoundDriverCount:4 
[2020.11.10-02.37.14:680][  0]LogD3D11RHI:     Adapter Name: NVIDIA GeForce GTX 1060
[2020.11.10-02.37.14:680][  0]LogD3D11RHI:   Driver Version: 431.90 (internal:26.21.14.3190, unified:431.90)
[2020.11.10-02.37.14:680][  0]LogD3D11RHI:      Driver Date: 9-4-2019
[2020.11.10-02.37.14:680][  0]LogRHI: Texture pool is 4236 MB (70% of 6052 MB)
[2020.11.10-02.37.14:727][  0]LogD3D11RHI: RHI has support for 64 bit atomics
[2020.11.10-02.37.14:729][  0]LogD3D11RHI: [Aftermath] Enabled and primed
[2020.11.10-02.37.14:729][  0]LogD3D11RHI: Async texture creation enabled
[2020.11.10-02.37.14:729][  0]LogD3D11RHI: Array index from any shader is supported
[2020.11.10-02.37.14:796][  0]LogD3D11RHI: GPU Timing Frequency: 1000.000000 (Debug: 2 1)
[2020.11.10-02.37.15:181][  0]LogTargetPlatformManager: Display: Loaded TargetPlatform 'AllDesktop'
[2020.11.10-02.37.15:202][  0]LogTargetPlatformManager: Display: Loaded TargetPlatform 'Android'
[2020.11.10-02.37.15:202][  0]LogTargetPlatformManager: Display: Loaded TargetPlatform 'Android_ASTC'
[2020.11.10-02.37.15:202][  0]LogTargetPlatformManager: Display: Loaded TargetPlatform 'Android_DXT'
[2020.11.10-02.37.15:202][  0]LogTargetPlatformManager: Display: Loaded TargetPlatform 'Android_ETC2'
[2020.11.10-02.37.15:202][  0]LogTargetPlatformManager: Display: Loaded TargetPlatform 'AndroidClient'
[2020.11.10-02.37.15:202][  0]LogTargetPlatformManager: Display: Loaded TargetPlatform 'Android_ASTCClient'
[2020.11.10-02.37.15:202][  0]LogTargetPlatformManager: Display: Loaded TargetPlatform 'Android_DXTClient'
[2020.11.10-02.37.15:202][  0]LogTargetPlatformManager: Display: Loaded TargetPlatform 'Android_ETC2Client'
[2020.11.10-02.37.15:202][  0]LogTargetPlatformManager: Display: Loaded TargetPlatform 'Android_Multi'
[2020.11.10-02.37.15:202][  0]LogTargetPlatformManager: Display: Loaded TargetPlatform 'Android_MultiClient'
[2020.11.10-02.37.15:226][  0]LogTargetPlatformManager: Display: Loaded TargetPlatform 'IOSClient'
[2020.11.10-02.37.15:226][  0]LogTargetPlatformManager: Display: Loaded TargetPlatform 'IOS'
[2020.11.10-02.37.15:237][  0]LogTargetPlatformManager: Display: Loaded TargetPlatform 'Linux'
[2020.11.10-02.37.15:247][  0]LogTargetPlatformManager: Display: Loaded TargetPlatform 'LinuxNoEditor'
[2020.11.10-02.37.15:257][  0]LogTargetPlatformManager: Display: Loaded TargetPlatform 'LinuxClient'
[2020.11.10-02.37.15:266][  0]LogTargetPlatformManager: Display: Loaded TargetPlatform 'LinuxServer'
[2020.11.10-02.37.15:277][  0]LogTargetPlatformManager: Display: Loaded TargetPlatform 'LinuxAArch64NoEditor'
[2020.11.10-02.37.15:286][  0]LogTargetPlatformManager: Display: Loaded TargetPlatform 'LinuxAArch64Client'
[2020.11.10-02.37.15:296][  0]LogTargetPlatformManager: Display: Loaded TargetPlatform 'LinuxAArch64Server'
[2020.11.10-02.37.15:323][  0]LogTargetPlatformManager: Display: Loaded TargetPlatform 'Lumin'
[2020.11.10-02.37.15:323][  0]LogTargetPlatformManager: Display: Loaded TargetPlatform 'LuminClient'
[2020.11.10-02.37.15:339][  0]LogTargetPlatformManager: Display: Loaded TargetPlatform 'TVOSClient'
[2020.11.10-02.37.15:340][  0]LogTargetPlatformManager: Display: Loaded TargetPlatform 'TVOS'
[2020.11.10-02.37.15:350][  0]LogTargetPlatformManager: Display: Loaded TargetPlatform 'WindowsNoEditor'
[2020.11.10-02.37.15:360][  0]LogTargetPlatformManager: Display: Loaded TargetPlatform 'Windows'
[2020.11.10-02.37.15:371][  0]LogTargetPlatformManager: Display: Loaded TargetPlatform 'WindowsClient'
[2020.11.10-02.37.15:380][  0]LogTargetPlatformManager: Display: Loaded TargetPlatform 'WindowsServer'
[2020.11.10-02.37.15:381][  0]LogTargetPlatformManager: Display: Building Assets For Windows
[2020.11.10-02.37.15:388][  0]LogAudioDebug: Display: Lib vorbis DLL was dynamically loaded.
[2020.11.10-02.37.15:452][  0]LogShaderCompilers: Guid format shader working directory is -66 characters bigger than the processId version (../../../../../../Users/dunph/Documents/Unreal Projects/opendoorproject/TwinStickGroupRepoZack/Twinstickshooter/Intermediate/Shaders/WorkingDirectory/10136/).
[2020.11.10-02.37.15:452][  0]LogShaderCompilers: Cleaned the shader compiler working directory 'C:/Users/dunph/AppData/Local/Temp/UnrealShaderWorkingDir/FFD5B7E0470FA71C53074EBE31DF46B8/'.
[2020.11.10-02.37.15:453][  0]LogXGEController: Cleaning working directory: C:/Users/dunph/AppData/Local/Temp/UnrealXGEWorkingDir/
[2020.11.10-02.37.15:453][  0]LogXGEController: Cannot use XGE Controller as Incredibuild is not installed on this machine.
[2020.11.10-02.37.15:453][  0]LogShaderCompilers: Cannot use XGE Shader Compiler as Incredibuild is not installed on this machine.
[2020.11.10-02.37.15:453][  0]LogShaderCompilers: Display: Using Local Shader Compiler.
[2020.11.10-02.37.16:222][  0]LogDerivedDataCache: Display: Max Cache Size: 512 MB
[2020.11.10-02.37.16:276][  0]LogDerivedDataCache: Loaded boot cache 0.05s 75MB C:/Users/dunph/AppData/Local/UnrealEngine/4.25/DerivedDataCache/Boot.ddc.
[2020.11.10-02.37.16:276][  0]LogDerivedDataCache: Display: Loaded Boot cache: C:/Users/dunph/AppData/Local/UnrealEngine/4.25/DerivedDataCache/Boot.ddc
[2020.11.10-02.37.16:276][  0]LogDerivedDataCache: FDerivedDataBackendGraph:  Pak pak cache file ../../../../../../Users/dunph/Documents/Unreal Projects/opendoorproject/TwinStickGroupRepoZack/Twinstickshooter/DerivedDataCache/DDC.ddp not found, will not use a pak cache.
[2020.11.10-02.37.16:276][  0]LogDerivedDataCache: Unable to find inner node Pak for hierarchical cache Hierarchy.
[2020.11.10-02.37.16:276][  0]LogDerivedDataCache: FDerivedDataBackendGraph:  CompressedPak pak cache file ../../../../../../Users/dunph/Documents/Unreal Projects/opendoorproject/TwinStickGroupRepoZack/Twinstickshooter/DerivedDataCache/Compressed.ddp not found, will not use a pak cache.
[2020.11.10-02.37.16:276][  0]LogDerivedDataCache: Unable to find inner node CompressedPak for hierarchical cache Hierarchy.
[2020.11.10-02.37.16:286][  0]LogDerivedDataCache: Display: Pak cache opened for reading ../../../Engine/DerivedDataCache/Compressed.ddp.
[2020.11.10-02.37.16:286][  0]LogDerivedDataCache: FDerivedDataBackendGraph:  EnterprisePak pak cache file ../../../Enterprise/DerivedDataCache/Compressed.ddp not found, will not use a pak cache.
[2020.11.10-02.37.16:286][  0]LogDerivedDataCache: Unable to find inner node EnterprisePak for hierarchical cache Hierarchy.
[2020.11.10-02.37.16:288][  0]LogDerivedDataCache: Using Local data cache path C:/Users/dunph/AppData/Local/UnrealEngine/Common/DerivedDataCache: Writable
[2020.11.10-02.37.16:288][  0]LogDerivedDataCache: Shared data cache path not found in *engine.ini, will not use an Shared cache.
[2020.11.10-02.37.16:288][  0]LogDerivedDataCache: Unable to find inner node Shared for hierarchical cache Hierarchy.
[2020.11.10-02.37.16:342][  0]LogSlate: Using FreeType 2.10.0
[2020.11.10-02.37.16:343][  0]LogSlate: SlateFontServices - WITH_FREETYPE: 1, WITH_HARFBUZZ: 1
[2020.11.10-02.37.16:374][  0]LogAssetRegistry: FAssetRegistry took 0.0030 seconds to start up
[2020.11.10-02.37.16:622][  0]LogInit: Selected Device Profile: [Windows]
[2020.11.10-02.37.16:748][  0]LogMeshReduction: Using QuadricMeshReduction for automatic static mesh reduction
[2020.11.10-02.37.16:748][  0]LogMeshReduction: Using SimplygonMeshReduction for automatic skeletal mesh reduction
[2020.11.10-02.37.16:748][  0]LogMeshReduction: Using ProxyLODMeshReduction for automatic mesh merging
[2020.11.10-02.37.16:748][  0]LogMeshReduction: No distributed automatic mesh merging module available
[2020.11.10-02.37.16:748][  0]LogMeshMerging: No distributed automatic mesh merging module available
[2020.11.10-02.37.16:767][  0]LogNetVersion: Twinstickshooter 1.0.0, NetCL: 13144385, EngineNetVer: 14, GameNetVer: 0 (Checksum: 395143884)
[2020.11.10-02.37.17:293][  0]LogAISub: UAISubsystem::UAISubsystem AISubsystem (00000263291E8340), frame # 0
[2020.11.10-02.37.17:293][  0]LogAISub: UAISubsystem::UAISubsystem AIPerceptionSystem (0000026329121D00), frame # 0
[2020.11.10-02.37.17:295][  0]LogAISub: UAISubsystem::UAISubsystem EnvQueryManager (0000026329171E00), frame # 0
[2020.11.10-02.37.17:345][  0]LogPackageLocalizationCache: Processed 19 localized package path(s) for 1 prioritized culture(s) in 0.043670 seconds
[2020.11.10-02.37.17:350][  0]LogUObjectArray: 15917 objects as part of root set at end of initial load.
[2020.11.10-02.37.17:350][  0]LogUObjectAllocator: 3965568 out of 0 bytes used by permanent object pool.
[2020.11.10-02.37.17:350][  0]LogUObjectArray: CloseDisregardForGC: 0/0 objects in disregard for GC pool
[2020.11.10-02.37.17:701][  0]LogTcpMessaging: Initializing TcpMessaging bridge
[2020.11.10-02.37.17:705][  0]LogUdpMessaging: Initializing bridge on interface 0.0.0.0:0 to multicast group 230.0.0.1:6666.
[2020.11.10-02.37.17:784][  0]SourceControl: Source control is disabled
[2020.11.10-02.37.17:785][  0]SourceControl: Source control is disabled
[2020.11.10-02.37.17:788][  0]SourceControl: Source control is disabled
[2020.11.10-02.37.17:791][  0]SourceControl: Source control is disabled
[2020.11.10-02.37.17:798][  0]SourceControl: Source control is disabled
[2020.11.10-02.37.17:813][  0]LogVSAccessor: Display: Unable to create Visual Studio setup instance: 80040154
[2020.11.10-02.37.17:813][  0]LogVSAccessor: Display: Unable to create Visual Studio setup instance: 80040154
[2020.11.10-02.37.18:055][  0]LogAndroidPermission: UAndroidPermissionCallbackProxy::GetInstance
[2020.11.10-02.37.18:074][  0]LogAudioCaptureCore: Display: No Audio Capture implementations found. Audio input will be silent.
[2020.11.10-02.37.18:075][  0]LogAudioCaptureCore: Display: No Audio Capture implementations found. Audio input will be silent.
[2020.11.10-02.37.18:133][  0]LogOcInput: OculusInput pre-init called
[2020.11.10-02.37.18:145][  0]LogWindows: Failed to load 'OVRPlugin.dll' (GetLastError=126)
[2020.11.10-02.37.18:145][  0]LogWindows: File 'OVRPlugin.dll' does not exist
[2020.11.10-02.37.18:205][  0]LogEngine: Initializing Engine...
[2020.11.10-02.37.18:206][  0]LogHMD: Failed to initialize OpenVR with code 110
[2020.11.10-02.37.18:206][  0]LogMagicLeap: Warning: VR disabled because ZI is not enabled.  To enable, in the editor, Edit -> Project Settings -> Plugins -> Magic Leap Plugin -> Enable Zero Iteration
[2020.11.10-02.37.18:207][  0]LogStats: UGameplayTagsManager::InitializeManager -  0.000 s
[2020.11.10-02.37.18:325][  0]LogInit: Initializing FReadOnlyCVARCache
[2020.11.10-02.37.18:334][  0]LogAIModule: Creating AISystem for world Untitled
[2020.11.10-02.37.18:334][  0]LogAISub: UAISubsystem::UAISubsystem EnvQueryManager (000002632F6A8600), frame # 0
[2020.11.10-02.37.18:334][  0]LogAISub: UAISubsystem::UAISubsystem AIPerceptionSystem (000002632F6B5800), frame # 0
[2020.11.10-02.37.18:417][  0]LogAudioMixer: Display: Audio Mixer Platform Settings:
[2020.11.10-02.37.18:417][  0]LogAudioMixer: Display: 	Sample Rate:						  48000
[2020.11.10-02.37.18:417][  0]LogAudioMixer: Display: 	Callback Buffer Frame Size Requested: 1024
[2020.11.10-02.37.18:417][  0]LogAudioMixer: Display: 	Callback Buffer Frame Size To Use:	  1024
[2020.11.10-02.37.18:417][  0]LogAudioMixer: Display: 	Number of buffers to queue:			  2
[2020.11.10-02.37.18:417][  0]LogAudioMixer: Display: 	Max Channels (voices):				  32
[2020.11.10-02.37.18:417][  0]LogAudioMixer: Display: 	Number of Async Source Workers:		  0
[2020.11.10-02.37.18:417][  0]LogAudio: Display: AudioDevice MaxSources: 32
[2020.11.10-02.37.18:417][  0]LogAudio: Display: Using built-in audio occlusion.
[2020.11.10-02.37.18:417][  0]LogAudioMixer: Display: Initializing audio mixer.
[2020.11.10-02.37.18:433][  0]LogAudioMixer: Display: 0: FrontLeft
[2020.11.10-02.37.18:433][  0]LogAudioMixer: Display: 1: FrontRight
[2020.11.10-02.37.18:504][  0]LogAudioMixer: Display: Using Audio Device Speakers (Realtek High Definition Audio)
[2020.11.10-02.37.18:507][  0]LogAudioMixer: Display: Initializing Sound Submixes...
[2020.11.10-02.37.18:510][  0]LogAudioMixer: Display: Creating Master Submix 'MasterSubmixDefault'
[2020.11.10-02.37.18:510][  0]LogAudioMixer: Display: Creating Master Submix 'MasterReverbSubmixDefault'
[2020.11.10-02.37.18:511][  0]LogAudioMixer: Display: Creating Master Submix 'MasterEQSubmixDefault'
[2020.11.10-02.37.18:512][  0]LogInit: FAudioDevice initialized.
[2020.11.10-02.37.18:512][  0]LogNetVersion: Set ProjectVersion to 1.0.0.0. Version Checksum will be recalculated on next use.
[2020.11.10-02.37.18:644][  0]LogDerivedDataCache: Saved boot cache 0.13s 75MB C:/Users/dunph/AppData/Local/UnrealEngine/4.25/DerivedDataCache/Boot.ddc.
[2020.11.10-02.37.18:644][  0]LogInit: Texture streaming: Enabled
[2020.11.10-02.37.18:664][  0]LogEngineSessionManager: EngineSessionManager initialized
[2020.11.10-02.37.18:664][  0]LogEngineSessionManager: EngineSessionManager sent abnormal shutdown report. Type=Crashed, SessionId={2F2C8F8A-433B-8474-2792-65BA478E2003}
[2020.11.10-02.37.18:664][  0]LogEditorSessionSummary: Verbose: Initializing EditorSessionSummaryWriter for editor session tracking
[2020.11.10-02.37.18:666][  0]LogEditorSessionSummary: EditorSessionSummaryWriter initialized
[2020.11.10-02.37.18:720][  0]LogInit: Transaction tracking system initialized
[2020.11.10-02.37.18:740][  0]BlueprintLog: New page: Editor Load
[2020.11.10-02.37.18:808][  0]LocalizationService: Localization service is disabled
[2020.11.10-02.37.18:891][  0]LogVSAccessor: Display: Unable to create Visual Studio setup instance: 80040154
[2020.11.10-02.37.18:892][  0]LogVSAccessor: Display: Unable to create Visual Studio setup instance: 80040154
[2020.11.10-02.37.18:996][  0]LogCook: Display: Max memory allowance for cook 16384mb min free memory 0mb
[2020.11.10-02.37.18:996][  0]LogCook: Display: Mobile HDR setting 1
[2020.11.10-02.37.19:138][  0]LogFileCache: Scanning file cache for directory 'C:/Users/dunph/Documents/Unreal Projects/opendoorproject/TwinStickGroupRepoZack/Twinstickshooter/Content/' took 0.01s
[2020.11.10-02.37.19:364][  0]SourceControl: Source control is disabled
[2020.11.10-02.37.19:364][  0]LogUnrealEdMisc: Loading editor; pre map load, took 7.363
[2020.11.10-02.37.19:364][  0]Cmd: MAP LOAD FILE="../../../../../../Users/dunph/Documents/Unreal Projects/opendoorproject/TwinStickGroupRepoZack/Twinstickshooter/Content/Levels/ArenaMap.umap" TEMPLATE=0 SHOWPROGRESS=1 FEATURELEVEL=3
[2020.11.10-02.37.19:364][  0]LightingResults: New page: Lighting Build
[2020.11.10-02.37.19:365][  0]LogWorld: UWorld::CleanupWorld for Untitled, bSessionEnded=true, bCleanupResources=true
[2020.11.10-02.37.19:365][  0]LogSlate: InvalidateAllWidgets triggered.  All widgets were invalidated
[2020.11.10-02.37.19:365][  0]MapCheck: New page: Map Check
[2020.11.10-02.37.19:365][  0]LightingResults: New page: Lighting Build
[2020.11.10-02.37.19:374][  0]LogAISub: UAISubsystem::~UAISubsystem EnvQueryManager (000002632F6A8600), frame # 0
[2020.11.10-02.37.19:374][  0]LogAISub: UAISubsystem::~UAISubsystem AIPerceptionSystem (000002632F6B5800), frame # 0
[2020.11.10-02.37.19:375][  0]LogUObjectHash: Compacting FUObjectHashTables data took   0.66ms
[2020.11.10-02.37.19:779][  0]LogAIModule: Creating AISystem for world ArenaMap
[2020.11.10-02.37.19:779][  0]LogAISub: UAISubsystem::UAISubsystem EnvQueryManager (0000026337734C00), frame # 0
[2020.11.10-02.37.19:779][  0]LogAISub: UAISubsystem::UAISubsystem AIPerceptionSystem (000002631D575BC0), frame # 0
[2020.11.10-02.37.19:784][  0]LogEditorServer: Finished looking for orphan Actors (0.000 secs)
[2020.11.10-02.37.19:849][  0]LogUObjectHash: Compacting FUObjectHashTables data took   0.75ms
[2020.11.10-02.37.19:852][  0]Cmd: MAP CHECKDEP NOCLEARLOG
[2020.11.10-02.37.19:852][  0]MapCheck: Map check complete: 0 Error(s), 0 Warning(s), took 0.179ms to complete.
[2020.11.10-02.37.19:852][  0]LogFileHelpers: Loading map 'ArenaMap' took 0.488
[2020.11.10-02.37.19:854][  0]LogUnrealEdMisc: Total Editor Startup Time, took 7.852
[2020.11.10-02.37.19:998][  0]LogSlate: Updating window title bar state: overlay mode, drag disabled, window buttons hidden, title bar hidden
[2020.11.10-02.37.20:006][  0]LogSlate: Updating window title bar state: overlay mode, drag disabled, window buttons hidden, title bar hidden
[2020.11.10-02.37.20:014][  0]LogSlate: Updating window title bar state: overlay mode, drag disabled, window buttons hidden, title bar hidden
[2020.11.10-02.37.20:022][  0]LogSlate: Updating window title bar state: overlay mode, drag disabled, window buttons hidden, title bar hidden
[2020.11.10-02.37.20:031][  0]LogCollectionManager: Loaded 0 collections in 0.002069 seconds
[2020.11.10-02.37.20:046][  0]LogFileCache: Scanning file cache for directory 'C:/Users/dunph/Documents/Unreal Projects/opendoorproject/TwinStickGroupRepoZack/Twinstickshooter/Saved/Collections/' took 0.00s
[2020.11.10-02.37.20:046][  0]LogFileCache: Scanning file cache for directory 'C:/Users/dunph/Documents/Unreal Projects/opendoorproject/TwinStickGroupRepoZack/Twinstickshooter/Content/Developers/dunph/Collections/' took 0.00s
[2020.11.10-02.37.20:046][  0]LogFileCache: Scanning file cache for directory 'C:/Users/dunph/Documents/Unreal Projects/opendoorproject/TwinStickGroupRepoZack/Twinstickshooter/Content/Collections/' took 0.00s
[2020.11.10-02.37.20:046][  0]LogContentBrowser: Native class hierarchy populated in 0.0103 seconds. Added 3427 classes and 821 folders.
[2020.11.10-02.37.20:049][  0]LogContentBrowser: Native class hierarchy updated for 'WidgetCarousel' in 0.0002 seconds. Added 0 classes and 0 folders.
[2020.11.10-02.37.20:117][  0]LogContentBrowser: Native class hierarchy updated for 'AddContentDialog' in 0.0004 seconds. Added 0 classes and 0 folders.
[2020.11.10-02.37.20:118][  0]LogContentBrowser: Native class hierarchy updated for 'SceneOutliner' in 0.0003 seconds. Added 2 classes and 0 folders.
[2020.11.10-02.37.20:152][  0]LogSlate: Took 0.000203 seconds to synchronously load lazily loaded font '../../../Engine/Content/Slate/Fonts/Roboto-Regular.ttf' (155K)
[2020.11.10-02.37.20:154][  0]LogSlate: Took 0.000170 seconds to synchronously load lazily loaded font '../../../Engine/Content/Slate/Fonts/Roboto-Bold.ttf' (160K)
[2020.11.10-02.37.20:158][  0]LogSlate: Took 0.000289 seconds to synchronously load lazily loaded font '../../../Engine/Content/Editor/Slate/Fonts/FontAwesome.ttf' (139K)
[2020.11.10-02.37.20:232][  0]LogRenderer: Reallocating scene render targets to support 1208x572 Format 10 NumSamples 1 (Frame:1).
[2020.11.10-02.37.20:431][  0]LogContentBrowser: Native class hierarchy updated for 'HierarchicalLODOutliner' in 0.0003 seconds. Added 0 classes and 0 folders.
[2020.11.10-02.37.20:431][  0]LogLoad: (Engine Initialization) Total time: 8.43 seconds
[2020.11.10-02.37.20:431][  0]LogLoad: (Engine Initialization) Total Blueprint compile time: 0.00 seconds
[2020.11.10-02.37.20:478][  0]LogAssetRegistry: Asset discovery search completed in 4.1050 seconds
[2020.11.10-02.37.20:482][  0]LogCollectionManager: Fixed up redirectors for 0 collections in 0.000003 seconds (updated 0 objects)
[2020.11.10-02.37.20:483][  0]LogContentStreaming: Texture pool size now 1000 MB
[2020.11.10-02.37.20:513][  0]LogSlate: Took 0.000265 seconds to synchronously load lazily loaded font '../../../Engine/Content/Slate/Fonts/Roboto-Light.ttf' (167K)
[2020.11.10-03.03.33:880][357]LogTemp: Repeating last play command: New Editor Window (PIE)
[2020.11.10-03.03.33:990][357]LogPlayLevel: PlayLevel: No blueprints needed recompiling
[2020.11.10-03.03.34:032][357]PIE: New page: PIE session: ArenaMap (Nov 9, 2020, 5:03:33 PM)
[2020.11.10-03.03.34:080][357]LogOnline: OSS: Creating online subsystem instance for: NULL
[2020.11.10-03.03.34:086][357]LogOnline: OSS: TryLoadSubsystemAndSetDefault: Loaded subsystem for module [NULL]
[2020.11.10-03.03.34:119][357]LogPlayLevel: Creating play world package: /Game/Levels/UEDPIE_0_ArenaMap
[2020.11.10-03.03.34:152][357]LogPlayLevel: PIE: StaticDuplicateObject took: (0.032523s)
[2020.11.10-03.03.34:168][357]LogAIModule: Creating AISystem for world ArenaMap
[2020.11.10-03.03.34:168][357]LogAISub: UAISubsystem::UAISubsystem EnvQueryManager (000002633A7EC800), frame # 94357
[2020.11.10-03.03.34:168][357]LogAISub: UAISubsystem::UAISubsystem AIPerceptionSystem (000002631D35CA40), frame # 94357
[2020.11.10-03.03.34:168][357]LogPlayLevel: PIE: World Init took: (0.016666s)
[2020.11.10-03.03.34:168][357]LogPlayLevel: PIE: Created PIE world by copying editor world from /Game/Levels/ArenaMap.ArenaMap to /Game/Levels/UEDPIE_0_ArenaMap.ArenaMap (0.049418s)
[2020.11.10-03.03.34:179][357]LogUObjectHash: Compacting FUObjectHashTables data took   0.65ms
[2020.11.10-03.03.34:190][357]LogAudioMixer: Display: Audio Mixer Platform Settings:
[2020.11.10-03.03.34:190][357]LogAudioMixer: Display: 	Sample Rate:						  48000
[2020.11.10-03.03.34:190][357]LogAudioMixer: Display: 	Callback Buffer Frame Size Requested: 1024
[2020.11.10-03.03.34:190][357]LogAudioMixer: Display: 	Callback Buffer Frame Size To Use:	  1024
[2020.11.10-03.03.34:190][357]LogAudioMixer: Display: 	Number of buffers to queue:			  2
[2020.11.10-03.03.34:190][357]LogAudioMixer: Display: 	Max Channels (voices):				  32
[2020.11.10-03.03.34:190][357]LogAudioMixer: Display: 	Number of Async Source Workers:		  0
[2020.11.10-03.03.34:190][357]LogAudio: Display: AudioDevice MaxSources: 32
[2020.11.10-03.03.34:191][357]LogAudio: Display: Using built-in audio occlusion.
[2020.11.10-03.03.34:191][357]LogAudioMixer: Display: Initializing audio mixer.
[2020.11.10-03.03.34:197][357]LogAudioMixer: Display: 0: FrontLeft
[2020.11.10-03.03.34:197][357]LogAudioMixer: Display: 1: FrontRight
[2020.11.10-03.03.34:228][357]LogAudioMixer: Display: Using Audio Device Speakers (Realtek High Definition Audio)
[2020.11.10-03.03.34:229][357]LogAudioMixer: Display: Initializing Sound Submixes...
[2020.11.10-03.03.34:229][357]LogAudioMixer: Display: Creating Master Submix 'MasterSubmixDefault'
[2020.11.10-03.03.34:229][357]LogAudioMixer: Display: Creating Master Submix 'MasterReverbSubmixDefault'
[2020.11.10-03.03.34:229][357]LogAudioMixer: Display: Creating Master Submix 'MasterEQSubmixDefault'
[2020.11.10-03.03.34:230][357]LogInit: FAudioDevice initialized.
[2020.11.10-03.03.34:324][357]LogSlate: Updating window title bar state: overlay mode, drag disabled, window buttons hidden, title bar hidden
[2020.11.10-03.03.34:326][357]LogLoad: Game class is 'TwinStickMode_C'
[2020.11.10-03.03.34:471][357]LogWorld: Bringing World /Game/Levels/UEDPIE_0_ArenaMap.ArenaMap up for play (max tick rate 60) at 2020.11.09-22.03.34
[2020.11.10-03.03.34:493][357]LogWorld: Bringing up level for play took: 0.022702
[2020.11.10-03.03.34:494][357]LogOnline: OSS: Creating online subsystem instance for: :Context_2
[2020.11.10-03.03.34:764][357]LogContentBrowser: Native class hierarchy updated for 'MovieSceneCapture' in 0.0004 seconds. Added 20 classes and 0 folders.
[2020.11.10-03.03.35:171][357]PIE: Server logged in
[2020.11.10-03.03.35:173][357]PIE: Play in editor total start time 1.266 seconds.
[2020.11.10-03.03.35:434][358]LogRenderer: Reallocating scene render targets to support 1280x720 Format 10 NumSamples 1 (Frame:1).
[2020.11.10-03.03.43:666][652]LogSlate: Updating window title bar state: overlay mode, drag disabled, window buttons hidden, title bar hidden
[2020.11.10-03.03.43:666][652]LogWorld: BeginTearingDown for /Game/Levels/UEDPIE_0_ArenaMap
[2020.11.10-03.03.43:666][652]LogSlate: Window 'Twinstickshooter Preview [NetMode: Standalone] (64-bit/Windows) ' being destroyed
[2020.11.10-03.03.43:676][652]LogWorld: UWorld::CleanupWorld for ArenaMap, bSessionEnded=true, bCleanupResources=true
[2020.11.10-03.03.43:676][652]LogSlate: InvalidateAllWidgets triggered.  All widgets were invalidated
[2020.11.10-03.03.43:686][652]LogPlayLevel: Display: Shutting down PIE online subsystems
[2020.11.10-03.03.43:709][652]LogSlate: InvalidateAllWidgets triggered.  All widgets were invalidated
[2020.11.10-03.03.43:772][652]LogAISub: UAISubsystem::~UAISubsystem AIPerceptionSystem (000002631D35CA40), frame # 94652
[2020.11.10-03.03.43:772][652]LogAISub: UAISubsystem::~UAISubsystem EnvQueryManager (000002633A7EC800), frame # 94652
[2020.11.10-03.03.43:773][652]LogUObjectHash: Compacting FUObjectHashTables data took   0.66ms
[2020.11.10-03.03.43:817][653]LogPlayLevel: Display: Destroying online subsystem :Context_2
[2020.11.10-03.03.57:017][419]LogEditorViewport: Clicking on Actor (LMB): Brush (Box Brush5)
[2020.11.10-03.04.18:562][692]LogEditorViewport: Clicking on Actor (LMB): NavMeshBoundsVolume (NavMeshBoundsVolume)
[2020.11.10-03.04.33:292][535]LogEditorViewport: Clicking on Actor (LMB): EnemySpawner_C (EnemySpawner)
[2020.11.10-03.05.41:326][325]Cmd: SELECT NONE
[2020.11.10-03.05.57:485][431]LogSlate: Took 0.000251 seconds to synchronously load lazily loaded font '../../../Engine/Content/Slate/Fonts/Roboto-Light.ttf' (167K)
[2020.11.10-03.06.06:634][458]LogUObjectHash: Compacting FUObjectHashTables data took   0.77ms
[2020.11.10-03.06.06:885][458]LogSavePackage: Moving '../../../../../../Users/dunph/Documents/Unreal Projects/opendoorproject/TwinStickGroupRepoZack/Twinstickshooter/Saved/ArenaMap_Auto14ECBDECE498ED3F001BBCBBD2F93D040.tmp' to '../../../../../../Users/dunph/Documents/Unreal Projects/opendoorproject/TwinStickGroupRepoZack/Twinstickshooter/Saved/Autosaves/Game/Levels/ArenaMap_Auto1.umap'
[2020.11.10-03.06.06:888][458]LogFileHelpers: Editor autosave (incl. sublevels) for '/Game/Levels/ArenaMap' took 0.263
[2020.11.10-03.06.06:888][458]LogFileHelpers: Editor autosave (incl. sublevels) for all levels took 0.263
[2020.11.10-03.07.01:305][101]LogUObjectHash: Compacting FUObjectHashTables data took   0.32ms
[2020.11.10-03.07.03:039][101]LogSlate: Window 'Save Content' being destroyed
[2020.11.10-03.07.03:225][101]LogUObjectHash: Compacting FUObjectHashTables data took   0.21ms
[2020.11.10-03.07.03:255][101]LogSavePackage: Moving '../../../../../../Users/dunph/Documents/Unreal Projects/opendoorproject/TwinStickGroupRepoZack/Twinstickshooter/Saved/ArenaMap05D4A9C2462717E08D58CBA4C6D05A58.tmp' to '../../../../../../Users/dunph/Documents/Unreal Projects/opendoorproject/TwinStickGroupRepoZack/Twinstickshooter/Content/Levels/ArenaMap.umap'
[2020.11.10-03.07.03:286][101]LogFileHelpers: Saving map 'ArenaMap' took 0.071
[2020.11.10-03.07.03:319][101]LogSavePackage: Moving '../../../../../../Users/dunph/Documents/Unreal Projects/opendoorproject/TwinStickGroupRepoZack/Twinstickshooter/Saved/ArenaMap_BuiltData426AFB724EB570B568658A9C97ED1D9C.tmp' to '../../../../../../Users/dunph/Documents/Unreal Projects/opendoorproject/TwinStickGroupRepoZack/Twinstickshooter/Content/Levels/ArenaMap_BuiltData.uasset'
[2020.11.10-03.07.03:348][101]LogSavePackage: Moving '../../../../../../Users/dunph/Documents/Unreal Projects/opendoorproject/TwinStickGroupRepoZack/Twinstickshooter/Saved/ArenaMap_BuiltDataA15089F34462ED9C9CBE7B9689F02193.tmp' to '../../../../../../Users/dunph/Documents/Unreal Projects/opendoorproject/TwinStickGroupRepoZack/Twinstickshooter/Content/Levels/ArenaMap_BuiltData.uasset'
[2020.11.10-03.07.03:388][101]AssetCheck: New page: Asset Save: multiple assets
[2020.11.10-03.07.03:388][101]LogContentValidation: Display: Validating World /Game/Levels/ArenaMap.ArenaMap
[2020.11.10-03.07.03:388][101]LogContentValidation: Display: Validating MapBuildDataRegistry /Game/Levels/ArenaMap_BuiltData.ArenaMap_BuiltData
[2020.11.10-03.07.58:562][552]LogAudioMixer: Warning: Changing default audio render device to new device: {0.0.0.00000000}.{54c7b231-badf-439d-aa19-8fdcd294dab0}.
[2020.11.10-03.07.58:563][552]LogTemp: Resetting audio stream to device id 
[2020.11.10-03.07.59:848][552]LogAudioMixer: Display: 0: FrontLeft
[2020.11.10-03.07.59:848][552]LogAudioMixer: Display: 1: FrontRight
[2020.11.10-03.07.59:911][553]LogTemp: Resetting audio stream to device id 
[2020.11.10-03.07.59:951][553]LogAudioMixer: Display: 0: FrontLeft
[2020.11.10-03.07.59:951][553]LogAudioMixer: Display: 1: FrontRight
[2020.11.10-03.10.46:957][574]LogMaterial: Display: Missing cached shader map for material LayerVisMaterial, compiling. 
[2020.11.10-03.10.47:088][574]LogShaderCompilers: Display: Worker (1/5): shaders left to compile 6
[2020.11.10-03.10.47:088][574]LogShaderCompilers: Display: Worker (2/5): shaders left to compile 4
[2020.11.10-03.10.47:088][574]LogShaderCompilers: Display: Worker (3/5): shaders left to compile 2
[2020.11.10-03.10.47:088][574]LogMaterial: Display: Missing cached shader map for material SelectBrushMaterial, compiling. 
[2020.11.10-03.10.47:126][574]LogMaterial: Display: Missing cached shader map for material SelectBrushMaterial, compiling. 
[2020.11.10-03.10.47:199][574]LogShaderCompilers: Display: Worker (4/5): shaders left to compile 36
[2020.11.10-03.10.47:199][574]LogMaterial: Display: Missing cached shader map for material MaskBrushMaterial, compiling. 
[2020.11.10-03.10.47:230][574]LogMaterial: Display: Missing cached shader map for material ColorMaskBrushMaterial, compiling. 
[2020.11.10-03.10.47:314][574]LogMaterial: Display: Missing cached shader map for material LandscapeDirtyMaterial, compiling. 
[2020.11.10-03.10.47:374][574]LogMaterial: Display: Missing cached shader map for material LandscapeLayerUsageMaterial, compiling. 
[2020.11.10-03.10.47:615][574]LogMaterial: Display: Missing cached shader map for material CircleBrushMaterial, compiling. 
[2020.11.10-03.10.47:632][574]LogMaterial: Display: Missing cached shader map for material CircleBrushMaterial, compiling. 
[2020.11.10-03.10.47:669][574]LogMaterial: Display: Missing cached shader map for material CircleBrushMaterial, compiling. 
[2020.11.10-03.10.47:686][574]LogMaterial: Display: Missing cached shader map for material CircleBrushMaterial, compiling. 
[2020.11.10-03.10.47:729][574]LogMaterial: Display: Missing cached shader map for material AlphaBrushMaterial, compiling. 
[2020.11.10-03.10.47:765][574]LogMaterial: Display: Missing cached shader map for material CircleBrushMaterial, compiling. 
[2020.11.10-03.10.47:810][574]LogMaterial: Display: Missing cached shader map for material MaskBrushMaterial, compiling. 
[2020.11.10-03.10.47:863][574]LogShaderCompilers: Display: Worker (3/5): shaders left to compile 194
[2020.11.10-03.10.47:863][574]LogTexture: Display: Building textures: Texture2D_2 (G8, 128X128)
[2020.11.10-03.10.48:023][574]LogSlate: Took 0.000252 seconds to synchronously load lazily loaded font '../../../Engine/Content/Slate/Fonts/Roboto-Italic.ttf' (157K)
[2020.11.10-03.10.48:119][576]LogShaderCompilers: Display: Worker (2/5): shaders left to compile 202
[2020.11.10-03.10.48:167][579]LogShaderCompilers: Display: Worker (1/5): shaders left to compile 192
[2020.11.10-03.10.51:632][690]LogShaderCompilers: Display: Worker (3/5): shaders left to compile 182
[2020.11.10-03.10.51:988][703]LogShaderCompilers: Display: Worker (4/5): shaders left to compile 172
[2020.11.10-03.10.52:010][703]LogShaderCompilers: Display: Worker (1/5): shaders left to compile 162
[2020.11.10-03.10.52:260][710]LogShaderCompilers: Display: Worker (2/5): shaders left to compile 152
[2020.11.10-03.10.55:466][829]LogShaderCompilers: Display: Worker (3/5): shaders left to compile 142
[2020.11.10-03.10.55:752][839]LogShaderCompilers: Display: Worker (4/5): shaders left to compile 132
[2020.11.10-03.10.55:924][846]LogShaderCompilers: Display: Worker (2/5): shaders left to compile 122
[2020.11.10-03.10.56:191][856]LogShaderCompilers: Display: Worker (1/5): shaders left to compile 112
[2020.11.10-03.10.59:076][963]LogShaderCompilers: Display: Worker (3/5): shaders left to compile 102
[2020.11.10-03.10.59:839][992]LogShaderCompilers: Display: Worker (2/5): shaders left to compile 92
[2020.11.10-03.10.59:880][993]LogShaderCompilers: Display: Worker (4/5): shaders left to compile 82
[2020.11.10-03.11.00:057][  0]LogShaderCompilers: Display: Worker (1/5): shaders left to compile 72
[2020.11.10-03.11.03:797][163]LogShaderCompilers: Display: Worker (3/5): shaders left to compile 62
[2020.11.10-03.11.04:263][189]LogShaderCompilers: Display: Worker (2/5): shaders left to compile 52
[2020.11.10-03.11.04:292][190]LogShaderCompilers: Display: Worker (4/5): shaders left to compile 42
[2020.11.10-03.11.05:341][246]LogShaderCompilers: Display: Worker (1/5): shaders left to compile 32
[2020.11.10-03.11.08:084][396]LogShaderCompilers: Display: Worker (3/5): shaders left to compile 23
[2020.11.10-03.11.08:644][427]LogShaderCompilers: Display: Worker (4/5): shaders left to compile 17
[2020.11.10-03.11.08:898][440]LogShaderCompilers: Display: Worker (2/5): shaders left to compile 12
[2020.11.10-03.11.09:497][474]LogShaderCompilers: Display: Worker (1/5): shaders left to compile 8
[2020.11.10-03.11.10:247][517]LogShaderCompilers: Display: Worker (4/5): shaders left to compile 5
[2020.11.10-03.11.10:557][535]LogShaderCompilers: Display: Worker (1/5): shaders left to compile 3
[2020.11.10-03.11.11:024][560]LogShaderCompilers: Display: Worker (3/5): shaders left to compile 2
[2020.11.10-03.11.11:024][560]LogShaderCompilers: Display: Worker (4/5): shaders left to compile 1
[2020.11.10-03.12.11:570][362]LogTexture: Display: Building textures: Texture2D_0 (BGRA8, 512X512)
[2020.11.10-03.12.11:572][362]LogMaterial: Display: Missing cached shader map for material M_Ground_Grass, compiling. 
[2020.11.10-03.12.11:640][362]LogShaderCompilers: Display: Worker (1/5): shaders left to compile 44
[2020.11.10-03.12.11:640][362]LogShaderCompilers: Display: Worker (2/5): shaders left to compile 34
[2020.11.10-03.12.11:640][362]LogShaderCompilers: Display: Worker (3/5): shaders left to compile 24
[2020.11.10-03.12.11:640][362]LogShaderCompilers: Display: Worker (4/5): shaders left to compile 14
[2020.11.10-03.12.11:774][362]LogSlate: WidgetSwitcher ('None') active index changed to 1
[2020.11.10-03.12.17:060][670]LogShaderCompilers: Display: Worker (4/5): shaders left to compile 4
[2020.11.10-03.12.17:457][694]LogShaderCompilers: Display: Worker (2/5): shaders left to compile 2
[2020.11.10-03.12.17:779][713]LogShaderCompilers: Display: Worker (2/5): shaders left to compile 1
[2020.11.10-03.12.24:179][ 95]Cmd: TRANSACTION UNDO
[2020.11.10-03.12.24:179][ 95]LogEditorTransaction: Undo Landscape Editing: Sculpt
[2020.11.10-03.12.30:645][375]Cmd: EDCALLBACK SURFPROPS
[2020.11.10-03.12.34:959][584]Cmd: EDIT COPY
[2020.11.10-03.12.36:148][649]Cmd: TRANSACTION UNDO
[2020.11.10-03.12.36:148][649]LogEditorTransaction: Undo Copy landscape data to Gizmo
[2020.11.10-03.12.36:157][649]LogTexture: Display: Building textures: Texture2D_0 (BGRA8, 512X512)
[2020.11.10-03.12.36:723][665]Cmd: TRANSACTION UNDO
[2020.11.10-03.12.36:723][665]LogEditorTransaction: Undo Landscape Editing: Sculpt
[2020.11.10-03.12.36:749][665]LogTexture: Display: Building textures: Texture2D_0 (BGRA8, 512X512)
[2020.11.10-03.12.37:370][683]Cmd: TRANSACTION UNDO
[2020.11.10-03.12.37:370][683]LogEditorTransaction: Undo Landscape Editing: Sculpt
[2020.11.10-03.12.37:390][683]LogTexture: Display: Building textures: Texture2D_0 (BGRA8, 512X512)
[2020.11.10-03.12.38:806][718]Cmd: TRANSACTION UNDO
[2020.11.10-03.12.38:806][718]LogEditorTransaction: Undo Select Surface
[2020.11.10-03.12.39:384][738]Cmd: TRANSACTION UNDO
[2020.11.10-03.12.39:384][738]LogEditorTransaction: Undo Landscape Editing: Sculpt
[2020.11.10-03.12.39:422][738]LogTexture: Display: Building textures: Texture2D_0 (BGRA8, 512X512)
[2020.11.10-03.13.01:278][696]Cmd: TRANSACTION UNDO
[2020.11.10-03.13.01:278][696]LogEditorTransaction: Undo Move Actors
[2020.11.10-03.13.02:136][719]Cmd: TRANSACTION UNDO
[2020.11.10-03.13.02:136][719]LogEditorTransaction: Undo Move Actors
[2020.11.10-03.13.02:583][735]Cmd: TRANSACTION UNDO
[2020.11.10-03.13.02:583][735]LogEditorTransaction: Undo Landscape Editing: Sculpt
[2020.11.10-03.13.02:631][735]LogTexture: Display: Building textures: Texture2D_0 (BGRA8, 512X512)
[2020.11.10-03.13.02:917][745]Cmd: TRANSACTION UNDO
[2020.11.10-03.13.02:917][745]LogEditorTransaction: Undo Landscape Editing: Sculpt
[2020.11.10-03.13.03:497][766]Cmd: TRANSACTION UNDO
[2020.11.10-03.13.03:497][766]LogEditorTransaction: Undo Creating New Landscape
[2020.11.10-03.13.03:565][766]LogSlate: WidgetSwitcher ('None') active index changed to 0
[2020.11.10-03.13.07:775][945]LogTexture: Display: Building textures: Texture2D_0 (BGRA8, 512X512)
[2020.11.10-03.13.07:863][945]LogSlate: WidgetSwitcher ('None') active index changed to 1
[2020.11.10-03.13.20:554][650]Cmd: TRANSACTION UNDO
[2020.11.10-03.13.20:554][650]LogEditorTransaction: Undo Landscape Editing: Sculpt
[2020.11.10-03.13.43:863][773]Cmd: TRANSACTION UNDO
[2020.11.10-03.13.43:863][773]LogEditorTransaction: Undo Landscape Editing: Smooth
[2020.11.10-03.13.43:871][773]LogTexture: Display: Building textures: Texture2D_0 (BGRA8, 512X512)
[2020.11.10-03.13.44:734][800]Cmd: TRANSACTION UNDO
[2020.11.10-03.13.44:734][800]LogEditorTransaction: Undo Landscape Editing: Smooth
[2020.11.10-03.13.44:769][800]LogTexture: Display: Building textures: Texture2D_0 (BGRA8, 512X512)
[2020.11.10-03.13.46:674][871]Cmd: TRANSACTION UNDO
[2020.11.10-03.13.46:674][871]LogEditorTransaction: Undo Landscape Editing: Smooth
[2020.11.10-03.13.46:722][871]LogTexture: Display: Building textures: Texture2D_0 (BGRA8, 512X512)
[2020.11.10-03.13.47:350][895]Cmd: TRANSACTION UNDO
[2020.11.10-03.13.47:350][895]LogEditorTransaction: Undo Landscape Editing: Smooth
[2020.11.10-03.13.48:498][937]Cmd: TRANSACTION UNDO
[2020.11.10-03.13.48:499][937]LogEditorTransaction: Undo Creating New Landscape
[2020.11.10-03.13.48:580][937]LogSlate: WidgetSwitcher ('None') active index changed to 0
[2020.11.10-03.14.00:159][499]LogTexture: Display: Building textures: Texture2D_0 (BGRA8, 512X512)
[2020.11.10-03.14.00:270][499]LogSlate: WidgetSwitcher ('None') active index changed to 1
[2020.11.10-03.14.14:476][302]Cmd: TRANSACTION UNDO
[2020.11.10-03.14.14:476][302]LogEditorTransaction: Undo Landscape Editing: Flatten
[2020.11.10-03.14.14:492][302]LogTexture: Display: Building textures: Texture2D_0 (BGRA8, 512X512)
[2020.11.10-03.14.14:913][312]Cmd: TRANSACTION UNDO
[2020.11.10-03.14.14:913][312]LogEditorTransaction: Undo Landscape Editing: Flatten
[2020.11.10-03.14.15:395][329]Cmd: TRANSACTION UNDO
[2020.11.10-03.14.15:395][329]LogEditorTransaction: Undo Creating New Landscape
[2020.11.10-03.14.15:477][329]LogSlate: WidgetSwitcher ('None') active index changed to 0
[2020.11.10-03.14.46:785][996]LogTexture: Display: Building textures: Texture2D_0 (BGRA8, 512X512)
[2020.11.10-03.14.46:890][996]LogSlate: WidgetSwitcher ('None') active index changed to 1
[2020.11.10-03.15.15:136][639]Cmd: EDCALLBACK SURFPROPS
[2020.11.10-03.16.10:513][651]LogEditorViewport: Clicking Background
[2020.11.10-03.16.53:060][106]Cmd: TRANSACTION UNDO
[2020.11.10-03.16.53:060][106]LogEditorTransaction: Undo Landscape Editing: Smooth
[2020.11.10-03.16.53:068][106]LogTexture: Display: Building textures: Texture2D_0 (BGRA8, 512X512)
[2020.11.10-03.16.53:502][114]Cmd: TRANSACTION UNDO
[2020.11.10-03.16.53:502][114]LogEditorTransaction: Undo Landscape Editing: Smooth
[2020.11.10-03.16.53:515][114]LogTexture: Display: Building textures: Texture2D_0 (BGRA8, 512X512)
[2020.11.10-03.16.53:934][124]Cmd: TRANSACTION UNDO
[2020.11.10-03.16.53:934][124]LogEditorTransaction: Undo Landscape Editing: Smooth
[2020.11.10-03.16.53:985][124]LogTexture: Display: Building textures: Texture2D_0 (BGRA8, 512X512)
[2020.11.10-03.17.51:872][ 23]LogSlate: Window 'Tutorials' being destroyed
[2020.11.10-03.17.54:512][139]LogSlate: Window 'Tutorials' being destroyed
[2020.11.10-03.17.55:576][188]LogSlate: Window 'Tutorials' being destroyed
[2020.11.10-03.18.59:738][248]LogTexture: Display: Building textures: Texture2D_0 (BGRA8, 512X512)
[2020.11.10-03.18.59:739][248]LogMaterial: Display: Missing cached shader map for material M_Ground_Gravel, compiling. 
[2020.11.10-03.18.59:813][248]LogShaderCompilers: Display: Worker (1/5): shaders left to compile 44
[2020.11.10-03.18.59:813][248]LogShaderCompilers: Display: Worker (2/5): shaders left to compile 34
[2020.11.10-03.18.59:813][248]LogShaderCompilers: Display: Worker (3/5): shaders left to compile 24
[2020.11.10-03.18.59:813][248]LogShaderCompilers: Display: Worker (4/5): shaders left to compile 14
[2020.11.10-03.18.59:856][248]LogSlate: WidgetSwitcher ('None') active index changed to 1
[2020.11.10-03.19.05:641][568]LogShaderCompilers: Display: Worker (4/5): shaders left to compile 4
[2020.11.10-03.19.05:858][581]LogShaderCompilers: Display: Worker (2/5): shaders left to compile 2
[2020.11.10-03.19.06:171][595]LogShaderCompilers: Display: Worker (2/5): shaders left to compile 1
[2020.11.10-03.19.06:908][637]Cmd: TRANSACTION UNDO
[2020.11.10-03.19.06:908][637]LogEditorTransaction: Undo Landscape Editing: Sculpt
[2020.11.10-03.19.07:316][644]Cmd: TRANSACTION UNDO
[2020.11.10-03.19.07:316][644]LogEditorTransaction: Undo Creating New Landscape
[2020.11.10-03.19.19:933][221]LogSlate: WidgetSwitcher ('None') active index changed to 0
[2020.11.10-03.19.35:897][890]LogTexture: Display: Building textures: Texture2D_0 (BGRA8, 512X512)
[2020.11.10-03.19.35:983][890]LogSlate: WidgetSwitcher ('None') active index changed to 1
[2020.11.10-03.19.41:828][233]Cmd: TRANSACTION UNDO
[2020.11.10-03.19.41:828][233]LogEditorTransaction: Undo Landscape Editing: Sculpt
[2020.11.10-03.20.43:889][654]LogEditorViewport: Clicking on Actor (double click): Landscape (Landscape5)
[2020.11.10-03.22.52:006][ 19]LogEditorViewport: Clicking on Actor (context menu): StaticMeshActor (StaticMeshActor)
[2020.11.10-03.22.52:250][ 20]LogD3D11RHI: Error: Result failed 
 at D:/Build/++UE4+Licensee/Sync/Engine/Source/Runtime/Windows/D3D11RHI/Private/D3D11Query.cpp:348 
 with error DXGI_ERROR_DEVICE_REMOVED DXGI_ERROR_DRIVER_INTERNAL_ERROR
[2020.11.10-03.22.52:256][ 20]LogRHI: Error: [Aftermath] Status: PageFault
[2020.11.10-03.22.52:256][ 20]LogRHI: Error: [Aftermath] GPU Stack Dump
[2020.11.10-03.22.52:256][ 20]LogRHI: Error: [Aftermath] GPU Stack Dump
[2020.11.10-03.22.52:283][ 20]LogD3D11RHI: [Aftermath] GDynamicRHI=000002636CFFC0C0, GDX11NVAfterMathEnabled=1, Result=0x00000001, bDeviceActive=0
[2020.11.10-03.22.52:283][ 20]LogWindows: Windows GetLastError: The operation completed successfully. (0)
[2020.11.10-03.22.55:628][ 20]LogWindows: FPlatformMisc::RequestExit(0)
[2020.11.10-03.22.55:628][ 20]LogCore: Engine exit requested (reason: Win RequestExit)
[2020.11.10-03.22.55:628][ 20]LogWindows: FPlatformMisc::RequestExit(1)
[2020.11.10-03.22.55:628][ 20]LogCore: Engine exit requested (reason: Win RequestExit; note: exit was already requested)
[2020.11.10-03.22.55:722][ 20]Log file closed, 11/09/20 22:22:55
